2012-03-31 09:13:40,053 [MOBILE][Thread:8][ERROR] DotNetNuke.UI.Skins.Skin - Unhandled error loading page.
DotNetNuke.Services.Exceptions.PageLoadException: Unhandled error loading page. ---> System.Web.HttpParseException: The server block is not well formed. ---> System.Web.HttpException: The server block is not well formed.
   at System.Web.UI.TemplateParser.ProcessError(String message)
   at System.Web.UI.TemplateParser.DetectSpecialServerTagError(String text, Int32 textPos)
   at System.Web.UI.TemplateParser.ParseStringInternal(String text, Encoding fileEncoding)
   at System.Web.UI.TemplateParser.ParseString(String text, VirtualPath virtualPath, Encoding fileEncoding)
   --- End of inner exception stack trace ---
   at System.Web.UI.TemplateParser.ParseString(String text, VirtualPath virtualPath, Encoding fileEncoding)
   at System.Web.UI.TemplateParser.ParseFile(String physicalPath, VirtualPath virtualPath)
   at System.Web.UI.TemplateParser.ParseInternal()
   at System.Web.UI.TemplateParser.Parse()
   at System.Web.Compilation.BaseTemplateBuildProvider.get_CodeCompilerType()
   at System.Web.Compilation.BuildProvider.GetCompilerTypeFromBuildProvider(BuildProvider buildProvider)
   at System.Web.Compilation.BuildProvidersCompiler.ProcessBuildProviders()
   at System.Web.Compilation.BuildProvidersCompiler.PerformBuild()
   at System.Web.Compilation.BuildManager.CompileWebFile(VirtualPath virtualPath)
   at System.Web.Compilation.BuildManager.GetVPathBuildResultInternal(VirtualPath virtualPath, Boolean noBuild, Boolean allowCrossApp, Boolean allowBuildInPrecompile, Boolean throwIfNotFound, Boolean ensureIsUpToDate)
   at System.Web.Compilation.BuildManager.GetVPathBuildResultWithNoAssert(HttpContext context, VirtualPath virtualPath, Boolean noBuild, Boolean allowCrossApp, Boolean allowBuildInPrecompile, Boolean throwIfNotFound, Boolean ensureIsUpToDate)
   at System.Web.Compilation.BuildManager.GetVPathBuildResult(HttpContext context, VirtualPath virtualPath, Boolean noBuild, Boolean allowCrossApp, Boolean allowBuildInPrecompile, Boolean ensureIsUpToDate)
   at System.Web.UI.TemplateControl.LoadControl(VirtualPath virtualPath)
   at DotNetNuke.UI.ControlUtilities.LoadControl[T](TemplateControl containerControl, String ControlSrc)
   at DotNetNuke.UI.Skins.Skin.LoadSkin(PageBase page, String skinPath)
   --- End of inner exception stack trace ---
2012-03-31 09:16:59,990 [MOBILE][Thread:12][ERROR] DotNetNuke.UI.Skins.Skin - Unhandled error loading page.
DotNetNuke.Services.Exceptions.PageLoadException: Unhandled error loading page. ---> System.Web.HttpParseException: The server block is not well formed. ---> System.Web.HttpException: The server block is not well formed.
   at System.Web.UI.TemplateParser.ProcessError(String message)
   at System.Web.UI.TemplateParser.DetectSpecialServerTagError(String text, Int32 textPos)
   at System.Web.UI.TemplateParser.ParseStringInternal(String text, Encoding fileEncoding)
   at System.Web.UI.TemplateParser.ParseString(String text, VirtualPath virtualPath, Encoding fileEncoding)
   --- End of inner exception stack trace ---
   at System.Web.UI.TemplateParser.ParseString(String text, VirtualPath virtualPath, Encoding fileEncoding)
   at System.Web.UI.TemplateParser.ParseFile(String physicalPath, VirtualPath virtualPath)
   at System.Web.UI.TemplateParser.ParseInternal()
   at System.Web.UI.TemplateParser.Parse()
   at System.Web.Compilation.BaseTemplateBuildProvider.get_CodeCompilerType()
   at System.Web.Compilation.BuildProvider.GetCompilerTypeFromBuildProvider(BuildProvider buildProvider)
   at System.Web.Compilation.BuildProvidersCompiler.ProcessBuildProviders()
   at System.Web.Compilation.BuildProvidersCompiler.PerformBuild()
   at System.Web.Compilation.BuildManager.CompileWebFile(VirtualPath virtualPath)
   at System.Web.Compilation.BuildManager.GetVPathBuildResultInternal(VirtualPath virtualPath, Boolean noBuild, Boolean allowCrossApp, Boolean allowBuildInPrecompile, Boolean throwIfNotFound, Boolean ensureIsUpToDate)
   at System.Web.Compilation.BuildManager.GetVPathBuildResultWithNoAssert(HttpContext context, VirtualPath virtualPath, Boolean noBuild, Boolean allowCrossApp, Boolean allowBuildInPrecompile, Boolean throwIfNotFound, Boolean ensureIsUpToDate)
   at System.Web.Compilation.BuildManager.GetVPathBuildResult(HttpContext context, VirtualPath virtualPath, Boolean noBuild, Boolean allowCrossApp, Boolean allowBuildInPrecompile, Boolean ensureIsUpToDate)
   at System.Web.UI.TemplateControl.LoadControl(VirtualPath virtualPath)
   at DotNetNuke.UI.ControlUtilities.LoadControl[T](TemplateControl containerControl, String ControlSrc)
   at DotNetNuke.UI.Skins.Skin.LoadSkin(PageBase page, String skinPath)
   --- End of inner exception stack trace ---
2012-03-31 09:17:01,705 [MOBILE][Thread:19][ERROR] DotNetNuke.UI.Skins.Skin - Unhandled error loading page.
DotNetNuke.Services.Exceptions.PageLoadException: Unhandled error loading page. ---> System.Web.HttpParseException: The server block is not well formed. ---> System.Web.HttpException: The server block is not well formed.
   at System.Web.UI.TemplateParser.ProcessError(String message)
   at System.Web.UI.TemplateParser.DetectSpecialServerTagError(String text, Int32 textPos)
   at System.Web.UI.TemplateParser.ParseStringInternal(String text, Encoding fileEncoding)
   at System.Web.UI.TemplateParser.ParseString(String text, VirtualPath virtualPath, Encoding fileEncoding)
   --- End of inner exception stack trace ---
   at System.Web.UI.TemplateParser.ParseString(String text, VirtualPath virtualPath, Encoding fileEncoding)
   at System.Web.UI.TemplateParser.ParseFile(String physicalPath, VirtualPath virtualPath)
   at System.Web.UI.TemplateParser.ParseInternal()
   at System.Web.UI.TemplateParser.Parse()
   at System.Web.Compilation.BaseTemplateBuildProvider.get_CodeCompilerType()
   at System.Web.Compilation.BuildProvider.GetCompilerTypeFromBuildProvider(BuildProvider buildProvider)
   at System.Web.Compilation.BuildProvidersCompiler.ProcessBuildProviders()
   at System.Web.Compilation.BuildProvidersCompiler.PerformBuild()
   at System.Web.Compilation.BuildManager.CompileWebFile(VirtualPath virtualPath)
   at System.Web.Compilation.BuildManager.GetVPathBuildResultInternal(VirtualPath virtualPath, Boolean noBuild, Boolean allowCrossApp, Boolean allowBuildInPrecompile, Boolean throwIfNotFound, Boolean ensureIsUpToDate)
   at System.Web.Compilation.BuildManager.GetVPathBuildResultWithNoAssert(HttpContext context, VirtualPath virtualPath, Boolean noBuild, Boolean allowCrossApp, Boolean allowBuildInPrecompile, Boolean throwIfNotFound, Boolean ensureIsUpToDate)
   at System.Web.Compilation.BuildManager.GetVPathBuildResult(HttpContext context, VirtualPath virtualPath, Boolean noBuild, Boolean allowCrossApp, Boolean allowBuildInPrecompile, Boolean ensureIsUpToDate)
   at System.Web.UI.TemplateControl.LoadControl(VirtualPath virtualPath)
   at DotNetNuke.UI.ControlUtilities.LoadControl[T](TemplateControl containerControl, String ControlSrc)
   at DotNetNuke.UI.Skins.Skin.LoadSkin(PageBase page, String skinPath)
   --- End of inner exception stack trace ---
2012-03-31 10:04:20,396 [MOBILE][Thread:5][ERROR] DotNetNuke.UI.Skins.Skin - Unhandled error loading page.
DotNetNuke.Services.Exceptions.PageLoadException: Unhandled error loading page. ---> System.Web.HttpParseException: The server block is not well formed. ---> System.Web.HttpException: The server block is not well formed.
   at System.Web.UI.TemplateParser.ProcessError(String message)
   at System.Web.UI.TemplateParser.DetectSpecialServerTagError(String text, Int32 textPos)
   at System.Web.UI.TemplateParser.ParseStringInternal(String text, Encoding fileEncoding)
   at System.Web.UI.TemplateParser.ParseString(String text, VirtualPath virtualPath, Encoding fileEncoding)
   --- End of inner exception stack trace ---
   at System.Web.UI.TemplateParser.ParseString(String text, VirtualPath virtualPath, Encoding fileEncoding)
   at System.Web.UI.TemplateParser.ParseFile(String physicalPath, VirtualPath virtualPath)
   at System.Web.UI.TemplateParser.ParseInternal()
   at System.Web.UI.TemplateParser.Parse()
   at System.Web.Compilation.BaseTemplateBuildProvider.get_CodeCompilerType()
   at System.Web.Compilation.BuildProvider.GetCompilerTypeFromBuildProvider(BuildProvider buildProvider)
   at System.Web.Compilation.BuildProvidersCompiler.ProcessBuildProviders()
   at System.Web.Compilation.BuildProvidersCompiler.PerformBuild()
   at System.Web.Compilation.BuildManager.CompileWebFile(VirtualPath virtualPath)
   at System.Web.Compilation.BuildManager.GetVPathBuildResultInternal(VirtualPath virtualPath, Boolean noBuild, Boolean allowCrossApp, Boolean allowBuildInPrecompile, Boolean throwIfNotFound, Boolean ensureIsUpToDate)
   at System.Web.Compilation.BuildManager.GetVPathBuildResultWithNoAssert(HttpContext context, VirtualPath virtualPath, Boolean noBuild, Boolean allowCrossApp, Boolean allowBuildInPrecompile, Boolean throwIfNotFound, Boolean ensureIsUpToDate)
   at System.Web.Compilation.BuildManager.GetVPathBuildResult(HttpContext context, VirtualPath virtualPath, Boolean noBuild, Boolean allowCrossApp, Boolean allowBuildInPrecompile, Boolean ensureIsUpToDate)
   at System.Web.UI.TemplateControl.LoadControl(VirtualPath virtualPath)
   at DotNetNuke.UI.ControlUtilities.LoadControl[T](TemplateControl containerControl, String ControlSrc)
   at DotNetNuke.UI.Skins.Skin.LoadSkin(PageBase page, String skinPath)
   --- End of inner exception stack trace ---
2012-03-31 10:04:25,888 [MOBILE][Thread:8][ERROR] DotNetNuke.UI.Skins.Skin - Unhandled error loading page.
DotNetNuke.Services.Exceptions.PageLoadException: Unhandled error loading page. ---> System.Web.HttpParseException: The server block is not well formed. ---> System.Web.HttpException: The server block is not well formed.
   at System.Web.UI.TemplateParser.ProcessError(String message)
   at System.Web.UI.TemplateParser.DetectSpecialServerTagError(String text, Int32 textPos)
   at System.Web.UI.TemplateParser.ParseStringInternal(String text, Encoding fileEncoding)
   at System.Web.UI.TemplateParser.ParseString(String text, VirtualPath virtualPath, Encoding fileEncoding)
   --- End of inner exception stack trace ---
   at System.Web.UI.TemplateParser.ParseString(String text, VirtualPath virtualPath, Encoding fileEncoding)
   at System.Web.UI.TemplateParser.ParseFile(String physicalPath, VirtualPath virtualPath)
   at System.Web.UI.TemplateParser.ParseInternal()
   at System.Web.UI.TemplateParser.Parse()
   at System.Web.Compilation.BaseTemplateBuildProvider.get_CodeCompilerType()
   at System.Web.Compilation.BuildProvider.GetCompilerTypeFromBuildProvider(BuildProvider buildProvider)
   at System.Web.Compilation.BuildProvidersCompiler.ProcessBuildProviders()
   at System.Web.Compilation.BuildProvidersCompiler.PerformBuild()
   at System.Web.Compilation.BuildManager.CompileWebFile(VirtualPath virtualPath)
   at System.Web.Compilation.BuildManager.GetVPathBuildResultInternal(VirtualPath virtualPath, Boolean noBuild, Boolean allowCrossApp, Boolean allowBuildInPrecompile, Boolean throwIfNotFound, Boolean ensureIsUpToDate)
   at System.Web.Compilation.BuildManager.GetVPathBuildResultWithNoAssert(HttpContext context, VirtualPath virtualPath, Boolean noBuild, Boolean allowCrossApp, Boolean allowBuildInPrecompile, Boolean throwIfNotFound, Boolean ensureIsUpToDate)
   at System.Web.Compilation.BuildManager.GetVPathBuildResult(HttpContext context, VirtualPath virtualPath, Boolean noBuild, Boolean allowCrossApp, Boolean allowBuildInPrecompile, Boolean ensureIsUpToDate)
   at System.Web.UI.TemplateControl.LoadControl(VirtualPath virtualPath)
   at DotNetNuke.UI.ControlUtilities.LoadControl[T](TemplateControl containerControl, String ControlSrc)
   at DotNetNuke.UI.Skins.Skin.LoadSkin(PageBase page, String skinPath)
   --- End of inner exception stack trace ---
2012-03-31 10:04:27,864 [MOBILE][Thread:5][ERROR] DotNetNuke.UI.Skins.Skin - Unhandled error loading page.
DotNetNuke.Services.Exceptions.PageLoadException: Unhandled error loading page. ---> System.Web.HttpParseException: The server block is not well formed. ---> System.Web.HttpException: The server block is not well formed.
   at System.Web.UI.TemplateParser.ProcessError(String message)
   at System.Web.UI.TemplateParser.DetectSpecialServerTagError(String text, Int32 textPos)
   at System.Web.UI.TemplateParser.ParseStringInternal(String text, Encoding fileEncoding)
   at System.Web.UI.TemplateParser.ParseString(String text, VirtualPath virtualPath, Encoding fileEncoding)
   --- End of inner exception stack trace ---
   at System.Web.UI.TemplateParser.ParseString(String text, VirtualPath virtualPath, Encoding fileEncoding)
   at System.Web.UI.TemplateParser.ParseFile(String physicalPath, VirtualPath virtualPath)
   at System.Web.UI.TemplateParser.ParseInternal()
   at System.Web.UI.TemplateParser.Parse()
   at System.Web.Compilation.BaseTemplateBuildProvider.get_CodeCompilerType()
   at System.Web.Compilation.BuildProvider.GetCompilerTypeFromBuildProvider(BuildProvider buildProvider)
   at System.Web.Compilation.BuildProvidersCompiler.ProcessBuildProviders()
   at System.Web.Compilation.BuildProvidersCompiler.PerformBuild()
   at System.Web.Compilation.BuildManager.CompileWebFile(VirtualPath virtualPath)
   at System.Web.Compilation.BuildManager.GetVPathBuildResultInternal(VirtualPath virtualPath, Boolean noBuild, Boolean allowCrossApp, Boolean allowBuildInPrecompile, Boolean throwIfNotFound, Boolean ensureIsUpToDate)
   at System.Web.Compilation.BuildManager.GetVPathBuildResultWithNoAssert(HttpContext context, VirtualPath virtualPath, Boolean noBuild, Boolean allowCrossApp, Boolean allowBuildInPrecompile, Boolean throwIfNotFound, Boolean ensureIsUpToDate)
   at System.Web.Compilation.BuildManager.GetVPathBuildResult(HttpContext context, VirtualPath virtualPath, Boolean noBuild, Boolean allowCrossApp, Boolean allowBuildInPrecompile, Boolean ensureIsUpToDate)
   at System.Web.UI.TemplateControl.LoadControl(VirtualPath virtualPath)
   at DotNetNuke.UI.ControlUtilities.LoadControl[T](TemplateControl containerControl, String ControlSrc)
   at DotNetNuke.UI.Skins.Skin.LoadSkin(PageBase page, String skinPath)
   --- End of inner exception stack trace ---
2012-03-31 10:05:11,286 [MOBILE][Thread:7][ERROR] DotNetNuke.UI.Skins.Skin - Unhandled error loading page.
DotNetNuke.Services.Exceptions.PageLoadException: Unhandled error loading page. ---> System.Web.HttpParseException: The server block is not well formed. ---> System.Web.HttpException: The server block is not well formed.
   at System.Web.UI.TemplateParser.ProcessError(String message)
   at System.Web.UI.TemplateParser.DetectSpecialServerTagError(String text, Int32 textPos)
   at System.Web.UI.TemplateParser.ParseStringInternal(String text, Encoding fileEncoding)
   at System.Web.UI.TemplateParser.ParseString(String text, VirtualPath virtualPath, Encoding fileEncoding)
   --- End of inner exception stack trace ---
   at System.Web.UI.TemplateParser.ParseString(String text, VirtualPath virtualPath, Encoding fileEncoding)
   at System.Web.UI.TemplateParser.ParseFile(String physicalPath, VirtualPath virtualPath)
   at System.Web.UI.TemplateParser.ParseInternal()
   at System.Web.UI.TemplateParser.Parse()
   at System.Web.Compilation.BaseTemplateBuildProvider.get_CodeCompilerType()
   at System.Web.Compilation.BuildProvider.GetCompilerTypeFromBuildProvider(BuildProvider buildProvider)
   at System.Web.Compilation.BuildProvidersCompiler.ProcessBuildProviders()
   at System.Web.Compilation.BuildProvidersCompiler.PerformBuild()
   at System.Web.Compilation.BuildManager.CompileWebFile(VirtualPath virtualPath)
   at System.Web.Compilation.BuildManager.GetVPathBuildResultInternal(VirtualPath virtualPath, Boolean noBuild, Boolean allowCrossApp, Boolean allowBuildInPrecompile, Boolean throwIfNotFound, Boolean ensureIsUpToDate)
   at System.Web.Compilation.BuildManager.GetVPathBuildResultWithNoAssert(HttpContext context, VirtualPath virtualPath, Boolean noBuild, Boolean allowCrossApp, Boolean allowBuildInPrecompile, Boolean throwIfNotFound, Boolean ensureIsUpToDate)
   at System.Web.Compilation.BuildManager.GetVPathBuildResult(HttpContext context, VirtualPath virtualPath, Boolean noBuild, Boolean allowCrossApp, Boolean allowBuildInPrecompile, Boolean ensureIsUpToDate)
   at System.Web.UI.TemplateControl.LoadControl(VirtualPath virtualPath)
   at DotNetNuke.UI.ControlUtilities.LoadControl[T](TemplateControl containerControl, String ControlSrc)
   at DotNetNuke.UI.Skins.Skin.LoadSkin(PageBase page, String skinPath)
   --- End of inner exception stack trace ---
2012-03-31 10:05:22,449 [MOBILE][Thread:9][ERROR] DotNetNuke.UI.Skins.Skin - Unhandled error loading page.
DotNetNuke.Services.Exceptions.PageLoadException: Unhandled error loading page. ---> System.Web.HttpParseException: The server block is not well formed. ---> System.Web.HttpException: The server block is not well formed.
   at System.Web.UI.TemplateParser.ProcessError(String message)
   at System.Web.UI.TemplateParser.DetectSpecialServerTagError(String text, Int32 textPos)
   at System.Web.UI.TemplateParser.ParseStringInternal(String text, Encoding fileEncoding)
   at System.Web.UI.TemplateParser.ParseString(String text, VirtualPath virtualPath, Encoding fileEncoding)
   --- End of inner exception stack trace ---
   at System.Web.UI.TemplateParser.ParseString(String text, VirtualPath virtualPath, Encoding fileEncoding)
   at System.Web.UI.TemplateParser.ParseFile(String physicalPath, VirtualPath virtualPath)
   at System.Web.UI.TemplateParser.ParseInternal()
   at System.Web.UI.TemplateParser.Parse()
   at System.Web.Compilation.BaseTemplateBuildProvider.get_CodeCompilerType()
   at System.Web.Compilation.BuildProvider.GetCompilerTypeFromBuildProvider(BuildProvider buildProvider)
   at System.Web.Compilation.BuildProvidersCompiler.ProcessBuildProviders()
   at System.Web.Compilation.BuildProvidersCompiler.PerformBuild()
   at System.Web.Compilation.BuildManager.CompileWebFile(VirtualPath virtualPath)
   at System.Web.Compilation.BuildManager.GetVPathBuildResultInternal(VirtualPath virtualPath, Boolean noBuild, Boolean allowCrossApp, Boolean allowBuildInPrecompile, Boolean throwIfNotFound, Boolean ensureIsUpToDate)
   at System.Web.Compilation.BuildManager.GetVPathBuildResultWithNoAssert(HttpContext context, VirtualPath virtualPath, Boolean noBuild, Boolean allowCrossApp, Boolean allowBuildInPrecompile, Boolean throwIfNotFound, Boolean ensureIsUpToDate)
   at System.Web.Compilation.BuildManager.GetVPathBuildResult(HttpContext context, VirtualPath virtualPath, Boolean noBuild, Boolean allowCrossApp, Boolean allowBuildInPrecompile, Boolean ensureIsUpToDate)
   at System.Web.UI.TemplateControl.LoadControl(VirtualPath virtualPath)
   at DotNetNuke.UI.ControlUtilities.LoadControl[T](TemplateControl containerControl, String ControlSrc)
   at DotNetNuke.UI.Skins.Skin.LoadSkin(PageBase page, String skinPath)
   --- End of inner exception stack trace ---
2012-03-31 16:30:33,988 [MOBILE][Thread:7][ERROR] DotNetNuke.UI.Skins.Skin - Unhandled error loading page.
DotNetNuke.Services.Exceptions.PageLoadException: Unhandled error loading page. ---> System.Web.HttpParseException: The server block is not well formed. ---> System.Web.HttpException: The server block is not well formed.
   at System.Web.UI.TemplateParser.ProcessError(String message)
   at System.Web.UI.TemplateParser.DetectSpecialServerTagError(String text, Int32 textPos)
   at System.Web.UI.TemplateParser.ParseStringInternal(String text, Encoding fileEncoding)
   at System.Web.UI.TemplateParser.ParseString(String text, VirtualPath virtualPath, Encoding fileEncoding)
   --- End of inner exception stack trace ---
   at System.Web.UI.TemplateParser.ParseString(String text, VirtualPath virtualPath, Encoding fileEncoding)
   at System.Web.UI.TemplateParser.ParseFile(String physicalPath, VirtualPath virtualPath)
   at System.Web.UI.TemplateParser.ParseInternal()
   at System.Web.UI.TemplateParser.Parse()
   at System.Web.Compilation.BaseTemplateBuildProvider.get_CodeCompilerType()
   at System.Web.Compilation.BuildProvider.GetCompilerTypeFromBuildProvider(BuildProvider buildProvider)
   at System.Web.Compilation.BuildProvidersCompiler.ProcessBuildProviders()
   at System.Web.Compilation.BuildProvidersCompiler.PerformBuild()
   at System.Web.Compilation.BuildManager.CompileWebFile(VirtualPath virtualPath)
   at System.Web.Compilation.BuildManager.GetVPathBuildResultInternal(VirtualPath virtualPath, Boolean noBuild, Boolean allowCrossApp, Boolean allowBuildInPrecompile, Boolean throwIfNotFound, Boolean ensureIsUpToDate)
   at System.Web.Compilation.BuildManager.GetVPathBuildResultWithNoAssert(HttpContext context, VirtualPath virtualPath, Boolean noBuild, Boolean allowCrossApp, Boolean allowBuildInPrecompile, Boolean throwIfNotFound, Boolean ensureIsUpToDate)
   at System.Web.Compilation.BuildManager.GetVPathBuildResult(HttpContext context, VirtualPath virtualPath, Boolean noBuild, Boolean allowCrossApp, Boolean allowBuildInPrecompile, Boolean ensureIsUpToDate)
   at System.Web.UI.TemplateControl.LoadControl(VirtualPath virtualPath)
   at DotNetNuke.UI.ControlUtilities.LoadControl[T](TemplateControl containerControl, String ControlSrc)
   at DotNetNuke.UI.Skins.Skin.LoadSkin(PageBase page, String skinPath)
   --- End of inner exception stack trace ---
2012-03-31 16:30:53,190 [MOBILE][Thread:5][ERROR] DotNetNuke.UI.Skins.Skin - Unhandled error loading page.
DotNetNuke.Services.Exceptions.PageLoadException: Unhandled error loading page. ---> System.Web.HttpParseException: The server block is not well formed. ---> System.Web.HttpException: The server block is not well formed.
   at System.Web.UI.TemplateParser.ProcessError(String message)
   at System.Web.UI.TemplateParser.DetectSpecialServerTagError(String text, Int32 textPos)
   at System.Web.UI.TemplateParser.ParseStringInternal(String text, Encoding fileEncoding)
   at System.Web.UI.TemplateParser.ParseString(String text, VirtualPath virtualPath, Encoding fileEncoding)
   --- End of inner exception stack trace ---
   at System.Web.UI.TemplateParser.ParseString(String text, VirtualPath virtualPath, Encoding fileEncoding)
   at System.Web.UI.TemplateParser.ParseFile(String physicalPath, VirtualPath virtualPath)
   at System.Web.UI.TemplateParser.ParseInternal()
   at System.Web.UI.TemplateParser.Parse()
   at System.Web.Compilation.BaseTemplateBuildProvider.get_CodeCompilerType()
   at System.Web.Compilation.BuildProvider.GetCompilerTypeFromBuildProvider(BuildProvider buildProvider)
   at System.Web.Compilation.BuildProvidersCompiler.ProcessBuildProviders()
   at System.Web.Compilation.BuildProvidersCompiler.PerformBuild()
   at System.Web.Compilation.BuildManager.CompileWebFile(VirtualPath virtualPath)
   at System.Web.Compilation.BuildManager.GetVPathBuildResultInternal(VirtualPath virtualPath, Boolean noBuild, Boolean allowCrossApp, Boolean allowBuildInPrecompile, Boolean throwIfNotFound, Boolean ensureIsUpToDate)
   at System.Web.Compilation.BuildManager.GetVPathBuildResultWithNoAssert(HttpContext context, VirtualPath virtualPath, Boolean noBuild, Boolean allowCrossApp, Boolean allowBuildInPrecompile, Boolean throwIfNotFound, Boolean ensureIsUpToDate)
   at System.Web.Compilation.BuildManager.GetVPathBuildResult(HttpContext context, VirtualPath virtualPath, Boolean noBuild, Boolean allowCrossApp, Boolean allowBuildInPrecompile, Boolean ensureIsUpToDate)
   at System.Web.UI.TemplateControl.LoadControl(VirtualPath virtualPath)
   at DotNetNuke.UI.ControlUtilities.LoadControl[T](TemplateControl containerControl, String ControlSrc)
   at DotNetNuke.UI.Skins.Skin.LoadSkin(PageBase page, String skinPath)
   --- End of inner exception stack trace ---
2012-03-31 16:30:56,746 [MOBILE][Thread:7][ERROR] DotNetNuke.UI.Skins.Skin - Unhandled error loading page.
DotNetNuke.Services.Exceptions.PageLoadException: Unhandled error loading page. ---> System.Web.HttpParseException: The server block is not well formed. ---> System.Web.HttpException: The server block is not well formed.
   at System.Web.UI.TemplateParser.ProcessError(String message)
   at System.Web.UI.TemplateParser.DetectSpecialServerTagError(String text, Int32 textPos)
   at System.Web.UI.TemplateParser.ParseStringInternal(String text, Encoding fileEncoding)
   at System.Web.UI.TemplateParser.ParseString(String text, VirtualPath virtualPath, Encoding fileEncoding)
   --- End of inner exception stack trace ---
   at System.Web.UI.TemplateParser.ParseString(String text, VirtualPath virtualPath, Encoding fileEncoding)
   at System.Web.UI.TemplateParser.ParseFile(String physicalPath, VirtualPath virtualPath)
   at System.Web.UI.TemplateParser.ParseInternal()
   at System.Web.UI.TemplateParser.Parse()
   at System.Web.Compilation.BaseTemplateBuildProvider.get_CodeCompilerType()
   at System.Web.Compilation.BuildProvider.GetCompilerTypeFromBuildProvider(BuildProvider buildProvider)
   at System.Web.Compilation.BuildProvidersCompiler.ProcessBuildProviders()
   at System.Web.Compilation.BuildProvidersCompiler.PerformBuild()
   at System.Web.Compilation.BuildManager.CompileWebFile(VirtualPath virtualPath)
   at System.Web.Compilation.BuildManager.GetVPathBuildResultInternal(VirtualPath virtualPath, Boolean noBuild, Boolean allowCrossApp, Boolean allowBuildInPrecompile, Boolean throwIfNotFound, Boolean ensureIsUpToDate)
   at System.Web.Compilation.BuildManager.GetVPathBuildResultWithNoAssert(HttpContext context, VirtualPath virtualPath, Boolean noBuild, Boolean allowCrossApp, Boolean allowBuildInPrecompile, Boolean throwIfNotFound, Boolean ensureIsUpToDate)
   at System.Web.Compilation.BuildManager.GetVPathBuildResult(HttpContext context, VirtualPath virtualPath, Boolean noBuild, Boolean allowCrossApp, Boolean allowBuildInPrecompile, Boolean ensureIsUpToDate)
   at System.Web.UI.TemplateControl.LoadControl(VirtualPath virtualPath)
   at DotNetNuke.UI.ControlUtilities.LoadControl[T](TemplateControl containerControl, String ControlSrc)
   at DotNetNuke.UI.Skins.Skin.LoadSkin(PageBase page, String skinPath)
   --- End of inner exception stack trace ---
2012-03-31 16:35:07,545 [MOBILE][Thread:5][ERROR] DotNetNuke.UI.Skins.Skin - Unhandled error loading page.
DotNetNuke.Services.Exceptions.PageLoadException: Unhandled error loading page. ---> System.Web.HttpParseException: The server block is not well formed. ---> System.Web.HttpException: The server block is not well formed.
   at System.Web.UI.TemplateParser.ProcessError(String message)
   at System.Web.UI.TemplateParser.DetectSpecialServerTagError(String text, Int32 textPos)
   at System.Web.UI.TemplateParser.ParseStringInternal(String text, Encoding fileEncoding)
   at System.Web.UI.TemplateParser.ParseString(String text, VirtualPath virtualPath, Encoding fileEncoding)
   --- End of inner exception stack trace ---
   at System.Web.UI.TemplateParser.ParseString(String text, VirtualPath virtualPath, Encoding fileEncoding)
   at System.Web.UI.TemplateParser.ParseFile(String physicalPath, VirtualPath virtualPath)
   at System.Web.UI.TemplateParser.ParseInternal()
   at System.Web.UI.TemplateParser.Parse()
   at System.Web.Compilation.BaseTemplateBuildProvider.get_CodeCompilerType()
   at System.Web.Compilation.BuildProvider.GetCompilerTypeFromBuildProvider(BuildProvider buildProvider)
   at System.Web.Compilation.BuildProvidersCompiler.ProcessBuildProviders()
   at System.Web.Compilation.BuildProvidersCompiler.PerformBuild()
   at System.Web.Compilation.BuildManager.CompileWebFile(VirtualPath virtualPath)
   at System.Web.Compilation.BuildManager.GetVPathBuildResultInternal(VirtualPath virtualPath, Boolean noBuild, Boolean allowCrossApp, Boolean allowBuildInPrecompile, Boolean throwIfNotFound, Boolean ensureIsUpToDate)
   at System.Web.Compilation.BuildManager.GetVPathBuildResultWithNoAssert(HttpContext context, VirtualPath virtualPath, Boolean noBuild, Boolean allowCrossApp, Boolean allowBuildInPrecompile, Boolean throwIfNotFound, Boolean ensureIsUpToDate)
   at System.Web.Compilation.BuildManager.GetVPathBuildResult(HttpContext context, VirtualPath virtualPath, Boolean noBuild, Boolean allowCrossApp, Boolean allowBuildInPrecompile, Boolean ensureIsUpToDate)
   at System.Web.UI.TemplateControl.LoadControl(VirtualPath virtualPath)
   at DotNetNuke.UI.ControlUtilities.LoadControl[T](TemplateControl containerControl, String ControlSrc)
   at DotNetNuke.UI.Skins.Skin.LoadSkin(PageBase page, String skinPath)
   --- End of inner exception stack trace ---
2012-03-31 16:36:12,196 [MOBILE][Thread:5][ERROR] DotNetNuke.UI.Skins.Skin - Unhandled error loading page.
DotNetNuke.Services.Exceptions.PageLoadException: Unhandled error loading page. ---> System.Web.HttpParseException: The server block is not well formed. ---> System.Web.HttpException: The server block is not well formed.
   at System.Web.UI.TemplateParser.ProcessError(String message)
   at System.Web.UI.TemplateParser.DetectSpecialServerTagError(String text, Int32 textPos)
   at System.Web.UI.TemplateParser.ParseStringInternal(String text, Encoding fileEncoding)
   at System.Web.UI.TemplateParser.ParseString(String text, VirtualPath virtualPath, Encoding fileEncoding)
   --- End of inner exception stack trace ---
   at System.Web.UI.TemplateParser.ParseString(String text, VirtualPath virtualPath, Encoding fileEncoding)
   at System.Web.UI.TemplateParser.ParseFile(String physicalPath, VirtualPath virtualPath)
   at System.Web.UI.TemplateParser.ParseInternal()
   at System.Web.UI.TemplateParser.Parse()
   at System.Web.Compilation.BaseTemplateBuildProvider.get_CodeCompilerType()
   at System.Web.Compilation.BuildProvider.GetCompilerTypeFromBuildProvider(BuildProvider buildProvider)
   at System.Web.Compilation.BuildProvidersCompiler.ProcessBuildProviders()
   at System.Web.Compilation.BuildProvidersCompiler.PerformBuild()
   at System.Web.Compilation.BuildManager.CompileWebFile(VirtualPath virtualPath)
   at System.Web.Compilation.BuildManager.GetVPathBuildResultInternal(VirtualPath virtualPath, Boolean noBuild, Boolean allowCrossApp, Boolean allowBuildInPrecompile, Boolean throwIfNotFound, Boolean ensureIsUpToDate)
   at System.Web.Compilation.BuildManager.GetVPathBuildResultWithNoAssert(HttpContext context, VirtualPath virtualPath, Boolean noBuild, Boolean allowCrossApp, Boolean allowBuildInPrecompile, Boolean throwIfNotFound, Boolean ensureIsUpToDate)
   at System.Web.Compilation.BuildManager.GetVPathBuildResult(HttpContext context, VirtualPath virtualPath, Boolean noBuild, Boolean allowCrossApp, Boolean allowBuildInPrecompile, Boolean ensureIsUpToDate)
   at System.Web.UI.TemplateControl.LoadControl(VirtualPath virtualPath)
   at DotNetNuke.UI.ControlUtilities.LoadControl[T](TemplateControl containerControl, String ControlSrc)
   at DotNetNuke.UI.Skins.Skin.LoadSkin(PageBase page, String skinPath)
   --- End of inner exception stack trace ---
2012-03-31 16:37:52,126 [MOBILE][Thread:5][ERROR] DotNetNuke.UI.Skins.Skin - Unhandled error loading page.
DotNetNuke.Services.Exceptions.PageLoadException: Unhandled error loading page. ---> System.Web.HttpParseException: The server block is not well formed. ---> System.Web.HttpException: The server block is not well formed.
   at System.Web.UI.TemplateParser.ProcessError(String message)
   at System.Web.UI.TemplateParser.DetectSpecialServerTagError(String text, Int32 textPos)
   at System.Web.UI.TemplateParser.ParseStringInternal(String text, Encoding fileEncoding)
   at System.Web.UI.TemplateParser.ParseString(String text, VirtualPath virtualPath, Encoding fileEncoding)
   --- End of inner exception stack trace ---
   at System.Web.UI.TemplateParser.ParseString(String text, VirtualPath virtualPath, Encoding fileEncoding)
   at System.Web.UI.TemplateParser.ParseFile(String physicalPath, VirtualPath virtualPath)
   at System.Web.UI.TemplateParser.ParseInternal()
   at System.Web.UI.TemplateParser.Parse()
   at System.Web.Compilation.BaseTemplateBuildProvider.get_CodeCompilerType()
   at System.Web.Compilation.BuildProvider.GetCompilerTypeFromBuildProvider(BuildProvider buildProvider)
   at System.Web.Compilation.BuildProvidersCompiler.ProcessBuildProviders()
   at System.Web.Compilation.BuildProvidersCompiler.PerformBuild()
   at System.Web.Compilation.BuildManager.CompileWebFile(VirtualPath virtualPath)
   at System.Web.Compilation.BuildManager.GetVPathBuildResultInternal(VirtualPath virtualPath, Boolean noBuild, Boolean allowCrossApp, Boolean allowBuildInPrecompile, Boolean throwIfNotFound, Boolean ensureIsUpToDate)
   at System.Web.Compilation.BuildManager.GetVPathBuildResultWithNoAssert(HttpContext context, VirtualPath virtualPath, Boolean noBuild, Boolean allowCrossApp, Boolean allowBuildInPrecompile, Boolean throwIfNotFound, Boolean ensureIsUpToDate)
   at System.Web.Compilation.BuildManager.GetVPathBuildResult(HttpContext context, VirtualPath virtualPath, Boolean noBuild, Boolean allowCrossApp, Boolean allowBuildInPrecompile, Boolean ensureIsUpToDate)
   at System.Web.UI.TemplateControl.LoadControl(VirtualPath virtualPath)
   at DotNetNuke.UI.ControlUtilities.LoadControl[T](TemplateControl containerControl, String ControlSrc)
   at DotNetNuke.UI.Skins.Skin.LoadSkin(PageBase page, String skinPath)
   --- End of inner exception stack trace ---
2012-03-31 16:38:39,797 [MOBILE][Thread:5][ERROR] DotNetNuke.UI.Skins.Skin - Unhandled error loading page.
DotNetNuke.Services.Exceptions.PageLoadException: Unhandled error loading page. ---> System.Web.HttpParseException: The server block is not well formed. ---> System.Web.HttpException: The server block is not well formed.
   at System.Web.UI.TemplateParser.ProcessError(String message)
   at System.Web.UI.TemplateParser.DetectSpecialServerTagError(String text, Int32 textPos)
   at System.Web.UI.TemplateParser.ParseStringInternal(String text, Encoding fileEncoding)
   at System.Web.UI.TemplateParser.ParseString(String text, VirtualPath virtualPath, Encoding fileEncoding)
   --- End of inner exception stack trace ---
   at System.Web.UI.TemplateParser.ParseString(String text, VirtualPath virtualPath, Encoding fileEncoding)
   at System.Web.UI.TemplateParser.ParseFile(String physicalPath, VirtualPath virtualPath)
   at System.Web.UI.TemplateParser.ParseInternal()
   at System.Web.UI.TemplateParser.Parse()
   at System.Web.Compilation.BaseTemplateBuildProvider.get_CodeCompilerType()
   at System.Web.Compilation.BuildProvider.GetCompilerTypeFromBuildProvider(BuildProvider buildProvider)
   at System.Web.Compilation.BuildProvidersCompiler.ProcessBuildProviders()
   at System.Web.Compilation.BuildProvidersCompiler.PerformBuild()
   at System.Web.Compilation.BuildManager.CompileWebFile(VirtualPath virtualPath)
   at System.Web.Compilation.BuildManager.GetVPathBuildResultInternal(VirtualPath virtualPath, Boolean noBuild, Boolean allowCrossApp, Boolean allowBuildInPrecompile, Boolean throwIfNotFound, Boolean ensureIsUpToDate)
   at System.Web.Compilation.BuildManager.GetVPathBuildResultWithNoAssert(HttpContext context, VirtualPath virtualPath, Boolean noBuild, Boolean allowCrossApp, Boolean allowBuildInPrecompile, Boolean throwIfNotFound, Boolean ensureIsUpToDate)
   at System.Web.Compilation.BuildManager.GetVPathBuildResult(HttpContext context, VirtualPath virtualPath, Boolean noBuild, Boolean allowCrossApp, Boolean allowBuildInPrecompile, Boolean ensureIsUpToDate)
   at System.Web.UI.TemplateControl.LoadControl(VirtualPath virtualPath)
   at DotNetNuke.UI.ControlUtilities.LoadControl[T](TemplateControl containerControl, String ControlSrc)
   at DotNetNuke.UI.Skins.Skin.LoadSkin(PageBase page, String skinPath)
   --- End of inner exception stack trace ---
2012-03-31 16:56:36,977 [MOBILE][Thread:29][ERROR] DotNetNuke.UI.Skins.Skin - Unhandled error loading page.
DotNetNuke.Services.Exceptions.PageLoadException: Unhandled error loading page. ---> System.Web.HttpParseException: The server block is not well formed. ---> System.Web.HttpException: The server block is not well formed.
   at System.Web.UI.TemplateParser.ProcessError(String message)
   at System.Web.UI.TemplateParser.DetectSpecialServerTagError(String text, Int32 textPos)
   at System.Web.UI.TemplateParser.ParseStringInternal(String text, Encoding fileEncoding)
   at System.Web.UI.TemplateParser.ParseString(String text, VirtualPath virtualPath, Encoding fileEncoding)
   --- End of inner exception stack trace ---
   at System.Web.UI.TemplateParser.ParseString(String text, VirtualPath virtualPath, Encoding fileEncoding)
   at System.Web.UI.TemplateParser.ParseFile(String physicalPath, VirtualPath virtualPath)
   at System.Web.UI.TemplateParser.ParseInternal()
   at System.Web.UI.TemplateParser.Parse()
   at System.Web.Compilation.BaseTemplateBuildProvider.get_CodeCompilerType()
   at System.Web.Compilation.BuildProvider.GetCompilerTypeFromBuildProvider(BuildProvider buildProvider)
   at System.Web.Compilation.BuildProvidersCompiler.ProcessBuildProviders()
   at System.Web.Compilation.BuildProvidersCompiler.PerformBuild()
   at System.Web.Compilation.BuildManager.CompileWebFile(VirtualPath virtualPath)
   at System.Web.Compilation.BuildManager.GetVPathBuildResultInternal(VirtualPath virtualPath, Boolean noBuild, Boolean allowCrossApp, Boolean allowBuildInPrecompile, Boolean throwIfNotFound, Boolean ensureIsUpToDate)
   at System.Web.Compilation.BuildManager.GetVPathBuildResultWithNoAssert(HttpContext context, VirtualPath virtualPath, Boolean noBuild, Boolean allowCrossApp, Boolean allowBuildInPrecompile, Boolean throwIfNotFound, Boolean ensureIsUpToDate)
   at System.Web.Compilation.BuildManager.GetVPathBuildResult(HttpContext context, VirtualPath virtualPath, Boolean noBuild, Boolean allowCrossApp, Boolean allowBuildInPrecompile, Boolean ensureIsUpToDate)
   at System.Web.UI.TemplateControl.LoadControl(VirtualPath virtualPath)
   at DotNetNuke.UI.ControlUtilities.LoadControl[T](TemplateControl containerControl, String ControlSrc)
   at DotNetNuke.UI.Skins.Skin.LoadSkin(PageBase page, String skinPath)
   --- End of inner exception stack trace ---
2012-03-31 16:57:14,302 [MOBILE][Thread:26][ERROR] DotNetNuke.UI.Skins.Skin - Unhandled error loading page.
DotNetNuke.Services.Exceptions.PageLoadException: Unhandled error loading page. ---> System.Web.HttpParseException: The server block is not well formed. ---> System.Web.HttpException: The server block is not well formed.
   at System.Web.UI.TemplateParser.ProcessError(String message)
   at System.Web.UI.TemplateParser.DetectSpecialServerTagError(String text, Int32 textPos)
   at System.Web.UI.TemplateParser.ParseStringInternal(String text, Encoding fileEncoding)
   at System.Web.UI.TemplateParser.ParseString(String text, VirtualPath virtualPath, Encoding fileEncoding)
   --- End of inner exception stack trace ---
   at System.Web.UI.TemplateParser.ParseString(String text, VirtualPath virtualPath, Encoding fileEncoding)
   at System.Web.UI.TemplateParser.ParseFile(String physicalPath, VirtualPath virtualPath)
   at System.Web.UI.TemplateParser.ParseInternal()
   at System.Web.UI.TemplateParser.Parse()
   at System.Web.Compilation.BaseTemplateBuildProvider.get_CodeCompilerType()
   at System.Web.Compilation.BuildProvider.GetCompilerTypeFromBuildProvider(BuildProvider buildProvider)
   at System.Web.Compilation.BuildProvidersCompiler.ProcessBuildProviders()
   at System.Web.Compilation.BuildProvidersCompiler.PerformBuild()
   at System.Web.Compilation.BuildManager.CompileWebFile(VirtualPath virtualPath)
   at System.Web.Compilation.BuildManager.GetVPathBuildResultInternal(VirtualPath virtualPath, Boolean noBuild, Boolean allowCrossApp, Boolean allowBuildInPrecompile, Boolean throwIfNotFound, Boolean ensureIsUpToDate)
   at System.Web.Compilation.BuildManager.GetVPathBuildResultWithNoAssert(HttpContext context, VirtualPath virtualPath, Boolean noBuild, Boolean allowCrossApp, Boolean allowBuildInPrecompile, Boolean throwIfNotFound, Boolean ensureIsUpToDate)
   at System.Web.Compilation.BuildManager.GetVPathBuildResult(HttpContext context, VirtualPath virtualPath, Boolean noBuild, Boolean allowCrossApp, Boolean allowBuildInPrecompile, Boolean ensureIsUpToDate)
   at System.Web.UI.TemplateControl.LoadControl(VirtualPath virtualPath)
   at DotNetNuke.UI.ControlUtilities.LoadControl[T](TemplateControl containerControl, String ControlSrc)
   at DotNetNuke.UI.Skins.Skin.LoadSkin(PageBase page, String skinPath)
   --- End of inner exception stack trace ---
2012-03-31 16:59:28,193 [MOBILE][Thread:7][ERROR] DotNetNuke.UI.Skins.Skin - Unhandled error loading page.
DotNetNuke.Services.Exceptions.PageLoadException: Unhandled error loading page. ---> System.Web.HttpParseException: The server block is not well formed. ---> System.Web.HttpException: The server block is not well formed.
   at System.Web.UI.TemplateParser.ProcessError(String message)
   at System.Web.UI.TemplateParser.DetectSpecialServerTagError(String text, Int32 textPos)
   at System.Web.UI.TemplateParser.ParseStringInternal(String text, Encoding fileEncoding)
   at System.Web.UI.TemplateParser.ParseString(String text, VirtualPath virtualPath, Encoding fileEncoding)
   --- End of inner exception stack trace ---
   at System.Web.UI.TemplateParser.ParseString(String text, VirtualPath virtualPath, Encoding fileEncoding)
   at System.Web.UI.TemplateParser.ParseFile(String physicalPath, VirtualPath virtualPath)
   at System.Web.UI.TemplateParser.ParseInternal()
   at System.Web.UI.TemplateParser.Parse()
   at System.Web.Compilation.BaseTemplateBuildProvider.get_CodeCompilerType()
   at System.Web.Compilation.BuildProvider.GetCompilerTypeFromBuildProvider(BuildProvider buildProvider)
   at System.Web.Compilation.BuildProvidersCompiler.ProcessBuildProviders()
   at System.Web.Compilation.BuildProvidersCompiler.PerformBuild()
   at System.Web.Compilation.BuildManager.CompileWebFile(VirtualPath virtualPath)
   at System.Web.Compilation.BuildManager.GetVPathBuildResultInternal(VirtualPath virtualPath, Boolean noBuild, Boolean allowCrossApp, Boolean allowBuildInPrecompile, Boolean throwIfNotFound, Boolean ensureIsUpToDate)
   at System.Web.Compilation.BuildManager.GetVPathBuildResultWithNoAssert(HttpContext context, VirtualPath virtualPath, Boolean noBuild, Boolean allowCrossApp, Boolean allowBuildInPrecompile, Boolean throwIfNotFound, Boolean ensureIsUpToDate)
   at System.Web.Compilation.BuildManager.GetVPathBuildResult(HttpContext context, VirtualPath virtualPath, Boolean noBuild, Boolean allowCrossApp, Boolean allowBuildInPrecompile, Boolean ensureIsUpToDate)
   at System.Web.UI.TemplateControl.LoadControl(VirtualPath virtualPath)
   at DotNetNuke.UI.ControlUtilities.LoadControl[T](TemplateControl containerControl, String ControlSrc)
   at DotNetNuke.UI.Skins.Skin.LoadSkin(PageBase page, String skinPath)
   --- End of inner exception stack trace ---
2012-03-31 16:59:35,765 [MOBILE][Thread:27][ERROR] DotNetNuke.UI.Skins.Skin - Unhandled error loading page.
DotNetNuke.Services.Exceptions.PageLoadException: Unhandled error loading page. ---> System.Web.HttpParseException: The server block is not well formed. ---> System.Web.HttpException: The server block is not well formed.
   at System.Web.UI.TemplateParser.ProcessError(String message)
   at System.Web.UI.TemplateParser.DetectSpecialServerTagError(String text, Int32 textPos)
   at System.Web.UI.TemplateParser.ParseStringInternal(String text, Encoding fileEncoding)
   at System.Web.UI.TemplateParser.ParseString(String text, VirtualPath virtualPath, Encoding fileEncoding)
   --- End of inner exception stack trace ---
   at System.Web.UI.TemplateParser.ParseString(String text, VirtualPath virtualPath, Encoding fileEncoding)
   at System.Web.UI.TemplateParser.ParseFile(String physicalPath, VirtualPath virtualPath)
   at System.Web.UI.TemplateParser.ParseInternal()
   at System.Web.UI.TemplateParser.Parse()
   at System.Web.Compilation.BaseTemplateBuildProvider.get_CodeCompilerType()
   at System.Web.Compilation.BuildProvider.GetCompilerTypeFromBuildProvider(BuildProvider buildProvider)
   at System.Web.Compilation.BuildProvidersCompiler.ProcessBuildProviders()
   at System.Web.Compilation.BuildProvidersCompiler.PerformBuild()
   at System.Web.Compilation.BuildManager.CompileWebFile(VirtualPath virtualPath)
   at System.Web.Compilation.BuildManager.GetVPathBuildResultInternal(VirtualPath virtualPath, Boolean noBuild, Boolean allowCrossApp, Boolean allowBuildInPrecompile, Boolean throwIfNotFound, Boolean ensureIsUpToDate)
   at System.Web.Compilation.BuildManager.GetVPathBuildResultWithNoAssert(HttpContext context, VirtualPath virtualPath, Boolean noBuild, Boolean allowCrossApp, Boolean allowBuildInPrecompile, Boolean throwIfNotFound, Boolean ensureIsUpToDate)
   at System.Web.Compilation.BuildManager.GetVPathBuildResult(HttpContext context, VirtualPath virtualPath, Boolean noBuild, Boolean allowCrossApp, Boolean allowBuildInPrecompile, Boolean ensureIsUpToDate)
   at System.Web.UI.TemplateControl.LoadControl(VirtualPath virtualPath)
   at DotNetNuke.UI.ControlUtilities.LoadControl[T](TemplateControl containerControl, String ControlSrc)
   at DotNetNuke.UI.Skins.Skin.LoadSkin(PageBase page, String skinPath)
   --- End of inner exception stack trace ---
2012-03-31 16:59:40,032 [MOBILE][Thread:18][ERROR] DotNetNuke.UI.Skins.Skin - Unhandled error loading page.
DotNetNuke.Services.Exceptions.PageLoadException: Unhandled error loading page. ---> System.Web.HttpParseException: The server block is not well formed. ---> System.Web.HttpException: The server block is not well formed.
   at System.Web.UI.TemplateParser.ProcessError(String message)
   at System.Web.UI.TemplateParser.DetectSpecialServerTagError(String text, Int32 textPos)
   at System.Web.UI.TemplateParser.ParseStringInternal(String text, Encoding fileEncoding)
   at System.Web.UI.TemplateParser.ParseString(String text, VirtualPath virtualPath, Encoding fileEncoding)
   --- End of inner exception stack trace ---
   at System.Web.UI.TemplateParser.ParseString(String text, VirtualPath virtualPath, Encoding fileEncoding)
   at System.Web.UI.TemplateParser.ParseFile(String physicalPath, VirtualPath virtualPath)
   at System.Web.UI.TemplateParser.ParseInternal()
   at System.Web.UI.TemplateParser.Parse()
   at System.Web.Compilation.BaseTemplateBuildProvider.get_CodeCompilerType()
   at System.Web.Compilation.BuildProvider.GetCompilerTypeFromBuildProvider(BuildProvider buildProvider)
   at System.Web.Compilation.BuildProvidersCompiler.ProcessBuildProviders()
   at System.Web.Compilation.BuildProvidersCompiler.PerformBuild()
   at System.Web.Compilation.BuildManager.CompileWebFile(VirtualPath virtualPath)
   at System.Web.Compilation.BuildManager.GetVPathBuildResultInternal(VirtualPath virtualPath, Boolean noBuild, Boolean allowCrossApp, Boolean allowBuildInPrecompile, Boolean throwIfNotFound, Boolean ensureIsUpToDate)
   at System.Web.Compilation.BuildManager.GetVPathBuildResultWithNoAssert(HttpContext context, VirtualPath virtualPath, Boolean noBuild, Boolean allowCrossApp, Boolean allowBuildInPrecompile, Boolean throwIfNotFound, Boolean ensureIsUpToDate)
   at System.Web.Compilation.BuildManager.GetVPathBuildResult(HttpContext context, VirtualPath virtualPath, Boolean noBuild, Boolean allowCrossApp, Boolean allowBuildInPrecompile, Boolean ensureIsUpToDate)
   at System.Web.UI.TemplateControl.LoadControl(VirtualPath virtualPath)
   at DotNetNuke.UI.ControlUtilities.LoadControl[T](TemplateControl containerControl, String ControlSrc)
   at DotNetNuke.UI.Skins.Skin.LoadSkin(PageBase page, String skinPath)
   --- End of inner exception stack trace ---
2012-03-31 17:00:02,025 [MOBILE][Thread:16][ERROR] DotNetNuke.UI.Skins.Skin - Unhandled error loading page.
DotNetNuke.Services.Exceptions.PageLoadException: Unhandled error loading page. ---> System.Web.HttpParseException: The server block is not well formed. ---> System.Web.HttpException: The server block is not well formed.
   at System.Web.UI.TemplateParser.ProcessError(String message)
   at System.Web.UI.TemplateParser.DetectSpecialServerTagError(String text, Int32 textPos)
   at System.Web.UI.TemplateParser.ParseStringInternal(String text, Encoding fileEncoding)
   at System.Web.UI.TemplateParser.ParseString(String text, VirtualPath virtualPath, Encoding fileEncoding)
   --- End of inner exception stack trace ---
   at System.Web.UI.TemplateParser.ParseString(String text, VirtualPath virtualPath, Encoding fileEncoding)
   at System.Web.UI.TemplateParser.ParseFile(String physicalPath, VirtualPath virtualPath)
   at System.Web.UI.TemplateParser.ParseInternal()
   at System.Web.UI.TemplateParser.Parse()
   at System.Web.Compilation.BaseTemplateBuildProvider.get_CodeCompilerType()
   at System.Web.Compilation.BuildProvider.GetCompilerTypeFromBuildProvider(BuildProvider buildProvider)
   at System.Web.Compilation.BuildProvidersCompiler.ProcessBuildProviders()
   at System.Web.Compilation.BuildProvidersCompiler.PerformBuild()
   at System.Web.Compilation.BuildManager.CompileWebFile(VirtualPath virtualPath)
   at System.Web.Compilation.BuildManager.GetVPathBuildResultInternal(VirtualPath virtualPath, Boolean noBuild, Boolean allowCrossApp, Boolean allowBuildInPrecompile, Boolean throwIfNotFound, Boolean ensureIsUpToDate)
   at System.Web.Compilation.BuildManager.GetVPathBuildResultWithNoAssert(HttpContext context, VirtualPath virtualPath, Boolean noBuild, Boolean allowCrossApp, Boolean allowBuildInPrecompile, Boolean throwIfNotFound, Boolean ensureIsUpToDate)
   at System.Web.Compilation.BuildManager.GetVPathBuildResult(HttpContext context, VirtualPath virtualPath, Boolean noBuild, Boolean allowCrossApp, Boolean allowBuildInPrecompile, Boolean ensureIsUpToDate)
   at System.Web.UI.TemplateControl.LoadControl(VirtualPath virtualPath)
   at DotNetNuke.UI.ControlUtilities.LoadControl[T](TemplateControl containerControl, String ControlSrc)
   at DotNetNuke.UI.Skins.Skin.LoadSkin(PageBase page, String skinPath)
   --- End of inner exception stack trace ---
2012-03-31 17:00:52,185 [MOBILE][Thread:27][ERROR] DotNetNuke.UI.Skins.Skin - Unhandled error loading page.
DotNetNuke.Services.Exceptions.PageLoadException: Unhandled error loading page. ---> System.Web.HttpParseException: The server block is not well formed. ---> System.Web.HttpException: The server block is not well formed.
   at System.Web.UI.TemplateParser.ProcessError(String message)
   at System.Web.UI.TemplateParser.DetectSpecialServerTagError(String text, Int32 textPos)
   at System.Web.UI.TemplateParser.ParseStringInternal(String text, Encoding fileEncoding)
   at System.Web.UI.TemplateParser.ParseString(String text, VirtualPath virtualPath, Encoding fileEncoding)
   --- End of inner exception stack trace ---
   at System.Web.UI.TemplateParser.ParseString(String text, VirtualPath virtualPath, Encoding fileEncoding)
   at System.Web.UI.TemplateParser.ParseFile(String physicalPath, VirtualPath virtualPath)
   at System.Web.UI.TemplateParser.ParseInternal()
   at System.Web.UI.TemplateParser.Parse()
   at System.Web.Compilation.BaseTemplateBuildProvider.get_CodeCompilerType()
   at System.Web.Compilation.BuildProvider.GetCompilerTypeFromBuildProvider(BuildProvider buildProvider)
   at System.Web.Compilation.BuildProvidersCompiler.ProcessBuildProviders()
   at System.Web.Compilation.BuildProvidersCompiler.PerformBuild()
   at System.Web.Compilation.BuildManager.CompileWebFile(VirtualPath virtualPath)
   at System.Web.Compilation.BuildManager.GetVPathBuildResultInternal(VirtualPath virtualPath, Boolean noBuild, Boolean allowCrossApp, Boolean allowBuildInPrecompile, Boolean throwIfNotFound, Boolean ensureIsUpToDate)
   at System.Web.Compilation.BuildManager.GetVPathBuildResultWithNoAssert(HttpContext context, VirtualPath virtualPath, Boolean noBuild, Boolean allowCrossApp, Boolean allowBuildInPrecompile, Boolean throwIfNotFound, Boolean ensureIsUpToDate)
   at System.Web.Compilation.BuildManager.GetVPathBuildResult(HttpContext context, VirtualPath virtualPath, Boolean noBuild, Boolean allowCrossApp, Boolean allowBuildInPrecompile, Boolean ensureIsUpToDate)
   at System.Web.UI.TemplateControl.LoadControl(VirtualPath virtualPath)
   at DotNetNuke.UI.ControlUtilities.LoadControl[T](TemplateControl containerControl, String ControlSrc)
   at DotNetNuke.UI.Skins.Skin.LoadSkin(PageBase page, String skinPath)
   --- End of inner exception stack trace ---
2012-03-31 17:00:55,411 [MOBILE][Thread:16][ERROR] DotNetNuke.UI.Skins.Skin - Unhandled error loading page.
DotNetNuke.Services.Exceptions.PageLoadException: Unhandled error loading page. ---> System.Web.HttpParseException: The server block is not well formed. ---> System.Web.HttpException: The server block is not well formed.
   at System.Web.UI.TemplateParser.ProcessError(String message)
   at System.Web.UI.TemplateParser.DetectSpecialServerTagError(String text, Int32 textPos)
   at System.Web.UI.TemplateParser.ParseStringInternal(String text, Encoding fileEncoding)
   at System.Web.UI.TemplateParser.ParseString(String text, VirtualPath virtualPath, Encoding fileEncoding)
   --- End of inner exception stack trace ---
   at System.Web.UI.TemplateParser.ParseString(String text, VirtualPath virtualPath, Encoding fileEncoding)
   at System.Web.UI.TemplateParser.ParseFile(String physicalPath, VirtualPath virtualPath)
   at System.Web.UI.TemplateParser.ParseInternal()
   at System.Web.UI.TemplateParser.Parse()
   at System.Web.Compilation.BaseTemplateBuildProvider.get_CodeCompilerType()
   at System.Web.Compilation.BuildProvider.GetCompilerTypeFromBuildProvider(BuildProvider buildProvider)
   at System.Web.Compilation.BuildProvidersCompiler.ProcessBuildProviders()
   at System.Web.Compilation.BuildProvidersCompiler.PerformBuild()
   at System.Web.Compilation.BuildManager.CompileWebFile(VirtualPath virtualPath)
   at System.Web.Compilation.BuildManager.GetVPathBuildResultInternal(VirtualPath virtualPath, Boolean noBuild, Boolean allowCrossApp, Boolean allowBuildInPrecompile, Boolean throwIfNotFound, Boolean ensureIsUpToDate)
   at System.Web.Compilation.BuildManager.GetVPathBuildResultWithNoAssert(HttpContext context, VirtualPath virtualPath, Boolean noBuild, Boolean allowCrossApp, Boolean allowBuildInPrecompile, Boolean throwIfNotFound, Boolean ensureIsUpToDate)
   at System.Web.Compilation.BuildManager.GetVPathBuildResult(HttpContext context, VirtualPath virtualPath, Boolean noBuild, Boolean allowCrossApp, Boolean allowBuildInPrecompile, Boolean ensureIsUpToDate)
   at System.Web.UI.TemplateControl.LoadControl(VirtualPath virtualPath)
   at DotNetNuke.UI.ControlUtilities.LoadControl[T](TemplateControl containerControl, String ControlSrc)
   at DotNetNuke.UI.Skins.Skin.LoadSkin(PageBase page, String skinPath)
   --- End of inner exception stack trace ---
2012-03-31 17:01:39,237 [MOBILE][Thread:27][ERROR] DotNetNuke.UI.Skins.Skin - Unhandled error loading page.
DotNetNuke.Services.Exceptions.PageLoadException: Unhandled error loading page. ---> System.Web.HttpParseException: The server block is not well formed. ---> System.Web.HttpException: The server block is not well formed.
   at System.Web.UI.TemplateParser.ProcessError(String message)
   at System.Web.UI.TemplateParser.DetectSpecialServerTagError(String text, Int32 textPos)
   at System.Web.UI.TemplateParser.ParseStringInternal(String text, Encoding fileEncoding)
   at System.Web.UI.TemplateParser.ParseString(String text, VirtualPath virtualPath, Encoding fileEncoding)
   --- End of inner exception stack trace ---
   at System.Web.UI.TemplateParser.ParseString(String text, VirtualPath virtualPath, Encoding fileEncoding)
   at System.Web.UI.TemplateParser.ParseFile(String physicalPath, VirtualPath virtualPath)
   at System.Web.UI.TemplateParser.ParseInternal()
   at System.Web.UI.TemplateParser.Parse()
   at System.Web.Compilation.BaseTemplateBuildProvider.get_CodeCompilerType()
   at System.Web.Compilation.BuildProvider.GetCompilerTypeFromBuildProvider(BuildProvider buildProvider)
   at System.Web.Compilation.BuildProvidersCompiler.ProcessBuildProviders()
   at System.Web.Compilation.BuildProvidersCompiler.PerformBuild()
   at System.Web.Compilation.BuildManager.CompileWebFile(VirtualPath virtualPath)
   at System.Web.Compilation.BuildManager.GetVPathBuildResultInternal(VirtualPath virtualPath, Boolean noBuild, Boolean allowCrossApp, Boolean allowBuildInPrecompile, Boolean throwIfNotFound, Boolean ensureIsUpToDate)
   at System.Web.Compilation.BuildManager.GetVPathBuildResultWithNoAssert(HttpContext context, VirtualPath virtualPath, Boolean noBuild, Boolean allowCrossApp, Boolean allowBuildInPrecompile, Boolean throwIfNotFound, Boolean ensureIsUpToDate)
   at System.Web.Compilation.BuildManager.GetVPathBuildResult(HttpContext context, VirtualPath virtualPath, Boolean noBuild, Boolean allowCrossApp, Boolean allowBuildInPrecompile, Boolean ensureIsUpToDate)
   at System.Web.UI.TemplateControl.LoadControl(VirtualPath virtualPath)
   at DotNetNuke.UI.ControlUtilities.LoadControl[T](TemplateControl containerControl, String ControlSrc)
   at DotNetNuke.UI.Skins.Skin.LoadSkin(PageBase page, String skinPath)
   --- End of inner exception stack trace ---
2012-03-31 17:01:42,442 [MOBILE][Thread:23][ERROR] DotNetNuke.UI.Skins.Skin - Unhandled error loading page.
DotNetNuke.Services.Exceptions.PageLoadException: Unhandled error loading page. ---> System.Web.HttpParseException: The server block is not well formed. ---> System.Web.HttpException: The server block is not well formed.
   at System.Web.UI.TemplateParser.ProcessError(String message)
   at System.Web.UI.TemplateParser.DetectSpecialServerTagError(String text, Int32 textPos)
   at System.Web.UI.TemplateParser.ParseStringInternal(String text, Encoding fileEncoding)
   at System.Web.UI.TemplateParser.ParseString(String text, VirtualPath virtualPath, Encoding fileEncoding)
   --- End of inner exception stack trace ---
   at System.Web.UI.TemplateParser.ParseString(String text, VirtualPath virtualPath, Encoding fileEncoding)
   at System.Web.UI.TemplateParser.ParseFile(String physicalPath, VirtualPath virtualPath)
   at System.Web.UI.TemplateParser.ParseInternal()
   at System.Web.UI.TemplateParser.Parse()
   at System.Web.Compilation.BaseTemplateBuildProvider.get_CodeCompilerType()
   at System.Web.Compilation.BuildProvider.GetCompilerTypeFromBuildProvider(BuildProvider buildProvider)
   at System.Web.Compilation.BuildProvidersCompiler.ProcessBuildProviders()
   at System.Web.Compilation.BuildProvidersCompiler.PerformBuild()
   at System.Web.Compilation.BuildManager.CompileWebFile(VirtualPath virtualPath)
   at System.Web.Compilation.BuildManager.GetVPathBuildResultInternal(VirtualPath virtualPath, Boolean noBuild, Boolean allowCrossApp, Boolean allowBuildInPrecompile, Boolean throwIfNotFound, Boolean ensureIsUpToDate)
   at System.Web.Compilation.BuildManager.GetVPathBuildResultWithNoAssert(HttpContext context, VirtualPath virtualPath, Boolean noBuild, Boolean allowCrossApp, Boolean allowBuildInPrecompile, Boolean throwIfNotFound, Boolean ensureIsUpToDate)
   at System.Web.Compilation.BuildManager.GetVPathBuildResult(HttpContext context, VirtualPath virtualPath, Boolean noBuild, Boolean allowCrossApp, Boolean allowBuildInPrecompile, Boolean ensureIsUpToDate)
   at System.Web.UI.TemplateControl.LoadControl(VirtualPath virtualPath)
   at DotNetNuke.UI.ControlUtilities.LoadControl[T](TemplateControl containerControl, String ControlSrc)
   at DotNetNuke.UI.Skins.Skin.LoadSkin(PageBase page, String skinPath)
   --- End of inner exception stack trace ---
2012-03-31 17:01:57,800 [MOBILE][Thread:28][ERROR] DotNetNuke.UI.Skins.Skin - Unhandled error loading page.
DotNetNuke.Services.Exceptions.PageLoadException: Unhandled error loading page. ---> System.Web.HttpParseException: The server block is not well formed. ---> System.Web.HttpException: The server block is not well formed.
   at System.Web.UI.TemplateParser.ProcessError(String message)
   at System.Web.UI.TemplateParser.DetectSpecialServerTagError(String text, Int32 textPos)
   at System.Web.UI.TemplateParser.ParseStringInternal(String text, Encoding fileEncoding)
   at System.Web.UI.TemplateParser.ParseString(String text, VirtualPath virtualPath, Encoding fileEncoding)
   --- End of inner exception stack trace ---
   at System.Web.UI.TemplateParser.ParseString(String text, VirtualPath virtualPath, Encoding fileEncoding)
   at System.Web.UI.TemplateParser.ParseFile(String physicalPath, VirtualPath virtualPath)
   at System.Web.UI.TemplateParser.ParseInternal()
   at System.Web.UI.TemplateParser.Parse()
   at System.Web.Compilation.BaseTemplateBuildProvider.get_CodeCompilerType()
   at System.Web.Compilation.BuildProvider.GetCompilerTypeFromBuildProvider(BuildProvider buildProvider)
   at System.Web.Compilation.BuildProvidersCompiler.ProcessBuildProviders()
   at System.Web.Compilation.BuildProvidersCompiler.PerformBuild()
   at System.Web.Compilation.BuildManager.CompileWebFile(VirtualPath virtualPath)
   at System.Web.Compilation.BuildManager.GetVPathBuildResultInternal(VirtualPath virtualPath, Boolean noBuild, Boolean allowCrossApp, Boolean allowBuildInPrecompile, Boolean throwIfNotFound, Boolean ensureIsUpToDate)
   at System.Web.Compilation.BuildManager.GetVPathBuildResultWithNoAssert(HttpContext context, VirtualPath virtualPath, Boolean noBuild, Boolean allowCrossApp, Boolean allowBuildInPrecompile, Boolean throwIfNotFound, Boolean ensureIsUpToDate)
   at System.Web.Compilation.BuildManager.GetVPathBuildResult(HttpContext context, VirtualPath virtualPath, Boolean noBuild, Boolean allowCrossApp, Boolean allowBuildInPrecompile, Boolean ensureIsUpToDate)
   at System.Web.UI.TemplateControl.LoadControl(VirtualPath virtualPath)
   at DotNetNuke.UI.ControlUtilities.LoadControl[T](TemplateControl containerControl, String ControlSrc)
   at DotNetNuke.UI.Skins.Skin.LoadSkin(PageBase page, String skinPath)
   --- End of inner exception stack trace ---
2012-03-31 17:02:02,011 [MOBILE][Thread:26][ERROR] DotNetNuke.UI.Skins.Skin - Unhandled error loading page.
DotNetNuke.Services.Exceptions.PageLoadException: Unhandled error loading page. ---> System.Web.HttpParseException: The server block is not well formed. ---> System.Web.HttpException: The server block is not well formed.
   at System.Web.UI.TemplateParser.ProcessError(String message)
   at System.Web.UI.TemplateParser.DetectSpecialServerTagError(String text, Int32 textPos)
   at System.Web.UI.TemplateParser.ParseStringInternal(String text, Encoding fileEncoding)
   at System.Web.UI.TemplateParser.ParseString(String text, VirtualPath virtualPath, Encoding fileEncoding)
   --- End of inner exception stack trace ---
   at System.Web.UI.TemplateParser.ParseString(String text, VirtualPath virtualPath, Encoding fileEncoding)
   at System.Web.UI.TemplateParser.ParseFile(String physicalPath, VirtualPath virtualPath)
   at System.Web.UI.TemplateParser.ParseInternal()
   at System.Web.UI.TemplateParser.Parse()
   at System.Web.Compilation.BaseTemplateBuildProvider.get_CodeCompilerType()
   at System.Web.Compilation.BuildProvider.GetCompilerTypeFromBuildProvider(BuildProvider buildProvider)
   at System.Web.Compilation.BuildProvidersCompiler.ProcessBuildProviders()
   at System.Web.Compilation.BuildProvidersCompiler.PerformBuild()
   at System.Web.Compilation.BuildManager.CompileWebFile(VirtualPath virtualPath)
   at System.Web.Compilation.BuildManager.GetVPathBuildResultInternal(VirtualPath virtualPath, Boolean noBuild, Boolean allowCrossApp, Boolean allowBuildInPrecompile, Boolean throwIfNotFound, Boolean ensureIsUpToDate)
   at System.Web.Compilation.BuildManager.GetVPathBuildResultWithNoAssert(HttpContext context, VirtualPath virtualPath, Boolean noBuild, Boolean allowCrossApp, Boolean allowBuildInPrecompile, Boolean throwIfNotFound, Boolean ensureIsUpToDate)
   at System.Web.Compilation.BuildManager.GetVPathBuildResult(HttpContext context, VirtualPath virtualPath, Boolean noBuild, Boolean allowCrossApp, Boolean allowBuildInPrecompile, Boolean ensureIsUpToDate)
   at System.Web.UI.TemplateControl.LoadControl(VirtualPath virtualPath)
   at DotNetNuke.UI.ControlUtilities.LoadControl[T](TemplateControl containerControl, String ControlSrc)
   at DotNetNuke.UI.Skins.Skin.LoadSkin(PageBase page, String skinPath)
   --- End of inner exception stack trace ---
2012-03-31 17:02:19,299 [MOBILE][Thread:26][ERROR] DotNetNuke.UI.Skins.Skin - Unhandled error loading page.
DotNetNuke.Services.Exceptions.PageLoadException: Unhandled error loading page. ---> System.Web.HttpParseException: The server block is not well formed. ---> System.Web.HttpException: The server block is not well formed.
   at System.Web.UI.TemplateParser.ProcessError(String message)
   at System.Web.UI.TemplateParser.DetectSpecialServerTagError(String text, Int32 textPos)
   at System.Web.UI.TemplateParser.ParseStringInternal(String text, Encoding fileEncoding)
   at System.Web.UI.TemplateParser.ParseString(String text, VirtualPath virtualPath, Encoding fileEncoding)
   --- End of inner exception stack trace ---
   at System.Web.UI.TemplateParser.ParseString(String text, VirtualPath virtualPath, Encoding fileEncoding)
   at System.Web.UI.TemplateParser.ParseFile(String physicalPath, VirtualPath virtualPath)
   at System.Web.UI.TemplateParser.ParseInternal()
   at System.Web.UI.TemplateParser.Parse()
   at System.Web.Compilation.BaseTemplateBuildProvider.get_CodeCompilerType()
   at System.Web.Compilation.BuildProvider.GetCompilerTypeFromBuildProvider(BuildProvider buildProvider)
   at System.Web.Compilation.BuildProvidersCompiler.ProcessBuildProviders()
   at System.Web.Compilation.BuildProvidersCompiler.PerformBuild()
   at System.Web.Compilation.BuildManager.CompileWebFile(VirtualPath virtualPath)
   at System.Web.Compilation.BuildManager.GetVPathBuildResultInternal(VirtualPath virtualPath, Boolean noBuild, Boolean allowCrossApp, Boolean allowBuildInPrecompile, Boolean throwIfNotFound, Boolean ensureIsUpToDate)
   at System.Web.Compilation.BuildManager.GetVPathBuildResultWithNoAssert(HttpContext context, VirtualPath virtualPath, Boolean noBuild, Boolean allowCrossApp, Boolean allowBuildInPrecompile, Boolean throwIfNotFound, Boolean ensureIsUpToDate)
   at System.Web.Compilation.BuildManager.GetVPathBuildResult(HttpContext context, VirtualPath virtualPath, Boolean noBuild, Boolean allowCrossApp, Boolean allowBuildInPrecompile, Boolean ensureIsUpToDate)
   at System.Web.UI.TemplateControl.LoadControl(VirtualPath virtualPath)
   at DotNetNuke.UI.ControlUtilities.LoadControl[T](TemplateControl containerControl, String ControlSrc)
   at DotNetNuke.UI.Skins.Skin.LoadSkin(PageBase page, String skinPath)
   --- End of inner exception stack trace ---
2012-03-31 17:12:05,804 [MOBILE][Thread:16][ERROR] DotNetNuke.Entities.Profile.ProfileController - ReadOnly
System.IndexOutOfRangeException: ReadOnly
   bei System.Data.ProviderBase.FieldNameLookup.GetOrdinal(String fieldName)
   bei System.Data.SqlClient.SqlDataReader.GetOrdinal(String name)
   bei System.Data.SqlClient.SqlDataReader.get_Item(String name)
   bei DotNetNuke.Entities.Profile.ProfileController.FillPropertyDefinitionInfo(IDataReader dr, Boolean checkForOpenDataReader)
   bei DotNetNuke.Entities.Profile.ProfileController.FillPropertyDefinitionInfoCollection(IDataReader dr)
2012-03-31 17:12:28,958 [MOBILE][Thread:21][ERROR] DotNetNuke.Entities.Controllers.HostController - Verletzung der PRIMARY KEY-Einschrnkung 'PK_HostSettings'. Ein doppelter Schlssel kann in das dbo.HostSettings-Objekt nicht eingefgt werden. Der doppelte Schlsselwert ist (CrmVersion).
Die Anweisung wurde beendet.
System.Data.SqlClient.SqlException (0x80131904): Verletzung der PRIMARY KEY-Einschrnkung 'PK_HostSettings'. Ein doppelter Schlssel kann in das dbo.HostSettings-Objekt nicht eingefgt werden. Der doppelte Schlsselwert ist (CrmVersion).
Die Anweisung wurde beendet.
   bei System.Data.SqlClient.SqlConnection.OnError(SqlException exception, Boolean breakConnection)
   bei System.Data.SqlClient.SqlInternalConnection.OnError(SqlException exception, Boolean breakConnection)
   bei System.Data.SqlClient.TdsParser.ThrowExceptionAndWarning()
   bei System.Data.SqlClient.TdsParser.Run(RunBehavior runBehavior, SqlCommand cmdHandler, SqlDataReader dataStream, BulkCopySimpleResultSet bulkCopyHandler, TdsParserStateObject stateObj)
   bei System.Data.SqlClient.SqlCommand.FinishExecuteReader(SqlDataReader ds, RunBehavior runBehavior, String resetOptionsString)
   bei System.Data.SqlClient.SqlCommand.RunExecuteReaderTds(CommandBehavior cmdBehavior, RunBehavior runBehavior, Boolean returnStream, Boolean async)
   bei System.Data.SqlClient.SqlCommand.RunExecuteReader(CommandBehavior cmdBehavior, RunBehavior runBehavior, Boolean returnStream, String method, DbAsyncResult result)
   bei System.Data.SqlClient.SqlCommand.InternalExecuteNonQuery(DbAsyncResult result, String methodName, Boolean sendToPipe)
   bei System.Data.SqlClient.SqlCommand.ExecuteNonQuery()
   bei Microsoft.ApplicationBlocks.Data.SqlHelper.ExecuteNonQuery(SqlConnection connection, CommandType commandType, String commandText, SqlParameter[] commandParameters)
   bei Microsoft.ApplicationBlocks.Data.SqlHelper.ExecuteNonQuery(String connectionString, CommandType commandType, String commandText, SqlParameter[] commandParameters)
   bei Microsoft.ApplicationBlocks.Data.SqlHelper.ExecuteNonQuery(String connectionString, String spName, Object[] parameterValues)
   bei DotNetNuke.Data.SqlDataProvider.AddHostSetting(String SettingName, String SettingValue, Boolean SettingIsSecure, Int32 CreatedByUserID)
   bei DotNetNuke.Entities.Controllers.HostController.Update(ConfigurationSetting config, Boolean clearCache)
2012-03-31 17:13:09,030 [MOBILE][Thread:21][ERROR] DotNetNuke.Services.Upgrade.Upgrade - File specified in the dnn could not be found in the zip file:  - C:\Develope\DNN6\Website\Install\Temp\fb45ixsb\banner\banner-active.png
2012-03-31 17:13:09,045 [MOBILE][Thread:21][ERROR] DotNetNuke.Services.Upgrade.Upgrade - File specified in the dnn could not be found in the zip file:  - C:\Develope\DNN6\Website\Install\Temp\fb45ixsb\banner\banner-idel.png
2012-03-31 17:13:09,057 [MOBILE][Thread:21][ERROR] DotNetNuke.Services.Upgrade.Upgrade - File specified in the dnn could not be found in the zip file:  - C:\Develope\DNN6\Website\Install\Temp\fb45ixsb\banner\Banner_1.jpg
2012-03-31 17:13:09,069 [MOBILE][Thread:21][ERROR] DotNetNuke.Services.Upgrade.Upgrade - File specified in the dnn could not be found in the zip file:  - C:\Develope\DNN6\Website\Install\Temp\fb45ixsb\banner\Banner_2.jpg
2012-03-31 17:13:09,084 [MOBILE][Thread:21][ERROR] DotNetNuke.Services.Upgrade.Upgrade - File specified in the dnn could not be found in the zip file:  - C:\Develope\DNN6\Website\Install\Temp\fb45ixsb\banner\Banner_3.jpg
2012-03-31 17:13:09,096 [MOBILE][Thread:21][ERROR] DotNetNuke.Services.Upgrade.Upgrade - File specified in the dnn could not be found in the zip file:  - C:\Develope\DNN6\Website\Install\Temp\fb45ixsb\banner\Banner_4.jpg
2012-03-31 17:13:09,109 [MOBILE][Thread:21][ERROR] DotNetNuke.Services.Upgrade.Upgrade - File specified in the dnn could not be found in the zip file:  - C:\Develope\DNN6\Website\Install\Temp\fb45ixsb\banner\Banner_5.jpg
2012-03-31 17:13:09,124 [MOBILE][Thread:21][ERROR] DotNetNuke.Services.Upgrade.Upgrade - File specified in the dnn could not be found in the zip file:  - C:\Develope\DNN6\Website\Install\Temp\fb45ixsb\banner\style.css
2012-03-31 17:13:09,141 [MOBILE][Thread:21][ERROR] DotNetNuke.Services.Upgrade.Upgrade - File specified in the dnn could not be found in the zip file:  - C:\Develope\DNN6\Website\Install\Temp\fb45ixsb\Bullets.png
2012-03-31 17:13:09,153 [MOBILE][Thread:21][ERROR] DotNetNuke.Services.Upgrade.Upgrade - File specified in the dnn could not be found in the zip file:  - C:\Develope\DNN6\Website\Install\Temp\fb45ixsb\Icon_more.jpg
2012-03-31 17:13:09,165 [MOBILE][Thread:21][ERROR] DotNetNuke.Services.Upgrade.Upgrade - File specified in the dnn could not be found in the zip file:  - C:\Develope\DNN6\Website\Install\Temp\fb45ixsb\index.ascx
2012-03-31 17:13:09,178 [MOBILE][Thread:21][ERROR] DotNetNuke.Services.Upgrade.Upgrade - File specified in the dnn could not be found in the zip file:  - C:\Develope\DNN6\Website\Install\Temp\fb45ixsb\index.doctype.xml
2012-03-31 17:13:09,193 [MOBILE][Thread:21][ERROR] DotNetNuke.Services.Upgrade.Upgrade - File specified in the dnn could not be found in the zip file:  - C:\Develope\DNN6\Website\Install\Temp\fb45ixsb\index.jpg
2012-03-31 17:13:09,207 [MOBILE][Thread:21][ERROR] DotNetNuke.Services.Upgrade.Upgrade - File specified in the dnn could not be found in the zip file:  - C:\Develope\DNN6\Website\Install\Temp\fb45ixsb\LoginIconBG.png
2012-03-31 17:13:09,221 [MOBILE][Thread:21][ERROR] DotNetNuke.Services.Upgrade.Upgrade - File specified in the dnn could not be found in the zip file:  - C:\Develope\DNN6\Website\Install\Temp\fb45ixsb\Metro7_logo.jpg
2012-03-31 17:13:09,234 [MOBILE][Thread:21][ERROR] DotNetNuke.Services.Upgrade.Upgrade - File specified in the dnn could not be found in the zip file:  - C:\Develope\DNN6\Website\Install\Temp\fb45ixsb\SearchBG.png
2012-03-31 17:13:09,249 [MOBILE][Thread:21][ERROR] DotNetNuke.Services.Upgrade.Upgrade - File specified in the dnn could not be found in the zip file:  - C:\Develope\DNN6\Website\Install\Temp\fb45ixsb\SearchIconBG.png
2012-03-31 17:13:09,263 [MOBILE][Thread:21][ERROR] DotNetNuke.Services.Upgrade.Upgrade - File specified in the dnn could not be found in the zip file:  - C:\Develope\DNN6\Website\Install\Temp\fb45ixsb\skin.css
2012-03-31 17:13:09,276 [MOBILE][Thread:21][ERROR] DotNetNuke.Services.Upgrade.Upgrade - File specified in the dnn could not be found in the zip file:  - C:\Develope\DNN6\Website\Install\Temp\fb45ixsb\spacer2.gif
2012-03-31 17:13:09,291 [MOBILE][Thread:21][ERROR] DotNetNuke.Services.Upgrade.Upgrade - File specified in the dnn could not be found in the zip file:  - C:\Develope\DNN6\Website\Install\Temp\fb45ixsb\thumbnail_index.jpg
2012-03-31 17:13:09,303 [MOBILE][Thread:21][ERROR] DotNetNuke.Services.Upgrade.Upgrade - File specified in the dnn could not be found in the zip file:  - C:\Develope\DNN6\Website\Install\Temp\fb45ixsb\DefaultContainer.ascx
2012-03-31 17:13:09,317 [MOBILE][Thread:21][ERROR] DotNetNuke.Services.Upgrade.Upgrade - File specified in the dnn could not be found in the zip file:  - C:\Develope\DNN6\Website\Install\Temp\fb45ixsb\DefaultContainer.css
2012-03-31 17:13:09,331 [MOBILE][Thread:21][ERROR] DotNetNuke.Services.Upgrade.Upgrade - File specified in the dnn could not be found in the zip file:  - C:\Develope\DNN6\Website\Install\Temp\fb45ixsb\DefaultContainer.jpg
2012-03-31 17:13:09,343 [MOBILE][Thread:21][ERROR] DotNetNuke.Services.Upgrade.Upgrade - File specified in the dnn could not be found in the zip file:  - C:\Develope\DNN6\Website\Install\Temp\fb45ixsb\GraySmallTitle.ascx
2012-03-31 17:13:09,356 [MOBILE][Thread:21][ERROR] DotNetNuke.Services.Upgrade.Upgrade - File specified in the dnn could not be found in the zip file:  - C:\Develope\DNN6\Website\Install\Temp\fb45ixsb\GraySmallTitle.css
2012-03-31 17:13:09,368 [MOBILE][Thread:21][ERROR] DotNetNuke.Services.Upgrade.Upgrade - File specified in the dnn could not be found in the zip file:  - C:\Develope\DNN6\Website\Install\Temp\fb45ixsb\GraySmallTitle.jpg
2012-03-31 17:13:09,380 [MOBILE][Thread:21][ERROR] DotNetNuke.Services.Upgrade.Upgrade - File specified in the dnn could not be found in the zip file:  - C:\Develope\DNN6\Website\Install\Temp\fb45ixsb\GrayTitle.ascx
2012-03-31 17:13:09,395 [MOBILE][Thread:21][ERROR] DotNetNuke.Services.Upgrade.Upgrade - File specified in the dnn could not be found in the zip file:  - C:\Develope\DNN6\Website\Install\Temp\fb45ixsb\GrayTitle.css
2012-03-31 17:13:09,410 [MOBILE][Thread:21][ERROR] DotNetNuke.Services.Upgrade.Upgrade - File specified in the dnn could not be found in the zip file:  - C:\Develope\DNN6\Website\Install\Temp\fb45ixsb\GrayTitle.jpg
2012-03-31 17:13:09,423 [MOBILE][Thread:21][ERROR] DotNetNuke.Services.Upgrade.Upgrade - File specified in the dnn could not be found in the zip file:  - C:\Develope\DNN6\Website\Install\Temp\fb45ixsb\PinkTitle.ascx
2012-03-31 17:13:09,435 [MOBILE][Thread:21][ERROR] DotNetNuke.Services.Upgrade.Upgrade - File specified in the dnn could not be found in the zip file:  - C:\Develope\DNN6\Website\Install\Temp\fb45ixsb\PinkTitle.css
2012-03-31 17:13:09,447 [MOBILE][Thread:21][ERROR] DotNetNuke.Services.Upgrade.Upgrade - File specified in the dnn could not be found in the zip file:  - C:\Develope\DNN6\Website\Install\Temp\fb45ixsb\PinkTitle.jpg
2012-03-31 17:13:09,461 [MOBILE][Thread:21][ERROR] DotNetNuke.Services.Upgrade.Upgrade - File specified in the dnn could not be found in the zip file:  - C:\Develope\DNN6\Website\Install\Temp\fb45ixsb\thumbnail_defaultcontainer.jpg
2012-03-31 17:13:09,474 [MOBILE][Thread:21][ERROR] DotNetNuke.Services.Upgrade.Upgrade - File specified in the dnn could not be found in the zip file:  - C:\Develope\DNN6\Website\Install\Temp\fb45ixsb\thumbnail_graysmalltitle.jpg
2012-03-31 17:13:09,487 [MOBILE][Thread:21][ERROR] DotNetNuke.Services.Upgrade.Upgrade - File specified in the dnn could not be found in the zip file:  - C:\Develope\DNN6\Website\Install\Temp\fb45ixsb\thumbnail_graytitle.jpg
2012-03-31 17:13:09,499 [MOBILE][Thread:21][ERROR] DotNetNuke.Services.Upgrade.Upgrade - File specified in the dnn could not be found in the zip file:  - C:\Develope\DNN6\Website\Install\Temp\fb45ixsb\thumbnail_pinktitle.jpg
2012-03-31 17:13:09,511 [MOBILE][Thread:21][ERROR] DotNetNuke.Services.Upgrade.Upgrade - File specified in the dnn could not be found in the zip file:  - C:\Develope\DNN6\Website\Install\Temp\fb45ixsb\banner\banner-active.png
2012-03-31 17:13:09,526 [MOBILE][Thread:21][ERROR] DotNetNuke.Services.Upgrade.Upgrade - File specified in the dnn could not be found in the zip file:  - C:\Develope\DNN6\Website\Install\Temp\fb45ixsb\banner\banner-idel.png
2012-03-31 17:13:09,539 [MOBILE][Thread:21][ERROR] DotNetNuke.Services.Upgrade.Upgrade - File specified in the dnn could not be found in the zip file:  - C:\Develope\DNN6\Website\Install\Temp\fb45ixsb\banner\Banner_1.jpg
2012-03-31 17:13:09,552 [MOBILE][Thread:21][ERROR] DotNetNuke.Services.Upgrade.Upgrade - File specified in the dnn could not be found in the zip file:  - C:\Develope\DNN6\Website\Install\Temp\fb45ixsb\banner\Banner_2.jpg
2012-03-31 17:13:09,573 [MOBILE][Thread:21][ERROR] DotNetNuke.Services.Upgrade.Upgrade - File specified in the dnn could not be found in the zip file:  - C:\Develope\DNN6\Website\Install\Temp\fb45ixsb\banner\Banner_3.jpg
2012-03-31 17:13:09,585 [MOBILE][Thread:21][ERROR] DotNetNuke.Services.Upgrade.Upgrade - File specified in the dnn could not be found in the zip file:  - C:\Develope\DNN6\Website\Install\Temp\fb45ixsb\banner\Banner_4.jpg
2012-03-31 17:13:09,598 [MOBILE][Thread:21][ERROR] DotNetNuke.Services.Upgrade.Upgrade - File specified in the dnn could not be found in the zip file:  - C:\Develope\DNN6\Website\Install\Temp\fb45ixsb\banner\Banner_5.jpg
2012-03-31 17:13:09,611 [MOBILE][Thread:21][ERROR] DotNetNuke.Services.Upgrade.Upgrade - File specified in the dnn could not be found in the zip file:  - C:\Develope\DNN6\Website\Install\Temp\fb45ixsb\banner\jquery-ui.js
2012-03-31 17:13:09,626 [MOBILE][Thread:21][ERROR] DotNetNuke.Services.Upgrade.Upgrade - File specified in the dnn could not be found in the zip file:  - C:\Develope\DNN6\Website\Install\Temp\fb45ixsb\banner\jquery.js
2012-03-31 17:13:09,639 [MOBILE][Thread:21][ERROR] DotNetNuke.Services.Upgrade.Upgrade - File specified in the dnn could not be found in the zip file:  - C:\Develope\DNN6\Website\Install\Temp\fb45ixsb\banner\style.css
2012-03-31 17:13:09,653 [MOBILE][Thread:21][ERROR] DotNetNuke.Services.Upgrade.Upgrade - File specified in the dnn could not be found in the zip file:  - C:\Develope\DNN6\Website\Install\Temp\fb45ixsb\Bullets.png
2012-03-31 17:13:09,665 [MOBILE][Thread:21][ERROR] DotNetNuke.Services.Upgrade.Upgrade - File specified in the dnn could not be found in the zip file:  - C:\Develope\DNN6\Website\Install\Temp\fb45ixsb\Icon_more.jpg
2012-03-31 17:13:09,677 [MOBILE][Thread:21][ERROR] DotNetNuke.Services.Upgrade.Upgrade - File specified in the dnn could not be found in the zip file:  - C:\Develope\DNN6\Website\Install\Temp\fb45ixsb\index.ascx
2012-03-31 17:13:09,693 [MOBILE][Thread:21][ERROR] DotNetNuke.Services.Upgrade.Upgrade - File specified in the dnn could not be found in the zip file:  - C:\Develope\DNN6\Website\Install\Temp\fb45ixsb\index.doctype.xml
2012-03-31 17:13:09,707 [MOBILE][Thread:21][ERROR] DotNetNuke.Services.Upgrade.Upgrade - File specified in the dnn could not be found in the zip file:  - C:\Develope\DNN6\Website\Install\Temp\fb45ixsb\index.jpg
2012-03-31 17:13:09,720 [MOBILE][Thread:21][ERROR] DotNetNuke.Services.Upgrade.Upgrade - File specified in the dnn could not be found in the zip file:  - C:\Develope\DNN6\Website\Install\Temp\fb45ixsb\LoginIconBG.png
2012-03-31 17:13:09,732 [MOBILE][Thread:21][ERROR] DotNetNuke.Services.Upgrade.Upgrade - File specified in the dnn could not be found in the zip file:  - C:\Develope\DNN6\Website\Install\Temp\fb45ixsb\Metro7_logo.jpg
2012-03-31 17:13:09,745 [MOBILE][Thread:21][ERROR] DotNetNuke.Services.Upgrade.Upgrade - File specified in the dnn could not be found in the zip file:  - C:\Develope\DNN6\Website\Install\Temp\fb45ixsb\SearchBG.png
2012-03-31 17:13:09,757 [MOBILE][Thread:21][ERROR] DotNetNuke.Services.Upgrade.Upgrade - File specified in the dnn could not be found in the zip file:  - C:\Develope\DNN6\Website\Install\Temp\fb45ixsb\SearchIconBG.png
2012-03-31 17:13:09,769 [MOBILE][Thread:21][ERROR] DotNetNuke.Services.Upgrade.Upgrade - File specified in the dnn could not be found in the zip file:  - C:\Develope\DNN6\Website\Install\Temp\fb45ixsb\skin.css
2012-03-31 17:13:09,784 [MOBILE][Thread:21][ERROR] DotNetNuke.Services.Upgrade.Upgrade - File specified in the dnn could not be found in the zip file:  - C:\Develope\DNN6\Website\Install\Temp\fb45ixsb\spacer2.gif
2012-03-31 17:13:09,797 [MOBILE][Thread:21][ERROR] DotNetNuke.Services.Upgrade.Upgrade - File specified in the dnn could not be found in the zip file:  - C:\Develope\DNN6\Website\Install\Temp\fb45ixsb\thumbnail_index.jpg
2012-03-31 17:13:09,812 [MOBILE][Thread:21][ERROR] DotNetNuke.Services.Upgrade.Upgrade - File specified in the dnn could not be found in the zip file:  - C:\Develope\DNN6\Website\Install\Temp\fb45ixsb\DefaultContainer.ascx
2012-03-31 17:13:09,825 [MOBILE][Thread:21][ERROR] DotNetNuke.Services.Upgrade.Upgrade - File specified in the dnn could not be found in the zip file:  - C:\Develope\DNN6\Website\Install\Temp\fb45ixsb\DefaultContainer.css
2012-03-31 17:13:09,837 [MOBILE][Thread:21][ERROR] DotNetNuke.Services.Upgrade.Upgrade - File specified in the dnn could not be found in the zip file:  - C:\Develope\DNN6\Website\Install\Temp\fb45ixsb\DefaultContainer.jpg
2012-03-31 17:13:09,850 [MOBILE][Thread:21][ERROR] DotNetNuke.Services.Upgrade.Upgrade - File specified in the dnn could not be found in the zip file:  - C:\Develope\DNN6\Website\Install\Temp\fb45ixsb\GraySmallTitle.ascx
2012-03-31 17:13:09,862 [MOBILE][Thread:21][ERROR] DotNetNuke.Services.Upgrade.Upgrade - File specified in the dnn could not be found in the zip file:  - C:\Develope\DNN6\Website\Install\Temp\fb45ixsb\GraySmallTitle.css
2012-03-31 17:13:09,875 [MOBILE][Thread:21][ERROR] DotNetNuke.Services.Upgrade.Upgrade - File specified in the dnn could not be found in the zip file:  - C:\Develope\DNN6\Website\Install\Temp\fb45ixsb\GraySmallTitle.jpg
2012-03-31 17:13:09,890 [MOBILE][Thread:21][ERROR] DotNetNuke.Services.Upgrade.Upgrade - File specified in the dnn could not be found in the zip file:  - C:\Develope\DNN6\Website\Install\Temp\fb45ixsb\GrayTitle.ascx
2012-03-31 17:13:09,902 [MOBILE][Thread:21][ERROR] DotNetNuke.Services.Upgrade.Upgrade - File specified in the dnn could not be found in the zip file:  - C:\Develope\DNN6\Website\Install\Temp\fb45ixsb\GrayTitle.css
2012-03-31 17:13:09,915 [MOBILE][Thread:21][ERROR] DotNetNuke.Services.Upgrade.Upgrade - File specified in the dnn could not be found in the zip file:  - C:\Develope\DNN6\Website\Install\Temp\fb45ixsb\GrayTitle.jpg
2012-03-31 17:13:09,927 [MOBILE][Thread:21][ERROR] DotNetNuke.Services.Upgrade.Upgrade - File specified in the dnn could not be found in the zip file:  - C:\Develope\DNN6\Website\Install\Temp\fb45ixsb\PinkTitle.ascx
2012-03-31 17:13:09,939 [MOBILE][Thread:21][ERROR] DotNetNuke.Services.Upgrade.Upgrade - File specified in the dnn could not be found in the zip file:  - C:\Develope\DNN6\Website\Install\Temp\fb45ixsb\PinkTitle.css
2012-03-31 17:13:09,952 [MOBILE][Thread:21][ERROR] DotNetNuke.Services.Upgrade.Upgrade - File specified in the dnn could not be found in the zip file:  - C:\Develope\DNN6\Website\Install\Temp\fb45ixsb\PinkTitle.jpg
2012-03-31 17:13:09,968 [MOBILE][Thread:21][ERROR] DotNetNuke.Services.Upgrade.Upgrade - File specified in the dnn could not be found in the zip file:  - C:\Develope\DNN6\Website\Install\Temp\fb45ixsb\thumbnail_defaultcontainer.jpg
2012-03-31 17:13:09,984 [MOBILE][Thread:21][ERROR] DotNetNuke.Services.Upgrade.Upgrade - File specified in the dnn could not be found in the zip file:  - C:\Develope\DNN6\Website\Install\Temp\fb45ixsb\thumbnail_graysmalltitle.jpg
2012-03-31 17:13:10,008 [MOBILE][Thread:21][ERROR] DotNetNuke.Services.Upgrade.Upgrade - File specified in the dnn could not be found in the zip file:  - C:\Develope\DNN6\Website\Install\Temp\fb45ixsb\thumbnail_graytitle.jpg
2012-03-31 17:13:10,022 [MOBILE][Thread:21][ERROR] DotNetNuke.Services.Upgrade.Upgrade - File specified in the dnn could not be found in the zip file:  - C:\Develope\DNN6\Website\Install\Temp\fb45ixsb\thumbnail_pinktitle.jpg
2012-03-31 17:13:10,035 [MOBILE][Thread:21][ERROR] DotNetNuke.Services.Upgrade.Upgrade - File specified in the dnn could not be found in the zip file:  - C:\Develope\DNN6\Website\Install\Temp\fb45ixsb\banner\banner-active.png
2012-03-31 17:13:10,056 [MOBILE][Thread:21][ERROR] DotNetNuke.Services.Upgrade.Upgrade - File specified in the dnn could not be found in the zip file:  - C:\Develope\DNN6\Website\Install\Temp\fb45ixsb\banner\banner-idel.png
2012-03-31 17:13:10,069 [MOBILE][Thread:21][ERROR] DotNetNuke.Services.Upgrade.Upgrade - File specified in the dnn could not be found in the zip file:  - C:\Develope\DNN6\Website\Install\Temp\fb45ixsb\banner\Banner_1.jpg
2012-03-31 17:13:10,085 [MOBILE][Thread:21][ERROR] DotNetNuke.Services.Upgrade.Upgrade - File specified in the dnn could not be found in the zip file:  - C:\Develope\DNN6\Website\Install\Temp\fb45ixsb\banner\Banner_2.jpg
2012-03-31 17:13:10,097 [MOBILE][Thread:21][ERROR] DotNetNuke.Services.Upgrade.Upgrade - File specified in the dnn could not be found in the zip file:  - C:\Develope\DNN6\Website\Install\Temp\fb45ixsb\banner\Banner_3.jpg
2012-03-31 17:13:10,109 [MOBILE][Thread:21][ERROR] DotNetNuke.Services.Upgrade.Upgrade - File specified in the dnn could not be found in the zip file:  - C:\Develope\DNN6\Website\Install\Temp\fb45ixsb\banner\Banner_4.jpg
2012-03-31 17:13:10,123 [MOBILE][Thread:21][ERROR] DotNetNuke.Services.Upgrade.Upgrade - File specified in the dnn could not be found in the zip file:  - C:\Develope\DNN6\Website\Install\Temp\fb45ixsb\banner\Banner_5.jpg
2012-03-31 17:13:10,136 [MOBILE][Thread:21][ERROR] DotNetNuke.Services.Upgrade.Upgrade - File specified in the dnn could not be found in the zip file:  - C:\Develope\DNN6\Website\Install\Temp\fb45ixsb\banner\jquery-ui.js
2012-03-31 17:13:10,151 [MOBILE][Thread:21][ERROR] DotNetNuke.Services.Upgrade.Upgrade - File specified in the dnn could not be found in the zip file:  - C:\Develope\DNN6\Website\Install\Temp\fb45ixsb\banner\jquery.js
2012-03-31 17:13:10,166 [MOBILE][Thread:21][ERROR] DotNetNuke.Services.Upgrade.Upgrade - File specified in the dnn could not be found in the zip file:  - C:\Develope\DNN6\Website\Install\Temp\fb45ixsb\banner\style.css
2012-03-31 17:13:10,189 [MOBILE][Thread:21][ERROR] DotNetNuke.Services.Upgrade.Upgrade - File specified in the dnn could not be found in the zip file:  - C:\Develope\DNN6\Website\Install\Temp\fb45ixsb\Bullets.png
2012-03-31 17:13:10,211 [MOBILE][Thread:21][ERROR] DotNetNuke.Services.Upgrade.Upgrade - File specified in the dnn could not be found in the zip file:  - C:\Develope\DNN6\Website\Install\Temp\fb45ixsb\Icon_more.jpg
2012-03-31 17:13:10,227 [MOBILE][Thread:21][ERROR] DotNetNuke.Services.Upgrade.Upgrade - File specified in the dnn could not be found in the zip file:  - C:\Develope\DNN6\Website\Install\Temp\fb45ixsb\index.ascx
2012-03-31 17:13:10,254 [MOBILE][Thread:21][ERROR] DotNetNuke.Services.Upgrade.Upgrade - File specified in the dnn could not be found in the zip file:  - C:\Develope\DNN6\Website\Install\Temp\fb45ixsb\index.doctype.xml
2012-03-31 17:13:10,266 [MOBILE][Thread:21][ERROR] DotNetNuke.Services.Upgrade.Upgrade - File specified in the dnn could not be found in the zip file:  - C:\Develope\DNN6\Website\Install\Temp\fb45ixsb\index.jpg
2012-03-31 17:13:10,281 [MOBILE][Thread:21][ERROR] DotNetNuke.Services.Upgrade.Upgrade - File specified in the dnn could not be found in the zip file:  - C:\Develope\DNN6\Website\Install\Temp\fb45ixsb\LoginIconBG.png
2012-03-31 17:13:10,294 [MOBILE][Thread:21][ERROR] DotNetNuke.Services.Upgrade.Upgrade - File specified in the dnn could not be found in the zip file:  - C:\Develope\DNN6\Website\Install\Temp\fb45ixsb\Metro7_logo.jpg
2012-03-31 17:13:10,307 [MOBILE][Thread:21][ERROR] DotNetNuke.Services.Upgrade.Upgrade - File specified in the dnn could not be found in the zip file:  - C:\Develope\DNN6\Website\Install\Temp\fb45ixsb\SearchBG.png
2012-03-31 17:13:10,321 [MOBILE][Thread:21][ERROR] DotNetNuke.Services.Upgrade.Upgrade - File specified in the dnn could not be found in the zip file:  - C:\Develope\DNN6\Website\Install\Temp\fb45ixsb\SearchIconBG.png
2012-03-31 17:13:10,334 [MOBILE][Thread:21][ERROR] DotNetNuke.Services.Upgrade.Upgrade - File specified in the dnn could not be found in the zip file:  - C:\Develope\DNN6\Website\Install\Temp\fb45ixsb\skin.css
2012-03-31 17:13:10,349 [MOBILE][Thread:21][ERROR] DotNetNuke.Services.Upgrade.Upgrade - File specified in the dnn could not be found in the zip file:  - C:\Develope\DNN6\Website\Install\Temp\fb45ixsb\spacer2.gif
2012-03-31 17:13:10,362 [MOBILE][Thread:21][ERROR] DotNetNuke.Services.Upgrade.Upgrade - File specified in the dnn could not be found in the zip file:  - C:\Develope\DNN6\Website\Install\Temp\fb45ixsb\thumbnail_index.jpg
2012-03-31 17:13:10,377 [MOBILE][Thread:21][ERROR] DotNetNuke.Services.Upgrade.Upgrade - File specified in the dnn could not be found in the zip file:  - C:\Develope\DNN6\Website\Install\Temp\fb45ixsb\DefaultContainer.ascx
2012-03-31 17:13:10,391 [MOBILE][Thread:21][ERROR] DotNetNuke.Services.Upgrade.Upgrade - File specified in the dnn could not be found in the zip file:  - C:\Develope\DNN6\Website\Install\Temp\fb45ixsb\DefaultContainer.css
2012-03-31 17:13:10,404 [MOBILE][Thread:21][ERROR] DotNetNuke.Services.Upgrade.Upgrade - File specified in the dnn could not be found in the zip file:  - C:\Develope\DNN6\Website\Install\Temp\fb45ixsb\DefaultContainer.jpg
2012-03-31 17:13:10,417 [MOBILE][Thread:21][ERROR] DotNetNuke.Services.Upgrade.Upgrade - File specified in the dnn could not be found in the zip file:  - C:\Develope\DNN6\Website\Install\Temp\fb45ixsb\GraySmallTitle.ascx
2012-03-31 17:13:10,431 [MOBILE][Thread:21][ERROR] DotNetNuke.Services.Upgrade.Upgrade - File specified in the dnn could not be found in the zip file:  - C:\Develope\DNN6\Website\Install\Temp\fb45ixsb\GraySmallTitle.css
2012-03-31 17:13:10,443 [MOBILE][Thread:21][ERROR] DotNetNuke.Services.Upgrade.Upgrade - File specified in the dnn could not be found in the zip file:  - C:\Develope\DNN6\Website\Install\Temp\fb45ixsb\GraySmallTitle.jpg
2012-03-31 17:13:10,458 [MOBILE][Thread:21][ERROR] DotNetNuke.Services.Upgrade.Upgrade - File specified in the dnn could not be found in the zip file:  - C:\Develope\DNN6\Website\Install\Temp\fb45ixsb\GrayTitle.ascx
2012-03-31 17:13:10,472 [MOBILE][Thread:21][ERROR] DotNetNuke.Services.Upgrade.Upgrade - File specified in the dnn could not be found in the zip file:  - C:\Develope\DNN6\Website\Install\Temp\fb45ixsb\GrayTitle.css
2012-03-31 17:13:10,484 [MOBILE][Thread:21][ERROR] DotNetNuke.Services.Upgrade.Upgrade - File specified in the dnn could not be found in the zip file:  - C:\Develope\DNN6\Website\Install\Temp\fb45ixsb\GrayTitle.jpg
2012-03-31 17:13:10,497 [MOBILE][Thread:21][ERROR] DotNetNuke.Services.Upgrade.Upgrade - File specified in the dnn could not be found in the zip file:  - C:\Develope\DNN6\Website\Install\Temp\fb45ixsb\PinkTitle.ascx
2012-03-31 17:13:10,510 [MOBILE][Thread:21][ERROR] DotNetNuke.Services.Upgrade.Upgrade - File specified in the dnn could not be found in the zip file:  - C:\Develope\DNN6\Website\Install\Temp\fb45ixsb\PinkTitle.css
2012-03-31 17:13:10,523 [MOBILE][Thread:21][ERROR] DotNetNuke.Services.Upgrade.Upgrade - File specified in the dnn could not be found in the zip file:  - C:\Develope\DNN6\Website\Install\Temp\fb45ixsb\PinkTitle.jpg
2012-03-31 17:13:10,547 [MOBILE][Thread:21][ERROR] DotNetNuke.Services.Upgrade.Upgrade - File specified in the dnn could not be found in the zip file:  - C:\Develope\DNN6\Website\Install\Temp\fb45ixsb\thumbnail_defaultcontainer.jpg
2012-03-31 17:13:10,560 [MOBILE][Thread:21][ERROR] DotNetNuke.Services.Upgrade.Upgrade - File specified in the dnn could not be found in the zip file:  - C:\Develope\DNN6\Website\Install\Temp\fb45ixsb\thumbnail_graysmalltitle.jpg
2012-03-31 17:13:10,575 [MOBILE][Thread:21][ERROR] DotNetNuke.Services.Upgrade.Upgrade - File specified in the dnn could not be found in the zip file:  - C:\Develope\DNN6\Website\Install\Temp\fb45ixsb\thumbnail_graytitle.jpg
2012-03-31 17:13:10,588 [MOBILE][Thread:21][ERROR] DotNetNuke.Services.Upgrade.Upgrade - File specified in the dnn could not be found in the zip file:  - C:\Develope\DNN6\Website\Install\Temp\fb45ixsb\thumbnail_pinktitle.jpg
2012-03-31 17:13:10,599 [MOBILE][Thread:21][ERROR] DotNetNuke.Services.Upgrade.Upgrade - File specified in the dnn could not be found in the zip file:  - C:\Develope\DNN6\Website\Install\Temp\fb45ixsb\banner\banner-active.png
2012-03-31 17:13:10,611 [MOBILE][Thread:21][ERROR] DotNetNuke.Services.Upgrade.Upgrade - File specified in the dnn could not be found in the zip file:  - C:\Develope\DNN6\Website\Install\Temp\fb45ixsb\banner\banner-idel.png
2012-03-31 17:13:10,632 [MOBILE][Thread:21][ERROR] DotNetNuke.Services.Upgrade.Upgrade - File specified in the dnn could not be found in the zip file:  - C:\Develope\DNN6\Website\Install\Temp\fb45ixsb\banner\Banner_1.jpg
2012-03-31 17:13:10,647 [MOBILE][Thread:21][ERROR] DotNetNuke.Services.Upgrade.Upgrade - File specified in the dnn could not be found in the zip file:  - C:\Develope\DNN6\Website\Install\Temp\fb45ixsb\banner\Banner_2.jpg
2012-03-31 17:13:10,659 [MOBILE][Thread:21][ERROR] DotNetNuke.Services.Upgrade.Upgrade - File specified in the dnn could not be found in the zip file:  - C:\Develope\DNN6\Website\Install\Temp\fb45ixsb\banner\Banner_3.jpg
2012-03-31 17:13:10,672 [MOBILE][Thread:21][ERROR] DotNetNuke.Services.Upgrade.Upgrade - File specified in the dnn could not be found in the zip file:  - C:\Develope\DNN6\Website\Install\Temp\fb45ixsb\banner\Banner_4.jpg
2012-03-31 17:13:10,685 [MOBILE][Thread:21][ERROR] DotNetNuke.Services.Upgrade.Upgrade - File specified in the dnn could not be found in the zip file:  - C:\Develope\DNN6\Website\Install\Temp\fb45ixsb\banner\Banner_5.jpg
2012-03-31 17:13:10,699 [MOBILE][Thread:21][ERROR] DotNetNuke.Services.Upgrade.Upgrade - File specified in the dnn could not be found in the zip file:  - C:\Develope\DNN6\Website\Install\Temp\fb45ixsb\banner\jquery-ui.js
2012-03-31 17:13:10,713 [MOBILE][Thread:21][ERROR] DotNetNuke.Services.Upgrade.Upgrade - File specified in the dnn could not be found in the zip file:  - C:\Develope\DNN6\Website\Install\Temp\fb45ixsb\banner\jquery.js
2012-03-31 17:13:10,728 [MOBILE][Thread:21][ERROR] DotNetNuke.Services.Upgrade.Upgrade - File specified in the dnn could not be found in the zip file:  - C:\Develope\DNN6\Website\Install\Temp\fb45ixsb\banner\style.css
2012-03-31 17:13:10,740 [MOBILE][Thread:21][ERROR] DotNetNuke.Services.Upgrade.Upgrade - File specified in the dnn could not be found in the zip file:  - C:\Develope\DNN6\Website\Install\Temp\fb45ixsb\Bullets.png
2012-03-31 17:13:10,761 [MOBILE][Thread:21][ERROR] DotNetNuke.Services.Upgrade.Upgrade - File specified in the dnn could not be found in the zip file:  - C:\Develope\DNN6\Website\Install\Temp\fb45ixsb\Icon_more.jpg
2012-03-31 17:13:10,774 [MOBILE][Thread:21][ERROR] DotNetNuke.Services.Upgrade.Upgrade - File specified in the dnn could not be found in the zip file:  - C:\Develope\DNN6\Website\Install\Temp\fb45ixsb\index.ascx
2012-03-31 17:13:10,786 [MOBILE][Thread:21][ERROR] DotNetNuke.Services.Upgrade.Upgrade - File specified in the dnn could not be found in the zip file:  - C:\Develope\DNN6\Website\Install\Temp\fb45ixsb\index.doctype.xml
2012-03-31 17:13:10,799 [MOBILE][Thread:21][ERROR] DotNetNuke.Services.Upgrade.Upgrade - File specified in the dnn could not be found in the zip file:  - C:\Develope\DNN6\Website\Install\Temp\fb45ixsb\index.jpg
2012-03-31 17:13:10,811 [MOBILE][Thread:21][ERROR] DotNetNuke.Services.Upgrade.Upgrade - File specified in the dnn could not be found in the zip file:  - C:\Develope\DNN6\Website\Install\Temp\fb45ixsb\LoginIconBG.png
2012-03-31 17:13:10,826 [MOBILE][Thread:21][ERROR] DotNetNuke.Services.Upgrade.Upgrade - File specified in the dnn could not be found in the zip file:  - C:\Develope\DNN6\Website\Install\Temp\fb45ixsb\Metro7_logo.jpg
2012-03-31 17:13:10,838 [MOBILE][Thread:21][ERROR] DotNetNuke.Services.Upgrade.Upgrade - File specified in the dnn could not be found in the zip file:  - C:\Develope\DNN6\Website\Install\Temp\fb45ixsb\SearchBG.png
2012-03-31 17:13:10,851 [MOBILE][Thread:21][ERROR] DotNetNuke.Services.Upgrade.Upgrade - File specified in the dnn could not be found in the zip file:  - C:\Develope\DNN6\Website\Install\Temp\fb45ixsb\SearchIconBG.png
2012-03-31 17:13:10,864 [MOBILE][Thread:21][ERROR] DotNetNuke.Services.Upgrade.Upgrade - File specified in the dnn could not be found in the zip file:  - C:\Develope\DNN6\Website\Install\Temp\fb45ixsb\skin.css
2012-03-31 17:13:10,879 [MOBILE][Thread:21][ERROR] DotNetNuke.Services.Upgrade.Upgrade - File specified in the dnn could not be found in the zip file:  - C:\Develope\DNN6\Website\Install\Temp\fb45ixsb\spacer2.gif
2012-03-31 17:13:10,892 [MOBILE][Thread:21][ERROR] DotNetNuke.Services.Upgrade.Upgrade - File specified in the dnn could not be found in the zip file:  - C:\Develope\DNN6\Website\Install\Temp\fb45ixsb\thumbnail_index.jpg
2012-03-31 17:13:10,906 [MOBILE][Thread:21][ERROR] DotNetNuke.Services.Upgrade.Upgrade - File specified in the dnn could not be found in the zip file:  - C:\Develope\DNN6\Website\Install\Temp\fb45ixsb\DefaultContainer.ascx
2012-03-31 17:13:10,919 [MOBILE][Thread:21][ERROR] DotNetNuke.Services.Upgrade.Upgrade - File specified in the dnn could not be found in the zip file:  - C:\Develope\DNN6\Website\Install\Temp\fb45ixsb\DefaultContainer.css
2012-03-31 17:13:10,933 [MOBILE][Thread:21][ERROR] DotNetNuke.Services.Upgrade.Upgrade - File specified in the dnn could not be found in the zip file:  - C:\Develope\DNN6\Website\Install\Temp\fb45ixsb\DefaultContainer.jpg
2012-03-31 17:13:10,946 [MOBILE][Thread:21][ERROR] DotNetNuke.Services.Upgrade.Upgrade - File specified in the dnn could not be found in the zip file:  - C:\Develope\DNN6\Website\Install\Temp\fb45ixsb\GraySmallTitle.ascx
2012-03-31 17:13:10,959 [MOBILE][Thread:21][ERROR] DotNetNuke.Services.Upgrade.Upgrade - File specified in the dnn could not be found in the zip file:  - C:\Develope\DNN6\Website\Install\Temp\fb45ixsb\GraySmallTitle.css
2012-03-31 17:13:10,972 [MOBILE][Thread:21][ERROR] DotNetNuke.Services.Upgrade.Upgrade - File specified in the dnn could not be found in the zip file:  - C:\Develope\DNN6\Website\Install\Temp\fb45ixsb\GraySmallTitle.jpg
2012-03-31 17:13:10,985 [MOBILE][Thread:21][ERROR] DotNetNuke.Services.Upgrade.Upgrade - File specified in the dnn could not be found in the zip file:  - C:\Develope\DNN6\Website\Install\Temp\fb45ixsb\GrayTitle.ascx
2012-03-31 17:13:11,001 [MOBILE][Thread:21][ERROR] DotNetNuke.Services.Upgrade.Upgrade - File specified in the dnn could not be found in the zip file:  - C:\Develope\DNN6\Website\Install\Temp\fb45ixsb\GrayTitle.css
2012-03-31 17:13:11,014 [MOBILE][Thread:21][ERROR] DotNetNuke.Services.Upgrade.Upgrade - File specified in the dnn could not be found in the zip file:  - C:\Develope\DNN6\Website\Install\Temp\fb45ixsb\GrayTitle.jpg
2012-03-31 17:13:11,026 [MOBILE][Thread:21][ERROR] DotNetNuke.Services.Upgrade.Upgrade - File specified in the dnn could not be found in the zip file:  - C:\Develope\DNN6\Website\Install\Temp\fb45ixsb\PinkTitle.ascx
2012-03-31 17:13:11,040 [MOBILE][Thread:21][ERROR] DotNetNuke.Services.Upgrade.Upgrade - File specified in the dnn could not be found in the zip file:  - C:\Develope\DNN6\Website\Install\Temp\fb45ixsb\PinkTitle.css
2012-03-31 17:13:11,054 [MOBILE][Thread:21][ERROR] DotNetNuke.Services.Upgrade.Upgrade - File specified in the dnn could not be found in the zip file:  - C:\Develope\DNN6\Website\Install\Temp\fb45ixsb\PinkTitle.jpg
2012-03-31 17:13:11,074 [MOBILE][Thread:21][ERROR] DotNetNuke.Services.Upgrade.Upgrade - File specified in the dnn could not be found in the zip file:  - C:\Develope\DNN6\Website\Install\Temp\fb45ixsb\thumbnail_defaultcontainer.jpg
2012-03-31 17:13:11,086 [MOBILE][Thread:21][ERROR] DotNetNuke.Services.Upgrade.Upgrade - File specified in the dnn could not be found in the zip file:  - C:\Develope\DNN6\Website\Install\Temp\fb45ixsb\thumbnail_graysmalltitle.jpg
2012-03-31 17:13:11,098 [MOBILE][Thread:21][ERROR] DotNetNuke.Services.Upgrade.Upgrade - File specified in the dnn could not be found in the zip file:  - C:\Develope\DNN6\Website\Install\Temp\fb45ixsb\thumbnail_graytitle.jpg
2012-03-31 17:13:11,112 [MOBILE][Thread:21][ERROR] DotNetNuke.Services.Upgrade.Upgrade - File specified in the dnn could not be found in the zip file:  - C:\Develope\DNN6\Website\Install\Temp\fb45ixsb\thumbnail_pinktitle.jpg
2012-03-31 17:13:16,187 [MOBILE][Thread:21][ERROR] DotNetNuke.Services.Upgrade.Upgrade - File specified in the dnn could not be found in the zip file:  - C:\Develope\DNN6\Website\Install\Temp\muz52iap\banner\banner-active.png
2012-03-31 17:13:16,201 [MOBILE][Thread:21][ERROR] DotNetNuke.Services.Upgrade.Upgrade - File specified in the dnn could not be found in the zip file:  - C:\Develope\DNN6\Website\Install\Temp\muz52iap\banner\banner-idel.png
2012-03-31 17:13:16,214 [MOBILE][Thread:21][ERROR] DotNetNuke.Services.Upgrade.Upgrade - File specified in the dnn could not be found in the zip file:  - C:\Develope\DNN6\Website\Install\Temp\muz52iap\banner\Banner_1.jpg
2012-03-31 17:13:16,226 [MOBILE][Thread:21][ERROR] DotNetNuke.Services.Upgrade.Upgrade - File specified in the dnn could not be found in the zip file:  - C:\Develope\DNN6\Website\Install\Temp\muz52iap\banner\Banner_2.jpg
2012-03-31 17:13:16,244 [MOBILE][Thread:21][ERROR] DotNetNuke.Services.Upgrade.Upgrade - File specified in the dnn could not be found in the zip file:  - C:\Develope\DNN6\Website\Install\Temp\muz52iap\banner\Banner_3.jpg
2012-03-31 17:13:16,259 [MOBILE][Thread:21][ERROR] DotNetNuke.Services.Upgrade.Upgrade - File specified in the dnn could not be found in the zip file:  - C:\Develope\DNN6\Website\Install\Temp\muz52iap\banner\Banner_4.jpg
2012-03-31 17:13:16,271 [MOBILE][Thread:21][ERROR] DotNetNuke.Services.Upgrade.Upgrade - File specified in the dnn could not be found in the zip file:  - C:\Develope\DNN6\Website\Install\Temp\muz52iap\banner\Banner_5.jpg
2012-03-31 17:13:16,287 [MOBILE][Thread:21][ERROR] DotNetNuke.Services.Upgrade.Upgrade - File specified in the dnn could not be found in the zip file:  - C:\Develope\DNN6\Website\Install\Temp\muz52iap\banner\style.css
2012-03-31 17:13:16,301 [MOBILE][Thread:21][ERROR] DotNetNuke.Services.Upgrade.Upgrade - File specified in the dnn could not be found in the zip file:  - C:\Develope\DNN6\Website\Install\Temp\muz52iap\Bullets.png
2012-03-31 17:13:16,316 [MOBILE][Thread:21][ERROR] DotNetNuke.Services.Upgrade.Upgrade - File specified in the dnn could not be found in the zip file:  - C:\Develope\DNN6\Website\Install\Temp\muz52iap\Icon_more.jpg
2012-03-31 17:13:16,329 [MOBILE][Thread:21][ERROR] DotNetNuke.Services.Upgrade.Upgrade - File specified in the dnn could not be found in the zip file:  - C:\Develope\DNN6\Website\Install\Temp\muz52iap\index.ascx
2012-03-31 17:13:16,343 [MOBILE][Thread:21][ERROR] DotNetNuke.Services.Upgrade.Upgrade - File specified in the dnn could not be found in the zip file:  - C:\Develope\DNN6\Website\Install\Temp\muz52iap\index.doctype.xml
2012-03-31 17:13:16,355 [MOBILE][Thread:21][ERROR] DotNetNuke.Services.Upgrade.Upgrade - File specified in the dnn could not be found in the zip file:  - C:\Develope\DNN6\Website\Install\Temp\muz52iap\index.jpg
2012-03-31 17:13:16,371 [MOBILE][Thread:21][ERROR] DotNetNuke.Services.Upgrade.Upgrade - File specified in the dnn could not be found in the zip file:  - C:\Develope\DNN6\Website\Install\Temp\muz52iap\LoginIconBG.png
2012-03-31 17:13:16,385 [MOBILE][Thread:21][ERROR] DotNetNuke.Services.Upgrade.Upgrade - File specified in the dnn could not be found in the zip file:  - C:\Develope\DNN6\Website\Install\Temp\muz52iap\Metro7_logo.jpg
2012-03-31 17:13:16,398 [MOBILE][Thread:21][ERROR] DotNetNuke.Services.Upgrade.Upgrade - File specified in the dnn could not be found in the zip file:  - C:\Develope\DNN6\Website\Install\Temp\muz52iap\SearchBG.png
2012-03-31 17:13:16,411 [MOBILE][Thread:21][ERROR] DotNetNuke.Services.Upgrade.Upgrade - File specified in the dnn could not be found in the zip file:  - C:\Develope\DNN6\Website\Install\Temp\muz52iap\SearchIconBG.png
2012-03-31 17:13:16,425 [MOBILE][Thread:21][ERROR] DotNetNuke.Services.Upgrade.Upgrade - File specified in the dnn could not be found in the zip file:  - C:\Develope\DNN6\Website\Install\Temp\muz52iap\skin.css
2012-03-31 17:13:16,438 [MOBILE][Thread:21][ERROR] DotNetNuke.Services.Upgrade.Upgrade - File specified in the dnn could not be found in the zip file:  - C:\Develope\DNN6\Website\Install\Temp\muz52iap\spacer2.gif
2012-03-31 17:13:16,450 [MOBILE][Thread:21][ERROR] DotNetNuke.Services.Upgrade.Upgrade - File specified in the dnn could not be found in the zip file:  - C:\Develope\DNN6\Website\Install\Temp\muz52iap\thumbnail_index.jpg
2012-03-31 17:13:16,463 [MOBILE][Thread:21][ERROR] DotNetNuke.Services.Upgrade.Upgrade - File specified in the dnn could not be found in the zip file:  - C:\Develope\DNN6\Website\Install\Temp\muz52iap\DefaultContainer.ascx
2012-03-31 17:13:16,478 [MOBILE][Thread:21][ERROR] DotNetNuke.Services.Upgrade.Upgrade - File specified in the dnn could not be found in the zip file:  - C:\Develope\DNN6\Website\Install\Temp\muz52iap\DefaultContainer.css
2012-03-31 17:13:16,493 [MOBILE][Thread:21][ERROR] DotNetNuke.Services.Upgrade.Upgrade - File specified in the dnn could not be found in the zip file:  - C:\Develope\DNN6\Website\Install\Temp\muz52iap\DefaultContainer.jpg
2012-03-31 17:13:16,509 [MOBILE][Thread:21][ERROR] DotNetNuke.Services.Upgrade.Upgrade - File specified in the dnn could not be found in the zip file:  - C:\Develope\DNN6\Website\Install\Temp\muz52iap\GraySmallTitle.ascx
2012-03-31 17:13:16,521 [MOBILE][Thread:21][ERROR] DotNetNuke.Services.Upgrade.Upgrade - File specified in the dnn could not be found in the zip file:  - C:\Develope\DNN6\Website\Install\Temp\muz52iap\GraySmallTitle.css
2012-03-31 17:13:16,535 [MOBILE][Thread:21][ERROR] DotNetNuke.Services.Upgrade.Upgrade - File specified in the dnn could not be found in the zip file:  - C:\Develope\DNN6\Website\Install\Temp\muz52iap\GraySmallTitle.jpg
2012-03-31 17:13:16,556 [MOBILE][Thread:21][ERROR] DotNetNuke.Services.Upgrade.Upgrade - File specified in the dnn could not be found in the zip file:  - C:\Develope\DNN6\Website\Install\Temp\muz52iap\GrayTitle.ascx
2012-03-31 17:13:16,577 [MOBILE][Thread:21][ERROR] DotNetNuke.Services.Upgrade.Upgrade - File specified in the dnn could not be found in the zip file:  - C:\Develope\DNN6\Website\Install\Temp\muz52iap\GrayTitle.css
2012-03-31 17:13:16,593 [MOBILE][Thread:21][ERROR] DotNetNuke.Services.Upgrade.Upgrade - File specified in the dnn could not be found in the zip file:  - C:\Develope\DNN6\Website\Install\Temp\muz52iap\GrayTitle.jpg
2012-03-31 17:13:16,606 [MOBILE][Thread:21][ERROR] DotNetNuke.Services.Upgrade.Upgrade - File specified in the dnn could not be found in the zip file:  - C:\Develope\DNN6\Website\Install\Temp\muz52iap\PinkTitle.ascx
2012-03-31 17:13:16,629 [MOBILE][Thread:21][ERROR] DotNetNuke.Services.Upgrade.Upgrade - File specified in the dnn could not be found in the zip file:  - C:\Develope\DNN6\Website\Install\Temp\muz52iap\PinkTitle.css
2012-03-31 17:13:16,643 [MOBILE][Thread:21][ERROR] DotNetNuke.Services.Upgrade.Upgrade - File specified in the dnn could not be found in the zip file:  - C:\Develope\DNN6\Website\Install\Temp\muz52iap\PinkTitle.jpg
2012-03-31 17:13:16,665 [MOBILE][Thread:21][ERROR] DotNetNuke.Services.Upgrade.Upgrade - File specified in the dnn could not be found in the zip file:  - C:\Develope\DNN6\Website\Install\Temp\muz52iap\thumbnail_defaultcontainer.jpg
2012-03-31 17:13:16,683 [MOBILE][Thread:21][ERROR] DotNetNuke.Services.Upgrade.Upgrade - File specified in the dnn could not be found in the zip file:  - C:\Develope\DNN6\Website\Install\Temp\muz52iap\thumbnail_graysmalltitle.jpg
2012-03-31 17:13:16,697 [MOBILE][Thread:21][ERROR] DotNetNuke.Services.Upgrade.Upgrade - File specified in the dnn could not be found in the zip file:  - C:\Develope\DNN6\Website\Install\Temp\muz52iap\thumbnail_graytitle.jpg
2012-03-31 17:13:16,717 [MOBILE][Thread:21][ERROR] DotNetNuke.Services.Upgrade.Upgrade - File specified in the dnn could not be found in the zip file:  - C:\Develope\DNN6\Website\Install\Temp\muz52iap\thumbnail_pinktitle.jpg
2012-03-31 17:13:16,730 [MOBILE][Thread:21][ERROR] DotNetNuke.Services.Upgrade.Upgrade - File specified in the dnn could not be found in the zip file:  - C:\Develope\DNN6\Website\Install\Temp\muz52iap\banner\banner-active.png
2012-03-31 17:13:16,754 [MOBILE][Thread:21][ERROR] DotNetNuke.Services.Upgrade.Upgrade - File specified in the dnn could not be found in the zip file:  - C:\Develope\DNN6\Website\Install\Temp\muz52iap\banner\banner-idel.png
2012-03-31 17:13:16,770 [MOBILE][Thread:21][ERROR] DotNetNuke.Services.Upgrade.Upgrade - File specified in the dnn could not be found in the zip file:  - C:\Develope\DNN6\Website\Install\Temp\muz52iap\banner\Banner_1.jpg
2012-03-31 17:13:16,784 [MOBILE][Thread:21][ERROR] DotNetNuke.Services.Upgrade.Upgrade - File specified in the dnn could not be found in the zip file:  - C:\Develope\DNN6\Website\Install\Temp\muz52iap\banner\Banner_2.jpg
2012-03-31 17:13:16,806 [MOBILE][Thread:21][ERROR] DotNetNuke.Services.Upgrade.Upgrade - File specified in the dnn could not be found in the zip file:  - C:\Develope\DNN6\Website\Install\Temp\muz52iap\banner\Banner_3.jpg
2012-03-31 17:13:16,820 [MOBILE][Thread:21][ERROR] DotNetNuke.Services.Upgrade.Upgrade - File specified in the dnn could not be found in the zip file:  - C:\Develope\DNN6\Website\Install\Temp\muz52iap\banner\Banner_4.jpg
2012-03-31 17:13:16,841 [MOBILE][Thread:21][ERROR] DotNetNuke.Services.Upgrade.Upgrade - File specified in the dnn could not be found in the zip file:  - C:\Develope\DNN6\Website\Install\Temp\muz52iap\banner\Banner_5.jpg
2012-03-31 17:13:16,855 [MOBILE][Thread:21][ERROR] DotNetNuke.Services.Upgrade.Upgrade - File specified in the dnn could not be found in the zip file:  - C:\Develope\DNN6\Website\Install\Temp\muz52iap\banner\style.css
2012-03-31 17:13:16,872 [MOBILE][Thread:21][ERROR] DotNetNuke.Services.Upgrade.Upgrade - File specified in the dnn could not be found in the zip file:  - C:\Develope\DNN6\Website\Install\Temp\muz52iap\Bullets.png
2012-03-31 17:13:16,891 [MOBILE][Thread:21][ERROR] DotNetNuke.Services.Upgrade.Upgrade - File specified in the dnn could not be found in the zip file:  - C:\Develope\DNN6\Website\Install\Temp\muz52iap\Icon_more.jpg
2012-03-31 17:13:16,904 [MOBILE][Thread:21][ERROR] DotNetNuke.Services.Upgrade.Upgrade - File specified in the dnn could not be found in the zip file:  - C:\Develope\DNN6\Website\Install\Temp\muz52iap\index.ascx
2012-03-31 17:13:16,925 [MOBILE][Thread:21][ERROR] DotNetNuke.Services.Upgrade.Upgrade - File specified in the dnn could not be found in the zip file:  - C:\Develope\DNN6\Website\Install\Temp\muz52iap\index.doctype.xml
2012-03-31 17:13:16,939 [MOBILE][Thread:21][ERROR] DotNetNuke.Services.Upgrade.Upgrade - File specified in the dnn could not be found in the zip file:  - C:\Develope\DNN6\Website\Install\Temp\muz52iap\index.jpg
2012-03-31 17:13:16,951 [MOBILE][Thread:21][ERROR] DotNetNuke.Services.Upgrade.Upgrade - File specified in the dnn could not be found in the zip file:  - C:\Develope\DNN6\Website\Install\Temp\muz52iap\LoginIconBG.png
2012-03-31 17:13:16,975 [MOBILE][Thread:21][ERROR] DotNetNuke.Services.Upgrade.Upgrade - File specified in the dnn could not be found in the zip file:  - C:\Develope\DNN6\Website\Install\Temp\muz52iap\Metro7_logo.jpg
2012-03-31 17:13:16,995 [MOBILE][Thread:21][ERROR] DotNetNuke.Services.Upgrade.Upgrade - File specified in the dnn could not be found in the zip file:  - C:\Develope\DNN6\Website\Install\Temp\muz52iap\SearchBG.png
2012-03-31 17:13:17,009 [MOBILE][Thread:21][ERROR] DotNetNuke.Services.Upgrade.Upgrade - File specified in the dnn could not be found in the zip file:  - C:\Develope\DNN6\Website\Install\Temp\muz52iap\SearchIconBG.png
2012-03-31 17:13:17,022 [MOBILE][Thread:21][ERROR] DotNetNuke.Services.Upgrade.Upgrade - File specified in the dnn could not be found in the zip file:  - C:\Develope\DNN6\Website\Install\Temp\muz52iap\skin.css
2012-03-31 17:13:17,035 [MOBILE][Thread:21][ERROR] DotNetNuke.Services.Upgrade.Upgrade - File specified in the dnn could not be found in the zip file:  - C:\Develope\DNN6\Website\Install\Temp\muz52iap\spacer2.gif
2012-03-31 17:13:17,047 [MOBILE][Thread:21][ERROR] DotNetNuke.Services.Upgrade.Upgrade - File specified in the dnn could not be found in the zip file:  - C:\Develope\DNN6\Website\Install\Temp\muz52iap\thumbnail_index.jpg
2012-03-31 17:13:17,060 [MOBILE][Thread:21][ERROR] DotNetNuke.Services.Upgrade.Upgrade - File specified in the dnn could not be found in the zip file:  - C:\Develope\DNN6\Website\Install\Temp\muz52iap\DefaultContainer.ascx
2012-03-31 17:13:17,072 [MOBILE][Thread:21][ERROR] DotNetNuke.Services.Upgrade.Upgrade - File specified in the dnn could not be found in the zip file:  - C:\Develope\DNN6\Website\Install\Temp\muz52iap\DefaultContainer.css
2012-03-31 17:13:17,085 [MOBILE][Thread:21][ERROR] DotNetNuke.Services.Upgrade.Upgrade - File specified in the dnn could not be found in the zip file:  - C:\Develope\DNN6\Website\Install\Temp\muz52iap\DefaultContainer.jpg
2012-03-31 17:13:17,097 [MOBILE][Thread:21][ERROR] DotNetNuke.Services.Upgrade.Upgrade - File specified in the dnn could not be found in the zip file:  - C:\Develope\DNN6\Website\Install\Temp\muz52iap\GraySmallTitle.ascx
2012-03-31 17:13:17,111 [MOBILE][Thread:21][ERROR] DotNetNuke.Services.Upgrade.Upgrade - File specified in the dnn could not be found in the zip file:  - C:\Develope\DNN6\Website\Install\Temp\muz52iap\GraySmallTitle.css
2012-03-31 17:13:17,128 [MOBILE][Thread:21][ERROR] DotNetNuke.Services.Upgrade.Upgrade - File specified in the dnn could not be found in the zip file:  - C:\Develope\DNN6\Website\Install\Temp\muz52iap\GraySmallTitle.jpg
2012-03-31 17:13:17,140 [MOBILE][Thread:21][ERROR] DotNetNuke.Services.Upgrade.Upgrade - File specified in the dnn could not be found in the zip file:  - C:\Develope\DNN6\Website\Install\Temp\muz52iap\GrayTitle.ascx
2012-03-31 17:13:17,152 [MOBILE][Thread:21][ERROR] DotNetNuke.Services.Upgrade.Upgrade - File specified in the dnn could not be found in the zip file:  - C:\Develope\DNN6\Website\Install\Temp\muz52iap\GrayTitle.css
2012-03-31 17:13:17,164 [MOBILE][Thread:21][ERROR] DotNetNuke.Services.Upgrade.Upgrade - File specified in the dnn could not be found in the zip file:  - C:\Develope\DNN6\Website\Install\Temp\muz52iap\GrayTitle.jpg
2012-03-31 17:13:17,179 [MOBILE][Thread:21][ERROR] DotNetNuke.Services.Upgrade.Upgrade - File specified in the dnn could not be found in the zip file:  - C:\Develope\DNN6\Website\Install\Temp\muz52iap\PinkTitle.ascx
2012-03-31 17:13:17,193 [MOBILE][Thread:21][ERROR] DotNetNuke.Services.Upgrade.Upgrade - File specified in the dnn could not be found in the zip file:  - C:\Develope\DNN6\Website\Install\Temp\muz52iap\PinkTitle.css
2012-03-31 17:13:17,214 [MOBILE][Thread:21][ERROR] DotNetNuke.Services.Upgrade.Upgrade - File specified in the dnn could not be found in the zip file:  - C:\Develope\DNN6\Website\Install\Temp\muz52iap\PinkTitle.jpg
2012-03-31 17:13:17,228 [MOBILE][Thread:21][ERROR] DotNetNuke.Services.Upgrade.Upgrade - File specified in the dnn could not be found in the zip file:  - C:\Develope\DNN6\Website\Install\Temp\muz52iap\thumbnail_defaultcontainer.jpg
2012-03-31 17:13:17,243 [MOBILE][Thread:21][ERROR] DotNetNuke.Services.Upgrade.Upgrade - File specified in the dnn could not be found in the zip file:  - C:\Develope\DNN6\Website\Install\Temp\muz52iap\thumbnail_graysmalltitle.jpg
2012-03-31 17:13:17,256 [MOBILE][Thread:21][ERROR] DotNetNuke.Services.Upgrade.Upgrade - File specified in the dnn could not be found in the zip file:  - C:\Develope\DNN6\Website\Install\Temp\muz52iap\thumbnail_graytitle.jpg
2012-03-31 17:13:17,268 [MOBILE][Thread:21][ERROR] DotNetNuke.Services.Upgrade.Upgrade - File specified in the dnn could not be found in the zip file:  - C:\Develope\DNN6\Website\Install\Temp\muz52iap\thumbnail_pinktitle.jpg
2012-03-31 17:13:17,280 [MOBILE][Thread:21][ERROR] DotNetNuke.Services.Upgrade.Upgrade - File specified in the dnn could not be found in the zip file:  - C:\Develope\DNN6\Website\Install\Temp\muz52iap\banner\banner-active.png
2012-03-31 17:13:17,294 [MOBILE][Thread:21][ERROR] DotNetNuke.Services.Upgrade.Upgrade - File specified in the dnn could not be found in the zip file:  - C:\Develope\DNN6\Website\Install\Temp\muz52iap\banner\banner-idel.png
2012-03-31 17:13:17,309 [MOBILE][Thread:21][ERROR] DotNetNuke.Services.Upgrade.Upgrade - File specified in the dnn could not be found in the zip file:  - C:\Develope\DNN6\Website\Install\Temp\muz52iap\banner\Banner_1.jpg
2012-03-31 17:13:17,322 [MOBILE][Thread:21][ERROR] DotNetNuke.Services.Upgrade.Upgrade - File specified in the dnn could not be found in the zip file:  - C:\Develope\DNN6\Website\Install\Temp\muz52iap\banner\Banner_2.jpg
2012-03-31 17:13:17,334 [MOBILE][Thread:21][ERROR] DotNetNuke.Services.Upgrade.Upgrade - File specified in the dnn could not be found in the zip file:  - C:\Develope\DNN6\Website\Install\Temp\muz52iap\banner\Banner_3.jpg
2012-03-31 17:13:17,346 [MOBILE][Thread:21][ERROR] DotNetNuke.Services.Upgrade.Upgrade - File specified in the dnn could not be found in the zip file:  - C:\Develope\DNN6\Website\Install\Temp\muz52iap\banner\Banner_4.jpg
2012-03-31 17:13:17,359 [MOBILE][Thread:21][ERROR] DotNetNuke.Services.Upgrade.Upgrade - File specified in the dnn could not be found in the zip file:  - C:\Develope\DNN6\Website\Install\Temp\muz52iap\banner\Banner_5.jpg
2012-03-31 17:13:17,371 [MOBILE][Thread:21][ERROR] DotNetNuke.Services.Upgrade.Upgrade - File specified in the dnn could not be found in the zip file:  - C:\Develope\DNN6\Website\Install\Temp\muz52iap\banner\style.css
2012-03-31 17:13:17,385 [MOBILE][Thread:21][ERROR] DotNetNuke.Services.Upgrade.Upgrade - File specified in the dnn could not be found in the zip file:  - C:\Develope\DNN6\Website\Install\Temp\muz52iap\Bullets.png
2012-03-31 17:13:17,398 [MOBILE][Thread:21][ERROR] DotNetNuke.Services.Upgrade.Upgrade - File specified in the dnn could not be found in the zip file:  - C:\Develope\DNN6\Website\Install\Temp\muz52iap\Icon_more.jpg
2012-03-31 17:13:17,411 [MOBILE][Thread:21][ERROR] DotNetNuke.Services.Upgrade.Upgrade - File specified in the dnn could not be found in the zip file:  - C:\Develope\DNN6\Website\Install\Temp\muz52iap\index.ascx
2012-03-31 17:13:17,427 [MOBILE][Thread:21][ERROR] DotNetNuke.Services.Upgrade.Upgrade - File specified in the dnn could not be found in the zip file:  - C:\Develope\DNN6\Website\Install\Temp\muz52iap\index.doctype.xml
2012-03-31 17:13:17,439 [MOBILE][Thread:21][ERROR] DotNetNuke.Services.Upgrade.Upgrade - File specified in the dnn could not be found in the zip file:  - C:\Develope\DNN6\Website\Install\Temp\muz52iap\index.jpg
2012-03-31 17:13:17,453 [MOBILE][Thread:21][ERROR] DotNetNuke.Services.Upgrade.Upgrade - File specified in the dnn could not be found in the zip file:  - C:\Develope\DNN6\Website\Install\Temp\muz52iap\LoginIconBG.png
2012-03-31 17:13:17,467 [MOBILE][Thread:21][ERROR] DotNetNuke.Services.Upgrade.Upgrade - File specified in the dnn could not be found in the zip file:  - C:\Develope\DNN6\Website\Install\Temp\muz52iap\Metro7_logo.jpg
2012-03-31 17:13:17,479 [MOBILE][Thread:21][ERROR] DotNetNuke.Services.Upgrade.Upgrade - File specified in the dnn could not be found in the zip file:  - C:\Develope\DNN6\Website\Install\Temp\muz52iap\SearchBG.png
2012-03-31 17:13:17,491 [MOBILE][Thread:21][ERROR] DotNetNuke.Services.Upgrade.Upgrade - File specified in the dnn could not be found in the zip file:  - C:\Develope\DNN6\Website\Install\Temp\muz52iap\SearchIconBG.png
2012-03-31 17:13:17,504 [MOBILE][Thread:21][ERROR] DotNetNuke.Services.Upgrade.Upgrade - File specified in the dnn could not be found in the zip file:  - C:\Develope\DNN6\Website\Install\Temp\muz52iap\skin.css
2012-03-31 17:13:17,518 [MOBILE][Thread:21][ERROR] DotNetNuke.Services.Upgrade.Upgrade - File specified in the dnn could not be found in the zip file:  - C:\Develope\DNN6\Website\Install\Temp\muz52iap\spacer2.gif
2012-03-31 17:13:17,530 [MOBILE][Thread:21][ERROR] DotNetNuke.Services.Upgrade.Upgrade - File specified in the dnn could not be found in the zip file:  - C:\Develope\DNN6\Website\Install\Temp\muz52iap\thumbnail_index.jpg
2012-03-31 17:13:17,545 [MOBILE][Thread:21][ERROR] DotNetNuke.Services.Upgrade.Upgrade - File specified in the dnn could not be found in the zip file:  - C:\Develope\DNN6\Website\Install\Temp\muz52iap\DefaultContainer.ascx
2012-03-31 17:13:17,559 [MOBILE][Thread:21][ERROR] DotNetNuke.Services.Upgrade.Upgrade - File specified in the dnn could not be found in the zip file:  - C:\Develope\DNN6\Website\Install\Temp\muz52iap\DefaultContainer.css
2012-03-31 17:13:17,573 [MOBILE][Thread:21][ERROR] DotNetNuke.Services.Upgrade.Upgrade - File specified in the dnn could not be found in the zip file:  - C:\Develope\DNN6\Website\Install\Temp\muz52iap\DefaultContainer.jpg
2012-03-31 17:13:17,586 [MOBILE][Thread:21][ERROR] DotNetNuke.Services.Upgrade.Upgrade - File specified in the dnn could not be found in the zip file:  - C:\Develope\DNN6\Website\Install\Temp\muz52iap\GraySmallTitle.ascx
2012-03-31 17:13:17,598 [MOBILE][Thread:21][ERROR] DotNetNuke.Services.Upgrade.Upgrade - File specified in the dnn could not be found in the zip file:  - C:\Develope\DNN6\Website\Install\Temp\muz52iap\GraySmallTitle.css
2012-03-31 17:13:17,611 [MOBILE][Thread:21][ERROR] DotNetNuke.Services.Upgrade.Upgrade - File specified in the dnn could not be found in the zip file:  - C:\Develope\DNN6\Website\Install\Temp\muz52iap\GraySmallTitle.jpg
2012-03-31 17:13:17,626 [MOBILE][Thread:21][ERROR] DotNetNuke.Services.Upgrade.Upgrade - File specified in the dnn could not be found in the zip file:  - C:\Develope\DNN6\Website\Install\Temp\muz52iap\GrayTitle.ascx
2012-03-31 17:13:17,638 [MOBILE][Thread:21][ERROR] DotNetNuke.Services.Upgrade.Upgrade - File specified in the dnn could not be found in the zip file:  - C:\Develope\DNN6\Website\Install\Temp\muz52iap\GrayTitle.css
2012-03-31 17:13:17,651 [MOBILE][Thread:21][ERROR] DotNetNuke.Services.Upgrade.Upgrade - File specified in the dnn could not be found in the zip file:  - C:\Develope\DNN6\Website\Install\Temp\muz52iap\GrayTitle.jpg
2012-03-31 17:13:17,663 [MOBILE][Thread:21][ERROR] DotNetNuke.Services.Upgrade.Upgrade - File specified in the dnn could not be found in the zip file:  - C:\Develope\DNN6\Website\Install\Temp\muz52iap\PinkTitle.ascx
2012-03-31 17:13:17,676 [MOBILE][Thread:21][ERROR] DotNetNuke.Services.Upgrade.Upgrade - File specified in the dnn could not be found in the zip file:  - C:\Develope\DNN6\Website\Install\Temp\muz52iap\PinkTitle.css
2012-03-31 17:13:17,691 [MOBILE][Thread:21][ERROR] DotNetNuke.Services.Upgrade.Upgrade - File specified in the dnn could not be found in the zip file:  - C:\Develope\DNN6\Website\Install\Temp\muz52iap\PinkTitle.jpg
2012-03-31 17:13:17,706 [MOBILE][Thread:21][ERROR] DotNetNuke.Services.Upgrade.Upgrade - File specified in the dnn could not be found in the zip file:  - C:\Develope\DNN6\Website\Install\Temp\muz52iap\thumbnail_defaultcontainer.jpg
2012-03-31 17:13:17,731 [MOBILE][Thread:21][ERROR] DotNetNuke.Services.Upgrade.Upgrade - File specified in the dnn could not be found in the zip file:  - C:\Develope\DNN6\Website\Install\Temp\muz52iap\thumbnail_graysmalltitle.jpg
2012-03-31 17:13:17,744 [MOBILE][Thread:21][ERROR] DotNetNuke.Services.Upgrade.Upgrade - File specified in the dnn could not be found in the zip file:  - C:\Develope\DNN6\Website\Install\Temp\muz52iap\thumbnail_graytitle.jpg
2012-03-31 17:13:17,757 [MOBILE][Thread:21][ERROR] DotNetNuke.Services.Upgrade.Upgrade - File specified in the dnn could not be found in the zip file:  - C:\Develope\DNN6\Website\Install\Temp\muz52iap\thumbnail_pinktitle.jpg
2012-03-31 17:13:17,770 [MOBILE][Thread:21][ERROR] DotNetNuke.Services.Upgrade.Upgrade - File specified in the dnn could not be found in the zip file:  - C:\Develope\DNN6\Website\Install\Temp\muz52iap\banner\banner-active.png
2012-03-31 17:13:17,784 [MOBILE][Thread:21][ERROR] DotNetNuke.Services.Upgrade.Upgrade - File specified in the dnn could not be found in the zip file:  - C:\Develope\DNN6\Website\Install\Temp\muz52iap\banner\banner-idel.png
2012-03-31 17:13:17,800 [MOBILE][Thread:21][ERROR] DotNetNuke.Services.Upgrade.Upgrade - File specified in the dnn could not be found in the zip file:  - C:\Develope\DNN6\Website\Install\Temp\muz52iap\banner\Banner_1.jpg
2012-03-31 17:13:17,813 [MOBILE][Thread:21][ERROR] DotNetNuke.Services.Upgrade.Upgrade - File specified in the dnn could not be found in the zip file:  - C:\Develope\DNN6\Website\Install\Temp\muz52iap\banner\Banner_2.jpg
2012-03-31 17:13:17,826 [MOBILE][Thread:21][ERROR] DotNetNuke.Services.Upgrade.Upgrade - File specified in the dnn could not be found in the zip file:  - C:\Develope\DNN6\Website\Install\Temp\muz52iap\banner\Banner_3.jpg
2012-03-31 17:13:17,857 [MOBILE][Thread:21][ERROR] DotNetNuke.Services.Upgrade.Upgrade - File specified in the dnn could not be found in the zip file:  - C:\Develope\DNN6\Website\Install\Temp\muz52iap\banner\Banner_4.jpg
2012-03-31 17:13:17,870 [MOBILE][Thread:21][ERROR] DotNetNuke.Services.Upgrade.Upgrade - File specified in the dnn could not be found in the zip file:  - C:\Develope\DNN6\Website\Install\Temp\muz52iap\banner\Banner_5.jpg
2012-03-31 17:13:17,887 [MOBILE][Thread:21][ERROR] DotNetNuke.Services.Upgrade.Upgrade - File specified in the dnn could not be found in the zip file:  - C:\Develope\DNN6\Website\Install\Temp\muz52iap\banner\style.css
2012-03-31 17:13:17,899 [MOBILE][Thread:21][ERROR] DotNetNuke.Services.Upgrade.Upgrade - File specified in the dnn could not be found in the zip file:  - C:\Develope\DNN6\Website\Install\Temp\muz52iap\Bullets.png
2012-03-31 17:13:17,912 [MOBILE][Thread:21][ERROR] DotNetNuke.Services.Upgrade.Upgrade - File specified in the dnn could not be found in the zip file:  - C:\Develope\DNN6\Website\Install\Temp\muz52iap\Icon_more.jpg
2012-03-31 17:13:17,925 [MOBILE][Thread:21][ERROR] DotNetNuke.Services.Upgrade.Upgrade - File specified in the dnn could not be found in the zip file:  - C:\Develope\DNN6\Website\Install\Temp\muz52iap\index.ascx
2012-03-31 17:13:17,937 [MOBILE][Thread:21][ERROR] DotNetNuke.Services.Upgrade.Upgrade - File specified in the dnn could not be found in the zip file:  - C:\Develope\DNN6\Website\Install\Temp\muz52iap\index.doctype.xml
2012-03-31 17:13:17,951 [MOBILE][Thread:21][ERROR] DotNetNuke.Services.Upgrade.Upgrade - File specified in the dnn could not be found in the zip file:  - C:\Develope\DNN6\Website\Install\Temp\muz52iap\index.jpg
2012-03-31 17:13:17,963 [MOBILE][Thread:21][ERROR] DotNetNuke.Services.Upgrade.Upgrade - File specified in the dnn could not be found in the zip file:  - C:\Develope\DNN6\Website\Install\Temp\muz52iap\LoginIconBG.png
2012-03-31 17:13:17,976 [MOBILE][Thread:21][ERROR] DotNetNuke.Services.Upgrade.Upgrade - File specified in the dnn could not be found in the zip file:  - C:\Develope\DNN6\Website\Install\Temp\muz52iap\Metro7_logo.jpg
2012-03-31 17:13:17,988 [MOBILE][Thread:21][ERROR] DotNetNuke.Services.Upgrade.Upgrade - File specified in the dnn could not be found in the zip file:  - C:\Develope\DNN6\Website\Install\Temp\muz52iap\SearchBG.png
2012-03-31 17:13:18,001 [MOBILE][Thread:21][ERROR] DotNetNuke.Services.Upgrade.Upgrade - File specified in the dnn could not be found in the zip file:  - C:\Develope\DNN6\Website\Install\Temp\muz52iap\SearchIconBG.png
2012-03-31 17:13:18,013 [MOBILE][Thread:21][ERROR] DotNetNuke.Services.Upgrade.Upgrade - File specified in the dnn could not be found in the zip file:  - C:\Develope\DNN6\Website\Install\Temp\muz52iap\skin.css
2012-03-31 17:13:18,026 [MOBILE][Thread:21][ERROR] DotNetNuke.Services.Upgrade.Upgrade - File specified in the dnn could not be found in the zip file:  - C:\Develope\DNN6\Website\Install\Temp\muz52iap\spacer2.gif
2012-03-31 17:13:18,038 [MOBILE][Thread:21][ERROR] DotNetNuke.Services.Upgrade.Upgrade - File specified in the dnn could not be found in the zip file:  - C:\Develope\DNN6\Website\Install\Temp\muz52iap\thumbnail_index.jpg
2012-03-31 17:13:18,053 [MOBILE][Thread:21][ERROR] DotNetNuke.Services.Upgrade.Upgrade - File specified in the dnn could not be found in the zip file:  - C:\Develope\DNN6\Website\Install\Temp\muz52iap\DefaultContainer.ascx
2012-03-31 17:13:18,066 [MOBILE][Thread:21][ERROR] DotNetNuke.Services.Upgrade.Upgrade - File specified in the dnn could not be found in the zip file:  - C:\Develope\DNN6\Website\Install\Temp\muz52iap\DefaultContainer.css
2012-03-31 17:13:18,079 [MOBILE][Thread:21][ERROR] DotNetNuke.Services.Upgrade.Upgrade - File specified in the dnn could not be found in the zip file:  - C:\Develope\DNN6\Website\Install\Temp\muz52iap\DefaultContainer.jpg
2012-03-31 17:13:18,091 [MOBILE][Thread:21][ERROR] DotNetNuke.Services.Upgrade.Upgrade - File specified in the dnn could not be found in the zip file:  - C:\Develope\DNN6\Website\Install\Temp\muz52iap\GraySmallTitle.ascx
2012-03-31 17:13:18,103 [MOBILE][Thread:21][ERROR] DotNetNuke.Services.Upgrade.Upgrade - File specified in the dnn could not be found in the zip file:  - C:\Develope\DNN6\Website\Install\Temp\muz52iap\GraySmallTitle.css
2012-03-31 17:13:18,117 [MOBILE][Thread:21][ERROR] DotNetNuke.Services.Upgrade.Upgrade - File specified in the dnn could not be found in the zip file:  - C:\Develope\DNN6\Website\Install\Temp\muz52iap\GraySmallTitle.jpg
2012-03-31 17:13:18,130 [MOBILE][Thread:21][ERROR] DotNetNuke.Services.Upgrade.Upgrade - File specified in the dnn could not be found in the zip file:  - C:\Develope\DNN6\Website\Install\Temp\muz52iap\GrayTitle.ascx
2012-03-31 17:13:18,141 [MOBILE][Thread:21][ERROR] DotNetNuke.Services.Upgrade.Upgrade - File specified in the dnn could not be found in the zip file:  - C:\Develope\DNN6\Website\Install\Temp\muz52iap\GrayTitle.css
2012-03-31 17:13:18,159 [MOBILE][Thread:21][ERROR] DotNetNuke.Services.Upgrade.Upgrade - File specified in the dnn could not be found in the zip file:  - C:\Develope\DNN6\Website\Install\Temp\muz52iap\GrayTitle.jpg
2012-03-31 17:13:18,173 [MOBILE][Thread:21][ERROR] DotNetNuke.Services.Upgrade.Upgrade - File specified in the dnn could not be found in the zip file:  - C:\Develope\DNN6\Website\Install\Temp\muz52iap\PinkTitle.ascx
2012-03-31 17:13:18,185 [MOBILE][Thread:21][ERROR] DotNetNuke.Services.Upgrade.Upgrade - File specified in the dnn could not be found in the zip file:  - C:\Develope\DNN6\Website\Install\Temp\muz52iap\PinkTitle.css
2012-03-31 17:13:18,198 [MOBILE][Thread:21][ERROR] DotNetNuke.Services.Upgrade.Upgrade - File specified in the dnn could not be found in the zip file:  - C:\Develope\DNN6\Website\Install\Temp\muz52iap\PinkTitle.jpg
2012-03-31 17:13:18,211 [MOBILE][Thread:21][ERROR] DotNetNuke.Services.Upgrade.Upgrade - File specified in the dnn could not be found in the zip file:  - C:\Develope\DNN6\Website\Install\Temp\muz52iap\thumbnail_defaultcontainer.jpg
2012-03-31 17:13:18,225 [MOBILE][Thread:21][ERROR] DotNetNuke.Services.Upgrade.Upgrade - File specified in the dnn could not be found in the zip file:  - C:\Develope\DNN6\Website\Install\Temp\muz52iap\thumbnail_graysmalltitle.jpg
2012-03-31 17:13:18,244 [MOBILE][Thread:21][ERROR] DotNetNuke.Services.Upgrade.Upgrade - File specified in the dnn could not be found in the zip file:  - C:\Develope\DNN6\Website\Install\Temp\muz52iap\thumbnail_graytitle.jpg
2012-03-31 17:13:18,257 [MOBILE][Thread:21][ERROR] DotNetNuke.Services.Upgrade.Upgrade - File specified in the dnn could not be found in the zip file:  - C:\Develope\DNN6\Website\Install\Temp\muz52iap\thumbnail_pinktitle.jpg
2012-03-31 17:13:23,304 [MOBILE][Thread:21][ERROR] DotNetNuke.Services.Upgrade.Upgrade - File specified in the dnn could not be found in the zip file:  - C:\Develope\DNN6\Website\Install\Temp\zjnxzrfy\banner\banner-active.png
2012-03-31 17:13:23,328 [MOBILE][Thread:21][ERROR] DotNetNuke.Services.Upgrade.Upgrade - File specified in the dnn could not be found in the zip file:  - C:\Develope\DNN6\Website\Install\Temp\zjnxzrfy\banner\banner-idel.png
2012-03-31 17:13:23,341 [MOBILE][Thread:21][ERROR] DotNetNuke.Services.Upgrade.Upgrade - File specified in the dnn could not be found in the zip file:  - C:\Develope\DNN6\Website\Install\Temp\zjnxzrfy\banner\Banner_1.jpg
2012-03-31 17:13:23,354 [MOBILE][Thread:21][ERROR] DotNetNuke.Services.Upgrade.Upgrade - File specified in the dnn could not be found in the zip file:  - C:\Develope\DNN6\Website\Install\Temp\zjnxzrfy\banner\Banner_2.jpg
2012-03-31 17:13:23,369 [MOBILE][Thread:21][ERROR] DotNetNuke.Services.Upgrade.Upgrade - File specified in the dnn could not be found in the zip file:  - C:\Develope\DNN6\Website\Install\Temp\zjnxzrfy\banner\Banner_3.jpg
2012-03-31 17:13:23,382 [MOBILE][Thread:21][ERROR] DotNetNuke.Services.Upgrade.Upgrade - File specified in the dnn could not be found in the zip file:  - C:\Develope\DNN6\Website\Install\Temp\zjnxzrfy\banner\Banner_4.jpg
2012-03-31 17:13:23,398 [MOBILE][Thread:21][ERROR] DotNetNuke.Services.Upgrade.Upgrade - File specified in the dnn could not be found in the zip file:  - C:\Develope\DNN6\Website\Install\Temp\zjnxzrfy\banner\Banner_5.jpg
2012-03-31 17:13:23,411 [MOBILE][Thread:21][ERROR] DotNetNuke.Services.Upgrade.Upgrade - File specified in the dnn could not be found in the zip file:  - C:\Develope\DNN6\Website\Install\Temp\zjnxzrfy\banner\style.css
2012-03-31 17:13:23,431 [MOBILE][Thread:21][ERROR] DotNetNuke.Services.Upgrade.Upgrade - File specified in the dnn could not be found in the zip file:  - C:\Develope\DNN6\Website\Install\Temp\zjnxzrfy\Bullets.png
2012-03-31 17:13:23,444 [MOBILE][Thread:21][ERROR] DotNetNuke.Services.Upgrade.Upgrade - File specified in the dnn could not be found in the zip file:  - C:\Develope\DNN6\Website\Install\Temp\zjnxzrfy\Icon_more.jpg
2012-03-31 17:13:23,495 [MOBILE][Thread:21][ERROR] DotNetNuke.Services.Upgrade.Upgrade - File specified in the dnn could not be found in the zip file:  - C:\Develope\DNN6\Website\Install\Temp\zjnxzrfy\index.ascx
2012-03-31 17:13:23,524 [MOBILE][Thread:21][ERROR] DotNetNuke.Services.Upgrade.Upgrade - File specified in the dnn could not be found in the zip file:  - C:\Develope\DNN6\Website\Install\Temp\zjnxzrfy\index.doctype.xml
2012-03-31 17:13:23,548 [MOBILE][Thread:21][ERROR] DotNetNuke.Services.Upgrade.Upgrade - File specified in the dnn could not be found in the zip file:  - C:\Develope\DNN6\Website\Install\Temp\zjnxzrfy\index.jpg
2012-03-31 17:13:23,566 [MOBILE][Thread:21][ERROR] DotNetNuke.Services.Upgrade.Upgrade - File specified in the dnn could not be found in the zip file:  - C:\Develope\DNN6\Website\Install\Temp\zjnxzrfy\LoginIconBG.png
2012-03-31 17:13:23,580 [MOBILE][Thread:21][ERROR] DotNetNuke.Services.Upgrade.Upgrade - File specified in the dnn could not be found in the zip file:  - C:\Develope\DNN6\Website\Install\Temp\zjnxzrfy\Metro7_logo.jpg
2012-03-31 17:13:23,592 [MOBILE][Thread:21][ERROR] DotNetNuke.Services.Upgrade.Upgrade - File specified in the dnn could not be found in the zip file:  - C:\Develope\DNN6\Website\Install\Temp\zjnxzrfy\SearchBG.png
2012-03-31 17:13:23,606 [MOBILE][Thread:21][ERROR] DotNetNuke.Services.Upgrade.Upgrade - File specified in the dnn could not be found in the zip file:  - C:\Develope\DNN6\Website\Install\Temp\zjnxzrfy\SearchIconBG.png
2012-03-31 17:13:23,619 [MOBILE][Thread:21][ERROR] DotNetNuke.Services.Upgrade.Upgrade - File specified in the dnn could not be found in the zip file:  - C:\Develope\DNN6\Website\Install\Temp\zjnxzrfy\skin.css
2012-03-31 17:13:23,632 [MOBILE][Thread:21][ERROR] DotNetNuke.Services.Upgrade.Upgrade - File specified in the dnn could not be found in the zip file:  - C:\Develope\DNN6\Website\Install\Temp\zjnxzrfy\spacer2.gif
2012-03-31 17:13:23,646 [MOBILE][Thread:21][ERROR] DotNetNuke.Services.Upgrade.Upgrade - File specified in the dnn could not be found in the zip file:  - C:\Develope\DNN6\Website\Install\Temp\zjnxzrfy\thumbnail_index.jpg
2012-03-31 17:13:23,658 [MOBILE][Thread:21][ERROR] DotNetNuke.Services.Upgrade.Upgrade - File specified in the dnn could not be found in the zip file:  - C:\Develope\DNN6\Website\Install\Temp\zjnxzrfy\DefaultContainer.ascx
2012-03-31 17:13:23,672 [MOBILE][Thread:21][ERROR] DotNetNuke.Services.Upgrade.Upgrade - File specified in the dnn could not be found in the zip file:  - C:\Develope\DNN6\Website\Install\Temp\zjnxzrfy\DefaultContainer.css
2012-03-31 17:13:23,686 [MOBILE][Thread:21][ERROR] DotNetNuke.Services.Upgrade.Upgrade - File specified in the dnn could not be found in the zip file:  - C:\Develope\DNN6\Website\Install\Temp\zjnxzrfy\DefaultContainer.jpg
2012-03-31 17:13:23,699 [MOBILE][Thread:21][ERROR] DotNetNuke.Services.Upgrade.Upgrade - File specified in the dnn could not be found in the zip file:  - C:\Develope\DNN6\Website\Install\Temp\zjnxzrfy\GraySmallTitle.ascx
2012-03-31 17:13:23,712 [MOBILE][Thread:21][ERROR] DotNetNuke.Services.Upgrade.Upgrade - File specified in the dnn could not be found in the zip file:  - C:\Develope\DNN6\Website\Install\Temp\zjnxzrfy\GraySmallTitle.css
2012-03-31 17:13:23,726 [MOBILE][Thread:21][ERROR] DotNetNuke.Services.Upgrade.Upgrade - File specified in the dnn could not be found in the zip file:  - C:\Develope\DNN6\Website\Install\Temp\zjnxzrfy\GraySmallTitle.jpg
2012-03-31 17:13:23,739 [MOBILE][Thread:21][ERROR] DotNetNuke.Services.Upgrade.Upgrade - File specified in the dnn could not be found in the zip file:  - C:\Develope\DNN6\Website\Install\Temp\zjnxzrfy\GrayTitle.ascx
2012-03-31 17:13:23,752 [MOBILE][Thread:21][ERROR] DotNetNuke.Services.Upgrade.Upgrade - File specified in the dnn could not be found in the zip file:  - C:\Develope\DNN6\Website\Install\Temp\zjnxzrfy\GrayTitle.css
2012-03-31 17:13:23,764 [MOBILE][Thread:21][ERROR] DotNetNuke.Services.Upgrade.Upgrade - File specified in the dnn could not be found in the zip file:  - C:\Develope\DNN6\Website\Install\Temp\zjnxzrfy\GrayTitle.jpg
2012-03-31 17:13:23,777 [MOBILE][Thread:21][ERROR] DotNetNuke.Services.Upgrade.Upgrade - File specified in the dnn could not be found in the zip file:  - C:\Develope\DNN6\Website\Install\Temp\zjnxzrfy\PinkTitle.ascx
2012-03-31 17:13:23,794 [MOBILE][Thread:21][ERROR] DotNetNuke.Services.Upgrade.Upgrade - File specified in the dnn could not be found in the zip file:  - C:\Develope\DNN6\Website\Install\Temp\zjnxzrfy\PinkTitle.css
2012-03-31 17:13:23,806 [MOBILE][Thread:21][ERROR] DotNetNuke.Services.Upgrade.Upgrade - File specified in the dnn could not be found in the zip file:  - C:\Develope\DNN6\Website\Install\Temp\zjnxzrfy\PinkTitle.jpg
2012-03-31 17:13:23,820 [MOBILE][Thread:21][ERROR] DotNetNuke.Services.Upgrade.Upgrade - File specified in the dnn could not be found in the zip file:  - C:\Develope\DNN6\Website\Install\Temp\zjnxzrfy\thumbnail_defaultcontainer.jpg
2012-03-31 17:13:23,833 [MOBILE][Thread:21][ERROR] DotNetNuke.Services.Upgrade.Upgrade - File specified in the dnn could not be found in the zip file:  - C:\Develope\DNN6\Website\Install\Temp\zjnxzrfy\thumbnail_graysmalltitle.jpg
2012-03-31 17:13:23,847 [MOBILE][Thread:21][ERROR] DotNetNuke.Services.Upgrade.Upgrade - File specified in the dnn could not be found in the zip file:  - C:\Develope\DNN6\Website\Install\Temp\zjnxzrfy\thumbnail_graytitle.jpg
2012-03-31 17:13:23,859 [MOBILE][Thread:21][ERROR] DotNetNuke.Services.Upgrade.Upgrade - File specified in the dnn could not be found in the zip file:  - C:\Develope\DNN6\Website\Install\Temp\zjnxzrfy\thumbnail_pinktitle.jpg
2012-03-31 17:13:23,873 [MOBILE][Thread:21][ERROR] DotNetNuke.Services.Upgrade.Upgrade - File specified in the dnn could not be found in the zip file:  - C:\Develope\DNN6\Website\Install\Temp\zjnxzrfy\banner\banner-active.png
2012-03-31 17:13:23,886 [MOBILE][Thread:21][ERROR] DotNetNuke.Services.Upgrade.Upgrade - File specified in the dnn could not be found in the zip file:  - C:\Develope\DNN6\Website\Install\Temp\zjnxzrfy\banner\banner-idel.png
2012-03-31 17:13:23,899 [MOBILE][Thread:21][ERROR] DotNetNuke.Services.Upgrade.Upgrade - File specified in the dnn could not be found in the zip file:  - C:\Develope\DNN6\Website\Install\Temp\zjnxzrfy\banner\Banner_1.jpg
2012-03-31 17:13:23,915 [MOBILE][Thread:21][ERROR] DotNetNuke.Services.Upgrade.Upgrade - File specified in the dnn could not be found in the zip file:  - C:\Develope\DNN6\Website\Install\Temp\zjnxzrfy\banner\Banner_2.jpg
2012-03-31 17:13:23,928 [MOBILE][Thread:21][ERROR] DotNetNuke.Services.Upgrade.Upgrade - File specified in the dnn could not be found in the zip file:  - C:\Develope\DNN6\Website\Install\Temp\zjnxzrfy\banner\Banner_3.jpg
2012-03-31 17:13:23,939 [MOBILE][Thread:21][ERROR] DotNetNuke.Services.Upgrade.Upgrade - File specified in the dnn could not be found in the zip file:  - C:\Develope\DNN6\Website\Install\Temp\zjnxzrfy\banner\Banner_4.jpg
2012-03-31 17:13:23,952 [MOBILE][Thread:21][ERROR] DotNetNuke.Services.Upgrade.Upgrade - File specified in the dnn could not be found in the zip file:  - C:\Develope\DNN6\Website\Install\Temp\zjnxzrfy\banner\Banner_5.jpg
2012-03-31 17:13:23,965 [MOBILE][Thread:21][ERROR] DotNetNuke.Services.Upgrade.Upgrade - File specified in the dnn could not be found in the zip file:  - C:\Develope\DNN6\Website\Install\Temp\zjnxzrfy\banner\style.css
2012-03-31 17:13:23,979 [MOBILE][Thread:21][ERROR] DotNetNuke.Services.Upgrade.Upgrade - File specified in the dnn could not be found in the zip file:  - C:\Develope\DNN6\Website\Install\Temp\zjnxzrfy\Bullets.png
2012-03-31 17:13:23,995 [MOBILE][Thread:21][ERROR] DotNetNuke.Services.Upgrade.Upgrade - File specified in the dnn could not be found in the zip file:  - C:\Develope\DNN6\Website\Install\Temp\zjnxzrfy\Icon_more.jpg
2012-03-31 17:13:24,008 [MOBILE][Thread:21][ERROR] DotNetNuke.Services.Upgrade.Upgrade - File specified in the dnn could not be found in the zip file:  - C:\Develope\DNN6\Website\Install\Temp\zjnxzrfy\index.ascx
2012-03-31 17:13:24,020 [MOBILE][Thread:21][ERROR] DotNetNuke.Services.Upgrade.Upgrade - File specified in the dnn could not be found in the zip file:  - C:\Develope\DNN6\Website\Install\Temp\zjnxzrfy\index.doctype.xml
2012-03-31 17:13:24,032 [MOBILE][Thread:21][ERROR] DotNetNuke.Services.Upgrade.Upgrade - File specified in the dnn could not be found in the zip file:  - C:\Develope\DNN6\Website\Install\Temp\zjnxzrfy\index.jpg
2012-03-31 17:13:24,044 [MOBILE][Thread:21][ERROR] DotNetNuke.Services.Upgrade.Upgrade - File specified in the dnn could not be found in the zip file:  - C:\Develope\DNN6\Website\Install\Temp\zjnxzrfy\LoginIconBG.png
2012-03-31 17:13:24,059 [MOBILE][Thread:21][ERROR] DotNetNuke.Services.Upgrade.Upgrade - File specified in the dnn could not be found in the zip file:  - C:\Develope\DNN6\Website\Install\Temp\zjnxzrfy\Metro7_logo.jpg
2012-03-31 17:13:24,071 [MOBILE][Thread:21][ERROR] DotNetNuke.Services.Upgrade.Upgrade - File specified in the dnn could not be found in the zip file:  - C:\Develope\DNN6\Website\Install\Temp\zjnxzrfy\SearchBG.png
2012-03-31 17:13:24,084 [MOBILE][Thread:21][ERROR] DotNetNuke.Services.Upgrade.Upgrade - File specified in the dnn could not be found in the zip file:  - C:\Develope\DNN6\Website\Install\Temp\zjnxzrfy\SearchIconBG.png
2012-03-31 17:13:24,096 [MOBILE][Thread:21][ERROR] DotNetNuke.Services.Upgrade.Upgrade - File specified in the dnn could not be found in the zip file:  - C:\Develope\DNN6\Website\Install\Temp\zjnxzrfy\skin.css
2012-03-31 17:13:24,111 [MOBILE][Thread:21][ERROR] DotNetNuke.Services.Upgrade.Upgrade - File specified in the dnn could not be found in the zip file:  - C:\Develope\DNN6\Website\Install\Temp\zjnxzrfy\spacer2.gif
2012-03-31 17:13:24,124 [MOBILE][Thread:21][ERROR] DotNetNuke.Services.Upgrade.Upgrade - File specified in the dnn could not be found in the zip file:  - C:\Develope\DNN6\Website\Install\Temp\zjnxzrfy\thumbnail_index.jpg
2012-03-31 17:13:24,136 [MOBILE][Thread:21][ERROR] DotNetNuke.Services.Upgrade.Upgrade - File specified in the dnn could not be found in the zip file:  - C:\Develope\DNN6\Website\Install\Temp\zjnxzrfy\DefaultContainer.ascx
2012-03-31 17:13:24,149 [MOBILE][Thread:21][ERROR] DotNetNuke.Services.Upgrade.Upgrade - File specified in the dnn could not be found in the zip file:  - C:\Develope\DNN6\Website\Install\Temp\zjnxzrfy\DefaultContainer.css
2012-03-31 17:13:24,162 [MOBILE][Thread:21][ERROR] DotNetNuke.Services.Upgrade.Upgrade - File specified in the dnn could not be found in the zip file:  - C:\Develope\DNN6\Website\Install\Temp\zjnxzrfy\DefaultContainer.jpg
2012-03-31 17:13:24,176 [MOBILE][Thread:21][ERROR] DotNetNuke.Services.Upgrade.Upgrade - File specified in the dnn could not be found in the zip file:  - C:\Develope\DNN6\Website\Install\Temp\zjnxzrfy\GraySmallTitle.ascx
2012-03-31 17:13:24,189 [MOBILE][Thread:21][ERROR] DotNetNuke.Services.Upgrade.Upgrade - File specified in the dnn could not be found in the zip file:  - C:\Develope\DNN6\Website\Install\Temp\zjnxzrfy\GraySmallTitle.css
2012-03-31 17:13:24,201 [MOBILE][Thread:21][ERROR] DotNetNuke.Services.Upgrade.Upgrade - File specified in the dnn could not be found in the zip file:  - C:\Develope\DNN6\Website\Install\Temp\zjnxzrfy\GraySmallTitle.jpg
2012-03-31 17:13:24,213 [MOBILE][Thread:21][ERROR] DotNetNuke.Services.Upgrade.Upgrade - File specified in the dnn could not be found in the zip file:  - C:\Develope\DNN6\Website\Install\Temp\zjnxzrfy\GrayTitle.ascx
2012-03-31 17:13:24,226 [MOBILE][Thread:21][ERROR] DotNetNuke.Services.Upgrade.Upgrade - File specified in the dnn could not be found in the zip file:  - C:\Develope\DNN6\Website\Install\Temp\zjnxzrfy\GrayTitle.css
2012-03-31 17:13:24,249 [MOBILE][Thread:21][ERROR] DotNetNuke.Services.Upgrade.Upgrade - File specified in the dnn could not be found in the zip file:  - C:\Develope\DNN6\Website\Install\Temp\zjnxzrfy\GrayTitle.jpg
2012-03-31 17:13:24,261 [MOBILE][Thread:21][ERROR] DotNetNuke.Services.Upgrade.Upgrade - File specified in the dnn could not be found in the zip file:  - C:\Develope\DNN6\Website\Install\Temp\zjnxzrfy\PinkTitle.ascx
2012-03-31 17:13:24,273 [MOBILE][Thread:21][ERROR] DotNetNuke.Services.Upgrade.Upgrade - File specified in the dnn could not be found in the zip file:  - C:\Develope\DNN6\Website\Install\Temp\zjnxzrfy\PinkTitle.css
2012-03-31 17:13:24,286 [MOBILE][Thread:21][ERROR] DotNetNuke.Services.Upgrade.Upgrade - File specified in the dnn could not be found in the zip file:  - C:\Develope\DNN6\Website\Install\Temp\zjnxzrfy\PinkTitle.jpg
2012-03-31 17:13:24,299 [MOBILE][Thread:21][ERROR] DotNetNuke.Services.Upgrade.Upgrade - File specified in the dnn could not be found in the zip file:  - C:\Develope\DNN6\Website\Install\Temp\zjnxzrfy\thumbnail_defaultcontainer.jpg
2012-03-31 17:13:24,312 [MOBILE][Thread:21][ERROR] DotNetNuke.Services.Upgrade.Upgrade - File specified in the dnn could not be found in the zip file:  - C:\Develope\DNN6\Website\Install\Temp\zjnxzrfy\thumbnail_graysmalltitle.jpg
2012-03-31 17:13:24,325 [MOBILE][Thread:21][ERROR] DotNetNuke.Services.Upgrade.Upgrade - File specified in the dnn could not be found in the zip file:  - C:\Develope\DNN6\Website\Install\Temp\zjnxzrfy\thumbnail_graytitle.jpg
2012-03-31 17:13:24,346 [MOBILE][Thread:21][ERROR] DotNetNuke.Services.Upgrade.Upgrade - File specified in the dnn could not be found in the zip file:  - C:\Develope\DNN6\Website\Install\Temp\zjnxzrfy\thumbnail_pinktitle.jpg
2012-03-31 17:13:24,359 [MOBILE][Thread:21][ERROR] DotNetNuke.Services.Upgrade.Upgrade - File specified in the dnn could not be found in the zip file:  - C:\Develope\DNN6\Website\Install\Temp\zjnxzrfy\banner\banner-active.png
2012-03-31 17:13:24,371 [MOBILE][Thread:21][ERROR] DotNetNuke.Services.Upgrade.Upgrade - File specified in the dnn could not be found in the zip file:  - C:\Develope\DNN6\Website\Install\Temp\zjnxzrfy\banner\banner-idel.png
2012-03-31 17:13:24,383 [MOBILE][Thread:21][ERROR] DotNetNuke.Services.Upgrade.Upgrade - File specified in the dnn could not be found in the zip file:  - C:\Develope\DNN6\Website\Install\Temp\zjnxzrfy\banner\Banner_1.jpg
2012-03-31 17:13:24,402 [MOBILE][Thread:21][ERROR] DotNetNuke.Services.Upgrade.Upgrade - File specified in the dnn could not be found in the zip file:  - C:\Develope\DNN6\Website\Install\Temp\zjnxzrfy\banner\Banner_2.jpg
2012-03-31 17:13:24,416 [MOBILE][Thread:21][ERROR] DotNetNuke.Services.Upgrade.Upgrade - File specified in the dnn could not be found in the zip file:  - C:\Develope\DNN6\Website\Install\Temp\zjnxzrfy\banner\Banner_3.jpg
2012-03-31 17:13:24,429 [MOBILE][Thread:21][ERROR] DotNetNuke.Services.Upgrade.Upgrade - File specified in the dnn could not be found in the zip file:  - C:\Develope\DNN6\Website\Install\Temp\zjnxzrfy\banner\Banner_4.jpg
2012-03-31 17:13:24,442 [MOBILE][Thread:21][ERROR] DotNetNuke.Services.Upgrade.Upgrade - File specified in the dnn could not be found in the zip file:  - C:\Develope\DNN6\Website\Install\Temp\zjnxzrfy\banner\Banner_5.jpg
2012-03-31 17:13:24,456 [MOBILE][Thread:21][ERROR] DotNetNuke.Services.Upgrade.Upgrade - File specified in the dnn could not be found in the zip file:  - C:\Develope\DNN6\Website\Install\Temp\zjnxzrfy\banner\style.css
2012-03-31 17:13:24,468 [MOBILE][Thread:21][ERROR] DotNetNuke.Services.Upgrade.Upgrade - File specified in the dnn could not be found in the zip file:  - C:\Develope\DNN6\Website\Install\Temp\zjnxzrfy\Bullets.png
2012-03-31 17:13:24,482 [MOBILE][Thread:21][ERROR] DotNetNuke.Services.Upgrade.Upgrade - File specified in the dnn could not be found in the zip file:  - C:\Develope\DNN6\Website\Install\Temp\zjnxzrfy\Icon_more.jpg
2012-03-31 17:13:24,497 [MOBILE][Thread:21][ERROR] DotNetNuke.Services.Upgrade.Upgrade - File specified in the dnn could not be found in the zip file:  - C:\Develope\DNN6\Website\Install\Temp\zjnxzrfy\index.ascx
2012-03-31 17:13:24,509 [MOBILE][Thread:21][ERROR] DotNetNuke.Services.Upgrade.Upgrade - File specified in the dnn could not be found in the zip file:  - C:\Develope\DNN6\Website\Install\Temp\zjnxzrfy\index.doctype.xml
2012-03-31 17:13:24,522 [MOBILE][Thread:21][ERROR] DotNetNuke.Services.Upgrade.Upgrade - File specified in the dnn could not be found in the zip file:  - C:\Develope\DNN6\Website\Install\Temp\zjnxzrfy\index.jpg
2012-03-31 17:13:24,536 [MOBILE][Thread:21][ERROR] DotNetNuke.Services.Upgrade.Upgrade - File specified in the dnn could not be found in the zip file:  - C:\Develope\DNN6\Website\Install\Temp\zjnxzrfy\LoginIconBG.png
2012-03-31 17:13:24,550 [MOBILE][Thread:21][ERROR] DotNetNuke.Services.Upgrade.Upgrade - File specified in the dnn could not be found in the zip file:  - C:\Develope\DNN6\Website\Install\Temp\zjnxzrfy\Metro7_logo.jpg
2012-03-31 17:13:24,562 [MOBILE][Thread:21][ERROR] DotNetNuke.Services.Upgrade.Upgrade - File specified in the dnn could not be found in the zip file:  - C:\Develope\DNN6\Website\Install\Temp\zjnxzrfy\SearchBG.png
2012-03-31 17:13:24,580 [MOBILE][Thread:21][ERROR] DotNetNuke.Services.Upgrade.Upgrade - File specified in the dnn could not be found in the zip file:  - C:\Develope\DNN6\Website\Install\Temp\zjnxzrfy\SearchIconBG.png
2012-03-31 17:13:24,592 [MOBILE][Thread:21][ERROR] DotNetNuke.Services.Upgrade.Upgrade - File specified in the dnn could not be found in the zip file:  - C:\Develope\DNN6\Website\Install\Temp\zjnxzrfy\skin.css
2012-03-31 17:13:24,608 [MOBILE][Thread:21][ERROR] DotNetNuke.Services.Upgrade.Upgrade - File specified in the dnn could not be found in the zip file:  - C:\Develope\DNN6\Website\Install\Temp\zjnxzrfy\spacer2.gif
2012-03-31 17:13:24,621 [MOBILE][Thread:21][ERROR] DotNetNuke.Services.Upgrade.Upgrade - File specified in the dnn could not be found in the zip file:  - C:\Develope\DNN6\Website\Install\Temp\zjnxzrfy\thumbnail_index.jpg
2012-03-31 17:13:24,635 [MOBILE][Thread:21][ERROR] DotNetNuke.Services.Upgrade.Upgrade - File specified in the dnn could not be found in the zip file:  - C:\Develope\DNN6\Website\Install\Temp\zjnxzrfy\DefaultContainer.ascx
2012-03-31 17:13:24,647 [MOBILE][Thread:21][ERROR] DotNetNuke.Services.Upgrade.Upgrade - File specified in the dnn could not be found in the zip file:  - C:\Develope\DNN6\Website\Install\Temp\zjnxzrfy\DefaultContainer.css
2012-03-31 17:13:24,663 [MOBILE][Thread:21][ERROR] DotNetNuke.Services.Upgrade.Upgrade - File specified in the dnn could not be found in the zip file:  - C:\Develope\DNN6\Website\Install\Temp\zjnxzrfy\DefaultContainer.jpg
2012-03-31 17:13:24,688 [MOBILE][Thread:21][ERROR] DotNetNuke.Services.Upgrade.Upgrade - File specified in the dnn could not be found in the zip file:  - C:\Develope\DNN6\Website\Install\Temp\zjnxzrfy\GraySmallTitle.ascx
2012-03-31 17:13:24,701 [MOBILE][Thread:21][ERROR] DotNetNuke.Services.Upgrade.Upgrade - File specified in the dnn could not be found in the zip file:  - C:\Develope\DNN6\Website\Install\Temp\zjnxzrfy\GraySmallTitle.css
2012-03-31 17:13:24,713 [MOBILE][Thread:21][ERROR] DotNetNuke.Services.Upgrade.Upgrade - File specified in the dnn could not be found in the zip file:  - C:\Develope\DNN6\Website\Install\Temp\zjnxzrfy\GraySmallTitle.jpg
2012-03-31 17:13:24,725 [MOBILE][Thread:21][ERROR] DotNetNuke.Services.Upgrade.Upgrade - File specified in the dnn could not be found in the zip file:  - C:\Develope\DNN6\Website\Install\Temp\zjnxzrfy\GrayTitle.ascx
2012-03-31 17:13:24,737 [MOBILE][Thread:21][ERROR] DotNetNuke.Services.Upgrade.Upgrade - File specified in the dnn could not be found in the zip file:  - C:\Develope\DNN6\Website\Install\Temp\zjnxzrfy\GrayTitle.css
2012-03-31 17:13:24,752 [MOBILE][Thread:21][ERROR] DotNetNuke.Services.Upgrade.Upgrade - File specified in the dnn could not be found in the zip file:  - C:\Develope\DNN6\Website\Install\Temp\zjnxzrfy\GrayTitle.jpg
2012-03-31 17:13:24,764 [MOBILE][Thread:21][ERROR] DotNetNuke.Services.Upgrade.Upgrade - File specified in the dnn could not be found in the zip file:  - C:\Develope\DNN6\Website\Install\Temp\zjnxzrfy\PinkTitle.ascx
2012-03-31 17:13:24,776 [MOBILE][Thread:21][ERROR] DotNetNuke.Services.Upgrade.Upgrade - File specified in the dnn could not be found in the zip file:  - C:\Develope\DNN6\Website\Install\Temp\zjnxzrfy\PinkTitle.css
2012-03-31 17:13:24,788 [MOBILE][Thread:21][ERROR] DotNetNuke.Services.Upgrade.Upgrade - File specified in the dnn could not be found in the zip file:  - C:\Develope\DNN6\Website\Install\Temp\zjnxzrfy\PinkTitle.jpg
2012-03-31 17:13:24,800 [MOBILE][Thread:21][ERROR] DotNetNuke.Services.Upgrade.Upgrade - File specified in the dnn could not be found in the zip file:  - C:\Develope\DNN6\Website\Install\Temp\zjnxzrfy\thumbnail_defaultcontainer.jpg
2012-03-31 17:13:24,813 [MOBILE][Thread:21][ERROR] DotNetNuke.Services.Upgrade.Upgrade - File specified in the dnn could not be found in the zip file:  - C:\Develope\DNN6\Website\Install\Temp\zjnxzrfy\thumbnail_graysmalltitle.jpg
2012-03-31 17:13:24,828 [MOBILE][Thread:21][ERROR] DotNetNuke.Services.Upgrade.Upgrade - File specified in the dnn could not be found in the zip file:  - C:\Develope\DNN6\Website\Install\Temp\zjnxzrfy\thumbnail_graytitle.jpg
2012-03-31 17:13:24,840 [MOBILE][Thread:21][ERROR] DotNetNuke.Services.Upgrade.Upgrade - File specified in the dnn could not be found in the zip file:  - C:\Develope\DNN6\Website\Install\Temp\zjnxzrfy\thumbnail_pinktitle.jpg
2012-03-31 17:13:24,862 [MOBILE][Thread:21][ERROR] DotNetNuke.Services.Upgrade.Upgrade - File specified in the dnn could not be found in the zip file:  - C:\Develope\DNN6\Website\Install\Temp\zjnxzrfy\banner\banner-active.png
2012-03-31 17:13:24,875 [MOBILE][Thread:21][ERROR] DotNetNuke.Services.Upgrade.Upgrade - File specified in the dnn could not be found in the zip file:  - C:\Develope\DNN6\Website\Install\Temp\zjnxzrfy\banner\banner-idel.png
2012-03-31 17:13:24,887 [MOBILE][Thread:21][ERROR] DotNetNuke.Services.Upgrade.Upgrade - File specified in the dnn could not be found in the zip file:  - C:\Develope\DNN6\Website\Install\Temp\zjnxzrfy\banner\Banner_1.jpg
2012-03-31 17:13:24,901 [MOBILE][Thread:21][ERROR] DotNetNuke.Services.Upgrade.Upgrade - File specified in the dnn could not be found in the zip file:  - C:\Develope\DNN6\Website\Install\Temp\zjnxzrfy\banner\Banner_2.jpg
2012-03-31 17:13:24,915 [MOBILE][Thread:21][ERROR] DotNetNuke.Services.Upgrade.Upgrade - File specified in the dnn could not be found in the zip file:  - C:\Develope\DNN6\Website\Install\Temp\zjnxzrfy\banner\Banner_3.jpg
2012-03-31 17:13:24,928 [MOBILE][Thread:21][ERROR] DotNetNuke.Services.Upgrade.Upgrade - File specified in the dnn could not be found in the zip file:  - C:\Develope\DNN6\Website\Install\Temp\zjnxzrfy\banner\Banner_4.jpg
2012-03-31 17:13:24,941 [MOBILE][Thread:21][ERROR] DotNetNuke.Services.Upgrade.Upgrade - File specified in the dnn could not be found in the zip file:  - C:\Develope\DNN6\Website\Install\Temp\zjnxzrfy\banner\Banner_5.jpg
2012-03-31 17:13:24,954 [MOBILE][Thread:21][ERROR] DotNetNuke.Services.Upgrade.Upgrade - File specified in the dnn could not be found in the zip file:  - C:\Develope\DNN6\Website\Install\Temp\zjnxzrfy\banner\style.css
2012-03-31 17:13:24,966 [MOBILE][Thread:21][ERROR] DotNetNuke.Services.Upgrade.Upgrade - File specified in the dnn could not be found in the zip file:  - C:\Develope\DNN6\Website\Install\Temp\zjnxzrfy\Bullets.png
2012-03-31 17:13:24,980 [MOBILE][Thread:21][ERROR] DotNetNuke.Services.Upgrade.Upgrade - File specified in the dnn could not be found in the zip file:  - C:\Develope\DNN6\Website\Install\Temp\zjnxzrfy\Icon_more.jpg
2012-03-31 17:13:24,994 [MOBILE][Thread:21][ERROR] DotNetNuke.Services.Upgrade.Upgrade - File specified in the dnn could not be found in the zip file:  - C:\Develope\DNN6\Website\Install\Temp\zjnxzrfy\index.ascx
2012-03-31 17:13:25,006 [MOBILE][Thread:21][ERROR] DotNetNuke.Services.Upgrade.Upgrade - File specified in the dnn could not be found in the zip file:  - C:\Develope\DNN6\Website\Install\Temp\zjnxzrfy\index.doctype.xml
2012-03-31 17:13:25,019 [MOBILE][Thread:21][ERROR] DotNetNuke.Services.Upgrade.Upgrade - File specified in the dnn could not be found in the zip file:  - C:\Develope\DNN6\Website\Install\Temp\zjnxzrfy\index.jpg
2012-03-31 17:13:25,033 [MOBILE][Thread:21][ERROR] DotNetNuke.Services.Upgrade.Upgrade - File specified in the dnn could not be found in the zip file:  - C:\Develope\DNN6\Website\Install\Temp\zjnxzrfy\LoginIconBG.png
2012-03-31 17:13:25,047 [MOBILE][Thread:21][ERROR] DotNetNuke.Services.Upgrade.Upgrade - File specified in the dnn could not be found in the zip file:  - C:\Develope\DNN6\Website\Install\Temp\zjnxzrfy\Metro7_logo.jpg
2012-03-31 17:13:25,060 [MOBILE][Thread:21][ERROR] DotNetNuke.Services.Upgrade.Upgrade - File specified in the dnn could not be found in the zip file:  - C:\Develope\DNN6\Website\Install\Temp\zjnxzrfy\SearchBG.png
2012-03-31 17:13:25,072 [MOBILE][Thread:21][ERROR] DotNetNuke.Services.Upgrade.Upgrade - File specified in the dnn could not be found in the zip file:  - C:\Develope\DNN6\Website\Install\Temp\zjnxzrfy\SearchIconBG.png
2012-03-31 17:13:25,085 [MOBILE][Thread:21][ERROR] DotNetNuke.Services.Upgrade.Upgrade - File specified in the dnn could not be found in the zip file:  - C:\Develope\DNN6\Website\Install\Temp\zjnxzrfy\skin.css
2012-03-31 17:13:25,101 [MOBILE][Thread:21][ERROR] DotNetNuke.Services.Upgrade.Upgrade - File specified in the dnn could not be found in the zip file:  - C:\Develope\DNN6\Website\Install\Temp\zjnxzrfy\spacer2.gif
2012-03-31 17:13:25,113 [MOBILE][Thread:21][ERROR] DotNetNuke.Services.Upgrade.Upgrade - File specified in the dnn could not be found in the zip file:  - C:\Develope\DNN6\Website\Install\Temp\zjnxzrfy\thumbnail_index.jpg
2012-03-31 17:13:25,126 [MOBILE][Thread:21][ERROR] DotNetNuke.Services.Upgrade.Upgrade - File specified in the dnn could not be found in the zip file:  - C:\Develope\DNN6\Website\Install\Temp\zjnxzrfy\DefaultContainer.ascx
2012-03-31 17:13:25,139 [MOBILE][Thread:21][ERROR] DotNetNuke.Services.Upgrade.Upgrade - File specified in the dnn could not be found in the zip file:  - C:\Develope\DNN6\Website\Install\Temp\zjnxzrfy\DefaultContainer.css
2012-03-31 17:13:25,151 [MOBILE][Thread:21][ERROR] DotNetNuke.Services.Upgrade.Upgrade - File specified in the dnn could not be found in the zip file:  - C:\Develope\DNN6\Website\Install\Temp\zjnxzrfy\DefaultContainer.jpg
2012-03-31 17:13:25,166 [MOBILE][Thread:21][ERROR] DotNetNuke.Services.Upgrade.Upgrade - File specified in the dnn could not be found in the zip file:  - C:\Develope\DNN6\Website\Install\Temp\zjnxzrfy\GraySmallTitle.ascx
2012-03-31 17:13:25,179 [MOBILE][Thread:21][ERROR] DotNetNuke.Services.Upgrade.Upgrade - File specified in the dnn could not be found in the zip file:  - C:\Develope\DNN6\Website\Install\Temp\zjnxzrfy\GraySmallTitle.css
2012-03-31 17:13:25,191 [MOBILE][Thread:21][ERROR] DotNetNuke.Services.Upgrade.Upgrade - File specified in the dnn could not be found in the zip file:  - C:\Develope\DNN6\Website\Install\Temp\zjnxzrfy\GraySmallTitle.jpg
2012-03-31 17:13:25,203 [MOBILE][Thread:21][ERROR] DotNetNuke.Services.Upgrade.Upgrade - File specified in the dnn could not be found in the zip file:  - C:\Develope\DNN6\Website\Install\Temp\zjnxzrfy\GrayTitle.ascx
2012-03-31 17:13:25,218 [MOBILE][Thread:21][ERROR] DotNetNuke.Services.Upgrade.Upgrade - File specified in the dnn could not be found in the zip file:  - C:\Develope\DNN6\Website\Install\Temp\zjnxzrfy\GrayTitle.css
2012-03-31 17:13:25,232 [MOBILE][Thread:21][ERROR] DotNetNuke.Services.Upgrade.Upgrade - File specified in the dnn could not be found in the zip file:  - C:\Develope\DNN6\Website\Install\Temp\zjnxzrfy\GrayTitle.jpg
2012-03-31 17:13:25,245 [MOBILE][Thread:21][ERROR] DotNetNuke.Services.Upgrade.Upgrade - File specified in the dnn could not be found in the zip file:  - C:\Develope\DNN6\Website\Install\Temp\zjnxzrfy\PinkTitle.ascx
2012-03-31 17:13:25,258 [MOBILE][Thread:21][ERROR] DotNetNuke.Services.Upgrade.Upgrade - File specified in the dnn could not be found in the zip file:  - C:\Develope\DNN6\Website\Install\Temp\zjnxzrfy\PinkTitle.css
2012-03-31 17:13:25,270 [MOBILE][Thread:21][ERROR] DotNetNuke.Services.Upgrade.Upgrade - File specified in the dnn could not be found in the zip file:  - C:\Develope\DNN6\Website\Install\Temp\zjnxzrfy\PinkTitle.jpg
2012-03-31 17:13:25,286 [MOBILE][Thread:21][ERROR] DotNetNuke.Services.Upgrade.Upgrade - File specified in the dnn could not be found in the zip file:  - C:\Develope\DNN6\Website\Install\Temp\zjnxzrfy\thumbnail_defaultcontainer.jpg
2012-03-31 17:13:25,300 [MOBILE][Thread:21][ERROR] DotNetNuke.Services.Upgrade.Upgrade - File specified in the dnn could not be found in the zip file:  - C:\Develope\DNN6\Website\Install\Temp\zjnxzrfy\thumbnail_graysmalltitle.jpg
2012-03-31 17:13:25,316 [MOBILE][Thread:21][ERROR] DotNetNuke.Services.Upgrade.Upgrade - File specified in the dnn could not be found in the zip file:  - C:\Develope\DNN6\Website\Install\Temp\zjnxzrfy\thumbnail_graytitle.jpg
2012-03-31 17:13:25,329 [MOBILE][Thread:21][ERROR] DotNetNuke.Services.Upgrade.Upgrade - File specified in the dnn could not be found in the zip file:  - C:\Develope\DNN6\Website\Install\Temp\zjnxzrfy\thumbnail_pinktitle.jpg
2012-03-31 17:14:06,271 [MOBILE][Thread:21][ERROR] DotNetNuke.Services.Upgrade.Upgrade - A newer version of this package is already installed - 6.1.0
2012-03-31 17:15:31,206 [MOBILE][Thread:21][ERROR] DotNetNuke.Services.Upgrade.Upgrade - File specified in the dnn could not be found in the zip file:  - C:\Develope\DNN6\Website\Install\Temp\2d0td04f\Metro7_Red\banner\banner-active.png
2012-03-31 17:15:31,231 [MOBILE][Thread:21][ERROR] DotNetNuke.Services.Upgrade.Upgrade - File specified in the dnn could not be found in the zip file:  - C:\Develope\DNN6\Website\Install\Temp\2d0td04f\Metro7_Red\banner\banner-idel.png
2012-03-31 17:15:31,246 [MOBILE][Thread:21][ERROR] DotNetNuke.Services.Upgrade.Upgrade - File specified in the dnn could not be found in the zip file:  - C:\Develope\DNN6\Website\Install\Temp\2d0td04f\Metro7_Red\banner\Banner_1.jpg
2012-03-31 17:15:31,267 [MOBILE][Thread:21][ERROR] DotNetNuke.Services.Upgrade.Upgrade - File specified in the dnn could not be found in the zip file:  - C:\Develope\DNN6\Website\Install\Temp\2d0td04f\Metro7_Red\banner\Banner_2.jpg
2012-03-31 17:15:31,280 [MOBILE][Thread:21][ERROR] DotNetNuke.Services.Upgrade.Upgrade - File specified in the dnn could not be found in the zip file:  - C:\Develope\DNN6\Website\Install\Temp\2d0td04f\Metro7_Red\banner\Banner_3.jpg
2012-03-31 17:15:31,296 [MOBILE][Thread:21][ERROR] DotNetNuke.Services.Upgrade.Upgrade - File specified in the dnn could not be found in the zip file:  - C:\Develope\DNN6\Website\Install\Temp\2d0td04f\Metro7_Red\banner\Banner_4.jpg
2012-03-31 17:15:31,307 [MOBILE][Thread:21][ERROR] DotNetNuke.Services.Upgrade.Upgrade - File specified in the dnn could not be found in the zip file:  - C:\Develope\DNN6\Website\Install\Temp\2d0td04f\Metro7_Red\banner\Banner_5.jpg
2012-03-31 17:15:31,320 [MOBILE][Thread:21][ERROR] DotNetNuke.Services.Upgrade.Upgrade - File specified in the dnn could not be found in the zip file:  - C:\Develope\DNN6\Website\Install\Temp\2d0td04f\Metro7_Red\banner\style.css
2012-03-31 17:15:31,332 [MOBILE][Thread:21][ERROR] DotNetNuke.Services.Upgrade.Upgrade - File specified in the dnn could not be found in the zip file:  - C:\Develope\DNN6\Website\Install\Temp\2d0td04f\Metro7_Red\images\SocialMedia.png
2012-03-31 17:15:31,353 [MOBILE][Thread:21][ERROR] DotNetNuke.Services.Upgrade.Upgrade - File specified in the dnn could not be found in the zip file:  - C:\Develope\DNN6\Website\Install\Temp\2d0td04f\Metro7_Red\Bullets.png
2012-03-31 17:15:31,367 [MOBILE][Thread:21][ERROR] DotNetNuke.Services.Upgrade.Upgrade - File specified in the dnn could not be found in the zip file:  - C:\Develope\DNN6\Website\Install\Temp\2d0td04f\Metro7_Red\Icon_more.jpg
2012-03-31 17:15:31,380 [MOBILE][Thread:21][ERROR] DotNetNuke.Services.Upgrade.Upgrade - File specified in the dnn could not be found in the zip file:  - C:\Develope\DNN6\Website\Install\Temp\2d0td04f\Metro7_Red\index.ascx
2012-03-31 17:15:31,393 [MOBILE][Thread:21][ERROR] DotNetNuke.Services.Upgrade.Upgrade - File specified in the dnn could not be found in the zip file:  - C:\Develope\DNN6\Website\Install\Temp\2d0td04f\Metro7_Red\index.doctype.xml
2012-03-31 17:15:31,406 [MOBILE][Thread:21][ERROR] DotNetNuke.Services.Upgrade.Upgrade - File specified in the dnn could not be found in the zip file:  - C:\Develope\DNN6\Website\Install\Temp\2d0td04f\Metro7_Red\index.jpg
2012-03-31 17:15:31,421 [MOBILE][Thread:21][ERROR] DotNetNuke.Services.Upgrade.Upgrade - File specified in the dnn could not be found in the zip file:  - C:\Develope\DNN6\Website\Install\Temp\2d0td04f\Metro7_Red\LoginIconBG.png
2012-03-31 17:15:31,434 [MOBILE][Thread:21][ERROR] DotNetNuke.Services.Upgrade.Upgrade - File specified in the dnn could not be found in the zip file:  - C:\Develope\DNN6\Website\Install\Temp\2d0td04f\Metro7_Red\Metro7_logo.jpg
2012-03-31 17:15:31,448 [MOBILE][Thread:21][ERROR] DotNetNuke.Services.Upgrade.Upgrade - File specified in the dnn could not be found in the zip file:  - C:\Develope\DNN6\Website\Install\Temp\2d0td04f\Metro7_Red\SearchBG.png
2012-03-31 17:15:31,462 [MOBILE][Thread:21][ERROR] DotNetNuke.Services.Upgrade.Upgrade - File specified in the dnn could not be found in the zip file:  - C:\Develope\DNN6\Website\Install\Temp\2d0td04f\Metro7_Red\SearchIconBG.png
2012-03-31 17:15:31,476 [MOBILE][Thread:21][ERROR] DotNetNuke.Services.Upgrade.Upgrade - File specified in the dnn could not be found in the zip file:  - C:\Develope\DNN6\Website\Install\Temp\2d0td04f\Metro7_Red\skin.css
2012-03-31 17:15:31,488 [MOBILE][Thread:21][ERROR] DotNetNuke.Services.Upgrade.Upgrade - File specified in the dnn could not be found in the zip file:  - C:\Develope\DNN6\Website\Install\Temp\2d0td04f\Metro7_Red\spacer2.gif
2012-03-31 17:15:31,501 [MOBILE][Thread:21][ERROR] DotNetNuke.Services.Upgrade.Upgrade - File specified in the dnn could not be found in the zip file:  - C:\Develope\DNN6\Website\Install\Temp\2d0td04f\Metro7_Red\thumbnail_index.jpg
2012-03-31 17:15:31,513 [MOBILE][Thread:21][ERROR] DotNetNuke.Services.Upgrade.Upgrade - File specified in the dnn could not be found in the zip file:  - C:\Develope\DNN6\Website\Install\Temp\2d0td04f\Metro7_Red\DefaultContainer.ascx
2012-03-31 17:15:31,525 [MOBILE][Thread:21][ERROR] DotNetNuke.Services.Upgrade.Upgrade - File specified in the dnn could not be found in the zip file:  - C:\Develope\DNN6\Website\Install\Temp\2d0td04f\Metro7_Red\DefaultContainer.css
2012-03-31 17:15:31,539 [MOBILE][Thread:21][ERROR] DotNetNuke.Services.Upgrade.Upgrade - File specified in the dnn could not be found in the zip file:  - C:\Develope\DNN6\Website\Install\Temp\2d0td04f\Metro7_Red\DefaultContainer.jpg
2012-03-31 17:15:31,552 [MOBILE][Thread:21][ERROR] DotNetNuke.Services.Upgrade.Upgrade - File specified in the dnn could not be found in the zip file:  - C:\Develope\DNN6\Website\Install\Temp\2d0td04f\Metro7_Red\GraySmallTitle.ascx
2012-03-31 17:15:31,564 [MOBILE][Thread:21][ERROR] DotNetNuke.Services.Upgrade.Upgrade - File specified in the dnn could not be found in the zip file:  - C:\Develope\DNN6\Website\Install\Temp\2d0td04f\Metro7_Red\GraySmallTitle.css
2012-03-31 17:15:31,580 [MOBILE][Thread:21][ERROR] DotNetNuke.Services.Upgrade.Upgrade - File specified in the dnn could not be found in the zip file:  - C:\Develope\DNN6\Website\Install\Temp\2d0td04f\Metro7_Red\GraySmallTitle.jpg
2012-03-31 17:15:31,592 [MOBILE][Thread:21][ERROR] DotNetNuke.Services.Upgrade.Upgrade - File specified in the dnn could not be found in the zip file:  - C:\Develope\DNN6\Website\Install\Temp\2d0td04f\Metro7_Red\GrayTitle.ascx
2012-03-31 17:15:31,606 [MOBILE][Thread:21][ERROR] DotNetNuke.Services.Upgrade.Upgrade - File specified in the dnn could not be found in the zip file:  - C:\Develope\DNN6\Website\Install\Temp\2d0td04f\Metro7_Red\GrayTitle.css
2012-03-31 17:15:31,618 [MOBILE][Thread:21][ERROR] DotNetNuke.Services.Upgrade.Upgrade - File specified in the dnn could not be found in the zip file:  - C:\Develope\DNN6\Website\Install\Temp\2d0td04f\Metro7_Red\GrayTitle.jpg
2012-03-31 17:15:31,631 [MOBILE][Thread:21][ERROR] DotNetNuke.Services.Upgrade.Upgrade - File specified in the dnn could not be found in the zip file:  - C:\Develope\DNN6\Website\Install\Temp\2d0td04f\Metro7_Red\PinkTitle.ascx
2012-03-31 17:15:31,644 [MOBILE][Thread:21][ERROR] DotNetNuke.Services.Upgrade.Upgrade - File specified in the dnn could not be found in the zip file:  - C:\Develope\DNN6\Website\Install\Temp\2d0td04f\Metro7_Red\PinkTitle.css
2012-03-31 17:15:31,656 [MOBILE][Thread:21][ERROR] DotNetNuke.Services.Upgrade.Upgrade - File specified in the dnn could not be found in the zip file:  - C:\Develope\DNN6\Website\Install\Temp\2d0td04f\Metro7_Red\PinkTitle.jpg
2012-03-31 17:15:31,672 [MOBILE][Thread:21][ERROR] DotNetNuke.Services.Upgrade.Upgrade - File specified in the dnn could not be found in the zip file:  - C:\Develope\DNN6\Website\Install\Temp\2d0td04f\Metro7_Red\thumbnail_defaultcontainer.jpg
2012-03-31 17:15:31,684 [MOBILE][Thread:21][ERROR] DotNetNuke.Services.Upgrade.Upgrade - File specified in the dnn could not be found in the zip file:  - C:\Develope\DNN6\Website\Install\Temp\2d0td04f\Metro7_Red\thumbnail_graysmalltitle.jpg
2012-03-31 17:15:31,697 [MOBILE][Thread:21][ERROR] DotNetNuke.Services.Upgrade.Upgrade - File specified in the dnn could not be found in the zip file:  - C:\Develope\DNN6\Website\Install\Temp\2d0td04f\Metro7_Red\thumbnail_graytitle.jpg
2012-03-31 17:15:31,710 [MOBILE][Thread:21][ERROR] DotNetNuke.Services.Upgrade.Upgrade - File specified in the dnn could not be found in the zip file:  - C:\Develope\DNN6\Website\Install\Temp\2d0td04f\Metro7_Red\thumbnail_pinktitle.jpg
2012-03-31 17:15:31,725 [MOBILE][Thread:21][ERROR] DotNetNuke.Services.Upgrade.Upgrade - File specified in the dnn could not be found in the zip file:  - C:\Develope\DNN6\Website\Install\Temp\2d0td04f\Metro7_Green\banner\banner-active.png
2012-03-31 17:15:31,737 [MOBILE][Thread:21][ERROR] DotNetNuke.Services.Upgrade.Upgrade - File specified in the dnn could not be found in the zip file:  - C:\Develope\DNN6\Website\Install\Temp\2d0td04f\Metro7_Green\banner\banner-idel.png
2012-03-31 17:15:31,750 [MOBILE][Thread:21][ERROR] DotNetNuke.Services.Upgrade.Upgrade - File specified in the dnn could not be found in the zip file:  - C:\Develope\DNN6\Website\Install\Temp\2d0td04f\Metro7_Green\banner\Banner_1.jpg
2012-03-31 17:15:31,779 [MOBILE][Thread:21][ERROR] DotNetNuke.Services.Upgrade.Upgrade - File specified in the dnn could not be found in the zip file:  - C:\Develope\DNN6\Website\Install\Temp\2d0td04f\Metro7_Green\banner\Banner_2.jpg
2012-03-31 17:15:31,792 [MOBILE][Thread:21][ERROR] DotNetNuke.Services.Upgrade.Upgrade - File specified in the dnn could not be found in the zip file:  - C:\Develope\DNN6\Website\Install\Temp\2d0td04f\Metro7_Green\banner\Banner_3.jpg
2012-03-31 17:15:31,805 [MOBILE][Thread:21][ERROR] DotNetNuke.Services.Upgrade.Upgrade - File specified in the dnn could not be found in the zip file:  - C:\Develope\DNN6\Website\Install\Temp\2d0td04f\Metro7_Green\banner\Banner_4.jpg
2012-03-31 17:15:31,818 [MOBILE][Thread:21][ERROR] DotNetNuke.Services.Upgrade.Upgrade - File specified in the dnn could not be found in the zip file:  - C:\Develope\DNN6\Website\Install\Temp\2d0td04f\Metro7_Green\banner\Banner_5.jpg
2012-03-31 17:15:31,830 [MOBILE][Thread:21][ERROR] DotNetNuke.Services.Upgrade.Upgrade - File specified in the dnn could not be found in the zip file:  - C:\Develope\DNN6\Website\Install\Temp\2d0td04f\Metro7_Green\banner\style.css
2012-03-31 17:15:31,843 [MOBILE][Thread:21][ERROR] DotNetNuke.Services.Upgrade.Upgrade - File specified in the dnn could not be found in the zip file:  - C:\Develope\DNN6\Website\Install\Temp\2d0td04f\Metro7_Green\images\SocialMedia.png
2012-03-31 17:15:31,863 [MOBILE][Thread:21][ERROR] DotNetNuke.Services.Upgrade.Upgrade - File specified in the dnn could not be found in the zip file:  - C:\Develope\DNN6\Website\Install\Temp\2d0td04f\Metro7_Green\Bullets.png
2012-03-31 17:15:31,877 [MOBILE][Thread:21][ERROR] DotNetNuke.Services.Upgrade.Upgrade - File specified in the dnn could not be found in the zip file:  - C:\Develope\DNN6\Website\Install\Temp\2d0td04f\Metro7_Green\Icon_more.jpg
2012-03-31 17:15:31,889 [MOBILE][Thread:21][ERROR] DotNetNuke.Services.Upgrade.Upgrade - File specified in the dnn could not be found in the zip file:  - C:\Develope\DNN6\Website\Install\Temp\2d0td04f\Metro7_Green\index.ascx
2012-03-31 17:15:31,905 [MOBILE][Thread:21][ERROR] DotNetNuke.Services.Upgrade.Upgrade - File specified in the dnn could not be found in the zip file:  - C:\Develope\DNN6\Website\Install\Temp\2d0td04f\Metro7_Green\index.doctype.xml
2012-03-31 17:15:31,930 [MOBILE][Thread:21][ERROR] DotNetNuke.Services.Upgrade.Upgrade - File specified in the dnn could not be found in the zip file:  - C:\Develope\DNN6\Website\Install\Temp\2d0td04f\Metro7_Green\index.jpg
2012-03-31 17:15:31,942 [MOBILE][Thread:21][ERROR] DotNetNuke.Services.Upgrade.Upgrade - File specified in the dnn could not be found in the zip file:  - C:\Develope\DNN6\Website\Install\Temp\2d0td04f\Metro7_Green\LoginIconBG.png
2012-03-31 17:15:31,955 [MOBILE][Thread:21][ERROR] DotNetNuke.Services.Upgrade.Upgrade - File specified in the dnn could not be found in the zip file:  - C:\Develope\DNN6\Website\Install\Temp\2d0td04f\Metro7_Green\Metro7_logo.jpg
2012-03-31 17:15:31,989 [MOBILE][Thread:21][ERROR] DotNetNuke.Services.Upgrade.Upgrade - File specified in the dnn could not be found in the zip file:  - C:\Develope\DNN6\Website\Install\Temp\2d0td04f\Metro7_Green\SearchBG.png
2012-03-31 17:15:32,004 [MOBILE][Thread:21][ERROR] DotNetNuke.Services.Upgrade.Upgrade - File specified in the dnn could not be found in the zip file:  - C:\Develope\DNN6\Website\Install\Temp\2d0td04f\Metro7_Green\SearchIconBG.png
2012-03-31 17:15:32,016 [MOBILE][Thread:21][ERROR] DotNetNuke.Services.Upgrade.Upgrade - File specified in the dnn could not be found in the zip file:  - C:\Develope\DNN6\Website\Install\Temp\2d0td04f\Metro7_Green\skin.css
2012-03-31 17:15:32,028 [MOBILE][Thread:21][ERROR] DotNetNuke.Services.Upgrade.Upgrade - File specified in the dnn could not be found in the zip file:  - C:\Develope\DNN6\Website\Install\Temp\2d0td04f\Metro7_Green\spacer2.gif
2012-03-31 17:15:32,041 [MOBILE][Thread:21][ERROR] DotNetNuke.Services.Upgrade.Upgrade - File specified in the dnn could not be found in the zip file:  - C:\Develope\DNN6\Website\Install\Temp\2d0td04f\Metro7_Green\thumbnail_index.jpg
2012-03-31 17:15:32,055 [MOBILE][Thread:21][ERROR] DotNetNuke.Services.Upgrade.Upgrade - File specified in the dnn could not be found in the zip file:  - C:\Develope\DNN6\Website\Install\Temp\2d0td04f\Metro7_Green\DefaultContainer.ascx
2012-03-31 17:15:32,068 [MOBILE][Thread:21][ERROR] DotNetNuke.Services.Upgrade.Upgrade - File specified in the dnn could not be found in the zip file:  - C:\Develope\DNN6\Website\Install\Temp\2d0td04f\Metro7_Green\DefaultContainer.css
2012-03-31 17:15:32,080 [MOBILE][Thread:21][ERROR] DotNetNuke.Services.Upgrade.Upgrade - File specified in the dnn could not be found in the zip file:  - C:\Develope\DNN6\Website\Install\Temp\2d0td04f\Metro7_Green\DefaultContainer.jpg
2012-03-31 17:15:32,092 [MOBILE][Thread:21][ERROR] DotNetNuke.Services.Upgrade.Upgrade - File specified in the dnn could not be found in the zip file:  - C:\Develope\DNN6\Website\Install\Temp\2d0td04f\Metro7_Green\GraySmallTitle.ascx
2012-03-31 17:15:32,105 [MOBILE][Thread:21][ERROR] DotNetNuke.Services.Upgrade.Upgrade - File specified in the dnn could not be found in the zip file:  - C:\Develope\DNN6\Website\Install\Temp\2d0td04f\Metro7_Green\GraySmallTitle.css
2012-03-31 17:15:32,119 [MOBILE][Thread:21][ERROR] DotNetNuke.Services.Upgrade.Upgrade - File specified in the dnn could not be found in the zip file:  - C:\Develope\DNN6\Website\Install\Temp\2d0td04f\Metro7_Green\GraySmallTitle.jpg
2012-03-31 17:15:32,132 [MOBILE][Thread:21][ERROR] DotNetNuke.Services.Upgrade.Upgrade - File specified in the dnn could not be found in the zip file:  - C:\Develope\DNN6\Website\Install\Temp\2d0td04f\Metro7_Green\GrayTitle.ascx
2012-03-31 17:15:32,167 [MOBILE][Thread:21][ERROR] DotNetNuke.Services.Upgrade.Upgrade - File specified in the dnn could not be found in the zip file:  - C:\Develope\DNN6\Website\Install\Temp\2d0td04f\Metro7_Green\GrayTitle.css
2012-03-31 17:15:32,182 [MOBILE][Thread:21][ERROR] DotNetNuke.Services.Upgrade.Upgrade - File specified in the dnn could not be found in the zip file:  - C:\Develope\DNN6\Website\Install\Temp\2d0td04f\Metro7_Green\GrayTitle.jpg
2012-03-31 17:15:32,195 [MOBILE][Thread:21][ERROR] DotNetNuke.Services.Upgrade.Upgrade - File specified in the dnn could not be found in the zip file:  - C:\Develope\DNN6\Website\Install\Temp\2d0td04f\Metro7_Green\PinkTitle.ascx
2012-03-31 17:15:32,209 [MOBILE][Thread:21][ERROR] DotNetNuke.Services.Upgrade.Upgrade - File specified in the dnn could not be found in the zip file:  - C:\Develope\DNN6\Website\Install\Temp\2d0td04f\Metro7_Green\PinkTitle.css
2012-03-31 17:15:32,222 [MOBILE][Thread:21][ERROR] DotNetNuke.Services.Upgrade.Upgrade - File specified in the dnn could not be found in the zip file:  - C:\Develope\DNN6\Website\Install\Temp\2d0td04f\Metro7_Green\PinkTitle.jpg
2012-03-31 17:15:32,237 [MOBILE][Thread:21][ERROR] DotNetNuke.Services.Upgrade.Upgrade - File specified in the dnn could not be found in the zip file:  - C:\Develope\DNN6\Website\Install\Temp\2d0td04f\Metro7_Green\thumbnail_defaultcontainer.jpg
2012-03-31 17:15:32,257 [MOBILE][Thread:21][ERROR] DotNetNuke.Services.Upgrade.Upgrade - File specified in the dnn could not be found in the zip file:  - C:\Develope\DNN6\Website\Install\Temp\2d0td04f\Metro7_Green\thumbnail_graysmalltitle.jpg
2012-03-31 17:15:32,269 [MOBILE][Thread:21][ERROR] DotNetNuke.Services.Upgrade.Upgrade - File specified in the dnn could not be found in the zip file:  - C:\Develope\DNN6\Website\Install\Temp\2d0td04f\Metro7_Green\thumbnail_graytitle.jpg
2012-03-31 17:15:32,282 [MOBILE][Thread:21][ERROR] DotNetNuke.Services.Upgrade.Upgrade - File specified in the dnn could not be found in the zip file:  - C:\Develope\DNN6\Website\Install\Temp\2d0td04f\Metro7_Green\thumbnail_pinktitle.jpg
2012-03-31 17:15:32,302 [MOBILE][Thread:21][ERROR] DotNetNuke.Services.Upgrade.Upgrade - File specified in the dnn could not be found in the zip file:  - C:\Develope\DNN6\Website\Install\Temp\2d0td04f\Metro7\banner\banner-active.png
2012-03-31 17:15:32,498 [MOBILE][Thread:21][ERROR] DotNetNuke.Services.Upgrade.Upgrade - File specified in the dnn could not be found in the zip file:  - C:\Develope\DNN6\Website\Install\Temp\2d0td04f\Metro7\banner\banner-idel.png
2012-03-31 17:15:32,510 [MOBILE][Thread:21][ERROR] DotNetNuke.Services.Upgrade.Upgrade - File specified in the dnn could not be found in the zip file:  - C:\Develope\DNN6\Website\Install\Temp\2d0td04f\Metro7\banner\Banner_1.jpg
2012-03-31 17:15:32,522 [MOBILE][Thread:21][ERROR] DotNetNuke.Services.Upgrade.Upgrade - File specified in the dnn could not be found in the zip file:  - C:\Develope\DNN6\Website\Install\Temp\2d0td04f\Metro7\banner\Banner_2.jpg
2012-03-31 17:15:32,535 [MOBILE][Thread:21][ERROR] DotNetNuke.Services.Upgrade.Upgrade - File specified in the dnn could not be found in the zip file:  - C:\Develope\DNN6\Website\Install\Temp\2d0td04f\Metro7\banner\Banner_3.jpg
2012-03-31 17:15:32,551 [MOBILE][Thread:21][ERROR] DotNetNuke.Services.Upgrade.Upgrade - File specified in the dnn could not be found in the zip file:  - C:\Develope\DNN6\Website\Install\Temp\2d0td04f\Metro7\banner\Banner_4.jpg
2012-03-31 17:15:32,563 [MOBILE][Thread:21][ERROR] DotNetNuke.Services.Upgrade.Upgrade - File specified in the dnn could not be found in the zip file:  - C:\Develope\DNN6\Website\Install\Temp\2d0td04f\Metro7\banner\Banner_5.jpg
2012-03-31 17:15:32,577 [MOBILE][Thread:21][ERROR] DotNetNuke.Services.Upgrade.Upgrade - File specified in the dnn could not be found in the zip file:  - C:\Develope\DNN6\Website\Install\Temp\2d0td04f\Metro7\banner\style.css
2012-03-31 17:15:32,589 [MOBILE][Thread:21][ERROR] DotNetNuke.Services.Upgrade.Upgrade - File specified in the dnn could not be found in the zip file:  - C:\Develope\DNN6\Website\Install\Temp\2d0td04f\Metro7\images\SocialMedia.png
2012-03-31 17:15:32,604 [MOBILE][Thread:21][ERROR] DotNetNuke.Services.Upgrade.Upgrade - File specified in the dnn could not be found in the zip file:  - C:\Develope\DNN6\Website\Install\Temp\2d0td04f\Metro7\Bullets.png
2012-03-31 17:15:32,615 [MOBILE][Thread:21][ERROR] DotNetNuke.Services.Upgrade.Upgrade - File specified in the dnn could not be found in the zip file:  - C:\Develope\DNN6\Website\Install\Temp\2d0td04f\Metro7\Icon_more.jpg
2012-03-31 17:15:32,635 [MOBILE][Thread:21][ERROR] DotNetNuke.Services.Upgrade.Upgrade - File specified in the dnn could not be found in the zip file:  - C:\Develope\DNN6\Website\Install\Temp\2d0td04f\Metro7\index.ascx
2012-03-31 17:15:32,646 [MOBILE][Thread:21][ERROR] DotNetNuke.Services.Upgrade.Upgrade - File specified in the dnn could not be found in the zip file:  - C:\Develope\DNN6\Website\Install\Temp\2d0td04f\Metro7\index.doctype.xml
2012-03-31 17:15:32,662 [MOBILE][Thread:21][ERROR] DotNetNuke.Services.Upgrade.Upgrade - File specified in the dnn could not be found in the zip file:  - C:\Develope\DNN6\Website\Install\Temp\2d0td04f\Metro7\index.jpg
2012-03-31 17:15:32,675 [MOBILE][Thread:21][ERROR] DotNetNuke.Services.Upgrade.Upgrade - File specified in the dnn could not be found in the zip file:  - C:\Develope\DNN6\Website\Install\Temp\2d0td04f\Metro7\LoginIconBG.png
2012-03-31 17:15:32,689 [MOBILE][Thread:21][ERROR] DotNetNuke.Services.Upgrade.Upgrade - File specified in the dnn could not be found in the zip file:  - C:\Develope\DNN6\Website\Install\Temp\2d0td04f\Metro7\Metro7_logo.jpg
2012-03-31 17:15:32,703 [MOBILE][Thread:21][ERROR] DotNetNuke.Services.Upgrade.Upgrade - File specified in the dnn could not be found in the zip file:  - C:\Develope\DNN6\Website\Install\Temp\2d0td04f\Metro7\SearchBG.png
2012-03-31 17:15:32,718 [MOBILE][Thread:21][ERROR] DotNetNuke.Services.Upgrade.Upgrade - File specified in the dnn could not be found in the zip file:  - C:\Develope\DNN6\Website\Install\Temp\2d0td04f\Metro7\SearchIconBG.png
2012-03-31 17:15:32,732 [MOBILE][Thread:21][ERROR] DotNetNuke.Services.Upgrade.Upgrade - File specified in the dnn could not be found in the zip file:  - C:\Develope\DNN6\Website\Install\Temp\2d0td04f\Metro7\skin.css
2012-03-31 17:15:32,747 [MOBILE][Thread:21][ERROR] DotNetNuke.Services.Upgrade.Upgrade - File specified in the dnn could not be found in the zip file:  - C:\Develope\DNN6\Website\Install\Temp\2d0td04f\Metro7\spacer2.gif
2012-03-31 17:15:32,761 [MOBILE][Thread:21][ERROR] DotNetNuke.Services.Upgrade.Upgrade - File specified in the dnn could not be found in the zip file:  - C:\Develope\DNN6\Website\Install\Temp\2d0td04f\Metro7\thumbnail_index.jpg
2012-03-31 17:15:32,812 [MOBILE][Thread:21][ERROR] DotNetNuke.Services.Upgrade.Upgrade - File specified in the dnn could not be found in the zip file:  - C:\Develope\DNN6\Website\Install\Temp\2d0td04f\Metro7\DefaultContainer.ascx
2012-03-31 17:15:32,827 [MOBILE][Thread:21][ERROR] DotNetNuke.Services.Upgrade.Upgrade - File specified in the dnn could not be found in the zip file:  - C:\Develope\DNN6\Website\Install\Temp\2d0td04f\Metro7\DefaultContainer.css
2012-03-31 17:15:32,841 [MOBILE][Thread:21][ERROR] DotNetNuke.Services.Upgrade.Upgrade - File specified in the dnn could not be found in the zip file:  - C:\Develope\DNN6\Website\Install\Temp\2d0td04f\Metro7\DefaultContainer.jpg
2012-03-31 17:15:32,855 [MOBILE][Thread:21][ERROR] DotNetNuke.Services.Upgrade.Upgrade - File specified in the dnn could not be found in the zip file:  - C:\Develope\DNN6\Website\Install\Temp\2d0td04f\Metro7\GraySmallTitle.ascx
2012-03-31 17:15:32,875 [MOBILE][Thread:21][ERROR] DotNetNuke.Services.Upgrade.Upgrade - File specified in the dnn could not be found in the zip file:  - C:\Develope\DNN6\Website\Install\Temp\2d0td04f\Metro7\GraySmallTitle.css
2012-03-31 17:15:32,891 [MOBILE][Thread:21][ERROR] DotNetNuke.Services.Upgrade.Upgrade - File specified in the dnn could not be found in the zip file:  - C:\Develope\DNN6\Website\Install\Temp\2d0td04f\Metro7\GraySmallTitle.jpg
2012-03-31 17:15:32,905 [MOBILE][Thread:21][ERROR] DotNetNuke.Services.Upgrade.Upgrade - File specified in the dnn could not be found in the zip file:  - C:\Develope\DNN6\Website\Install\Temp\2d0td04f\Metro7\GrayTitle.ascx
2012-03-31 17:15:32,921 [MOBILE][Thread:21][ERROR] DotNetNuke.Services.Upgrade.Upgrade - File specified in the dnn could not be found in the zip file:  - C:\Develope\DNN6\Website\Install\Temp\2d0td04f\Metro7\GrayTitle.css
2012-03-31 17:15:32,937 [MOBILE][Thread:21][ERROR] DotNetNuke.Services.Upgrade.Upgrade - File specified in the dnn could not be found in the zip file:  - C:\Develope\DNN6\Website\Install\Temp\2d0td04f\Metro7\GrayTitle.jpg
2012-03-31 17:15:32,952 [MOBILE][Thread:21][ERROR] DotNetNuke.Services.Upgrade.Upgrade - File specified in the dnn could not be found in the zip file:  - C:\Develope\DNN6\Website\Install\Temp\2d0td04f\Metro7\PinkTitle.ascx
2012-03-31 17:15:32,974 [MOBILE][Thread:21][ERROR] DotNetNuke.Services.Upgrade.Upgrade - File specified in the dnn could not be found in the zip file:  - C:\Develope\DNN6\Website\Install\Temp\2d0td04f\Metro7\PinkTitle.css
2012-03-31 17:15:32,989 [MOBILE][Thread:21][ERROR] DotNetNuke.Services.Upgrade.Upgrade - File specified in the dnn could not be found in the zip file:  - C:\Develope\DNN6\Website\Install\Temp\2d0td04f\Metro7\PinkTitle.jpg
2012-03-31 17:15:33,004 [MOBILE][Thread:21][ERROR] DotNetNuke.Services.Upgrade.Upgrade - File specified in the dnn could not be found in the zip file:  - C:\Develope\DNN6\Website\Install\Temp\2d0td04f\Metro7\thumbnail_defaultcontainer.jpg
2012-03-31 17:15:33,017 [MOBILE][Thread:21][ERROR] DotNetNuke.Services.Upgrade.Upgrade - File specified in the dnn could not be found in the zip file:  - C:\Develope\DNN6\Website\Install\Temp\2d0td04f\Metro7\thumbnail_graysmalltitle.jpg
2012-03-31 17:15:33,029 [MOBILE][Thread:21][ERROR] DotNetNuke.Services.Upgrade.Upgrade - File specified in the dnn could not be found in the zip file:  - C:\Develope\DNN6\Website\Install\Temp\2d0td04f\Metro7\thumbnail_graytitle.jpg
2012-03-31 17:15:33,045 [MOBILE][Thread:21][ERROR] DotNetNuke.Services.Upgrade.Upgrade - File specified in the dnn could not be found in the zip file:  - C:\Develope\DNN6\Website\Install\Temp\2d0td04f\Metro7\thumbnail_pinktitle.jpg
2012-03-31 17:15:33,058 [MOBILE][Thread:21][ERROR] DotNetNuke.Services.Upgrade.Upgrade - File specified in the dnn could not be found in the zip file:  - C:\Develope\DNN6\Website\Install\Temp\2d0td04f\Metro7_Orange\banner\banner-active.png
2012-03-31 17:15:33,072 [MOBILE][Thread:21][ERROR] DotNetNuke.Services.Upgrade.Upgrade - File specified in the dnn could not be found in the zip file:  - C:\Develope\DNN6\Website\Install\Temp\2d0td04f\Metro7_Orange\banner\banner-idel.png
2012-03-31 17:15:33,088 [MOBILE][Thread:21][ERROR] DotNetNuke.Services.Upgrade.Upgrade - File specified in the dnn could not be found in the zip file:  - C:\Develope\DNN6\Website\Install\Temp\2d0td04f\Metro7_Orange\banner\Banner_1.jpg
2012-03-31 17:15:33,101 [MOBILE][Thread:21][ERROR] DotNetNuke.Services.Upgrade.Upgrade - File specified in the dnn could not be found in the zip file:  - C:\Develope\DNN6\Website\Install\Temp\2d0td04f\Metro7_Orange\banner\Banner_2.jpg
2012-03-31 17:15:33,115 [MOBILE][Thread:21][ERROR] DotNetNuke.Services.Upgrade.Upgrade - File specified in the dnn could not be found in the zip file:  - C:\Develope\DNN6\Website\Install\Temp\2d0td04f\Metro7_Orange\banner\Banner_3.jpg
2012-03-31 17:15:33,133 [MOBILE][Thread:21][ERROR] DotNetNuke.Services.Upgrade.Upgrade - File specified in the dnn could not be found in the zip file:  - C:\Develope\DNN6\Website\Install\Temp\2d0td04f\Metro7_Orange\banner\Banner_4.jpg
2012-03-31 17:15:33,147 [MOBILE][Thread:21][ERROR] DotNetNuke.Services.Upgrade.Upgrade - File specified in the dnn could not be found in the zip file:  - C:\Develope\DNN6\Website\Install\Temp\2d0td04f\Metro7_Orange\banner\Banner_5.jpg
2012-03-31 17:15:33,162 [MOBILE][Thread:21][ERROR] DotNetNuke.Services.Upgrade.Upgrade - File specified in the dnn could not be found in the zip file:  - C:\Develope\DNN6\Website\Install\Temp\2d0td04f\Metro7_Orange\banner\style.css
2012-03-31 17:15:33,176 [MOBILE][Thread:21][ERROR] DotNetNuke.Services.Upgrade.Upgrade - File specified in the dnn could not be found in the zip file:  - C:\Develope\DNN6\Website\Install\Temp\2d0td04f\Metro7_Orange\images\SocialMedia.png
2012-03-31 17:15:33,190 [MOBILE][Thread:21][ERROR] DotNetNuke.Services.Upgrade.Upgrade - File specified in the dnn could not be found in the zip file:  - C:\Develope\DNN6\Website\Install\Temp\2d0td04f\Metro7_Orange\Bullets.png
2012-03-31 17:15:33,206 [MOBILE][Thread:21][ERROR] DotNetNuke.Services.Upgrade.Upgrade - File specified in the dnn could not be found in the zip file:  - C:\Develope\DNN6\Website\Install\Temp\2d0td04f\Metro7_Orange\Icon_more.jpg
2012-03-31 17:15:33,226 [MOBILE][Thread:21][ERROR] DotNetNuke.Services.Upgrade.Upgrade - File specified in the dnn could not be found in the zip file:  - C:\Develope\DNN6\Website\Install\Temp\2d0td04f\Metro7_Orange\index.ascx
2012-03-31 17:15:33,250 [MOBILE][Thread:21][ERROR] DotNetNuke.Services.Upgrade.Upgrade - File specified in the dnn could not be found in the zip file:  - C:\Develope\DNN6\Website\Install\Temp\2d0td04f\Metro7_Orange\index.doctype.xml
2012-03-31 17:15:33,265 [MOBILE][Thread:21][ERROR] DotNetNuke.Services.Upgrade.Upgrade - File specified in the dnn could not be found in the zip file:  - C:\Develope\DNN6\Website\Install\Temp\2d0td04f\Metro7_Orange\index.jpg
2012-03-31 17:15:33,278 [MOBILE][Thread:21][ERROR] DotNetNuke.Services.Upgrade.Upgrade - File specified in the dnn could not be found in the zip file:  - C:\Develope\DNN6\Website\Install\Temp\2d0td04f\Metro7_Orange\LoginIconBG.png
2012-03-31 17:15:33,294 [MOBILE][Thread:21][ERROR] DotNetNuke.Services.Upgrade.Upgrade - File specified in the dnn could not be found in the zip file:  - C:\Develope\DNN6\Website\Install\Temp\2d0td04f\Metro7_Orange\Metro7_logo.jpg
2012-03-31 17:15:33,307 [MOBILE][Thread:21][ERROR] DotNetNuke.Services.Upgrade.Upgrade - File specified in the dnn could not be found in the zip file:  - C:\Develope\DNN6\Website\Install\Temp\2d0td04f\Metro7_Orange\SearchBG.png
2012-03-31 17:15:33,320 [MOBILE][Thread:21][ERROR] DotNetNuke.Services.Upgrade.Upgrade - File specified in the dnn could not be found in the zip file:  - C:\Develope\DNN6\Website\Install\Temp\2d0td04f\Metro7_Orange\SearchIconBG.png
2012-03-31 17:15:33,351 [MOBILE][Thread:21][ERROR] DotNetNuke.Services.Upgrade.Upgrade - File specified in the dnn could not be found in the zip file:  - C:\Develope\DNN6\Website\Install\Temp\2d0td04f\Metro7_Orange\skin.css
2012-03-31 17:15:33,370 [MOBILE][Thread:21][ERROR] DotNetNuke.Services.Upgrade.Upgrade - File specified in the dnn could not be found in the zip file:  - C:\Develope\DNN6\Website\Install\Temp\2d0td04f\Metro7_Orange\spacer2.gif
2012-03-31 17:15:33,384 [MOBILE][Thread:21][ERROR] DotNetNuke.Services.Upgrade.Upgrade - File specified in the dnn could not be found in the zip file:  - C:\Develope\DNN6\Website\Install\Temp\2d0td04f\Metro7_Orange\thumbnail_index.jpg
2012-03-31 17:15:33,397 [MOBILE][Thread:21][ERROR] DotNetNuke.Services.Upgrade.Upgrade - File specified in the dnn could not be found in the zip file:  - C:\Develope\DNN6\Website\Install\Temp\2d0td04f\Metro7_Orange\DefaultContainer.ascx
2012-03-31 17:15:33,410 [MOBILE][Thread:21][ERROR] DotNetNuke.Services.Upgrade.Upgrade - File specified in the dnn could not be found in the zip file:  - C:\Develope\DNN6\Website\Install\Temp\2d0td04f\Metro7_Orange\DefaultContainer.css
2012-03-31 17:15:33,422 [MOBILE][Thread:21][ERROR] DotNetNuke.Services.Upgrade.Upgrade - File specified in the dnn could not be found in the zip file:  - C:\Develope\DNN6\Website\Install\Temp\2d0td04f\Metro7_Orange\DefaultContainer.jpg
2012-03-31 17:15:33,437 [MOBILE][Thread:21][ERROR] DotNetNuke.Services.Upgrade.Upgrade - File specified in the dnn could not be found in the zip file:  - C:\Develope\DNN6\Website\Install\Temp\2d0td04f\Metro7_Orange\GraySmallTitle.ascx
2012-03-31 17:15:33,449 [MOBILE][Thread:21][ERROR] DotNetNuke.Services.Upgrade.Upgrade - File specified in the dnn could not be found in the zip file:  - C:\Develope\DNN6\Website\Install\Temp\2d0td04f\Metro7_Orange\GraySmallTitle.css
2012-03-31 17:15:33,462 [MOBILE][Thread:21][ERROR] DotNetNuke.Services.Upgrade.Upgrade - File specified in the dnn could not be found in the zip file:  - C:\Develope\DNN6\Website\Install\Temp\2d0td04f\Metro7_Orange\GraySmallTitle.jpg
2012-03-31 17:15:33,475 [MOBILE][Thread:21][ERROR] DotNetNuke.Services.Upgrade.Upgrade - File specified in the dnn could not be found in the zip file:  - C:\Develope\DNN6\Website\Install\Temp\2d0td04f\Metro7_Orange\GrayTitle.ascx
2012-03-31 17:15:33,488 [MOBILE][Thread:21][ERROR] DotNetNuke.Services.Upgrade.Upgrade - File specified in the dnn could not be found in the zip file:  - C:\Develope\DNN6\Website\Install\Temp\2d0td04f\Metro7_Orange\GrayTitle.css
2012-03-31 17:15:33,503 [MOBILE][Thread:21][ERROR] DotNetNuke.Services.Upgrade.Upgrade - File specified in the dnn could not be found in the zip file:  - C:\Develope\DNN6\Website\Install\Temp\2d0td04f\Metro7_Orange\GrayTitle.jpg
2012-03-31 17:15:33,516 [MOBILE][Thread:21][ERROR] DotNetNuke.Services.Upgrade.Upgrade - File specified in the dnn could not be found in the zip file:  - C:\Develope\DNN6\Website\Install\Temp\2d0td04f\Metro7_Orange\PinkTitle.ascx
2012-03-31 17:15:33,551 [MOBILE][Thread:21][ERROR] DotNetNuke.Services.Upgrade.Upgrade - File specified in the dnn could not be found in the zip file:  - C:\Develope\DNN6\Website\Install\Temp\2d0td04f\Metro7_Orange\PinkTitle.css
2012-03-31 17:15:33,586 [MOBILE][Thread:21][ERROR] DotNetNuke.Services.Upgrade.Upgrade - File specified in the dnn could not be found in the zip file:  - C:\Develope\DNN6\Website\Install\Temp\2d0td04f\Metro7_Orange\PinkTitle.jpg
2012-03-31 17:15:33,600 [MOBILE][Thread:21][ERROR] DotNetNuke.Services.Upgrade.Upgrade - File specified in the dnn could not be found in the zip file:  - C:\Develope\DNN6\Website\Install\Temp\2d0td04f\Metro7_Orange\thumbnail_defaultcontainer.jpg
2012-03-31 17:15:33,613 [MOBILE][Thread:21][ERROR] DotNetNuke.Services.Upgrade.Upgrade - File specified in the dnn could not be found in the zip file:  - C:\Develope\DNN6\Website\Install\Temp\2d0td04f\Metro7_Orange\thumbnail_graysmalltitle.jpg
2012-03-31 17:15:33,628 [MOBILE][Thread:21][ERROR] DotNetNuke.Services.Upgrade.Upgrade - File specified in the dnn could not be found in the zip file:  - C:\Develope\DNN6\Website\Install\Temp\2d0td04f\Metro7_Orange\thumbnail_graytitle.jpg
2012-03-31 17:15:33,640 [MOBILE][Thread:21][ERROR] DotNetNuke.Services.Upgrade.Upgrade - File specified in the dnn could not be found in the zip file:  - C:\Develope\DNN6\Website\Install\Temp\2d0td04f\Metro7_Orange\thumbnail_pinktitle.jpg
2012-03-31 17:16:23,425 [MOBILE][Thread:21][ERROR] DotNetNuke.Services.Upgrade.Upgrade - Die Datei "C:\Develope\DNN6\Website\Install\Skin\AARSYS.MetroPackage.install.v06.01.1153.00.zip" konnte nicht gefunden werden.
System.IO.FileNotFoundException: Die Datei "C:\Develope\DNN6\Website\Install\Skin\AARSYS.MetroPackage.install.v06.01.1153.00.zip" konnte nicht gefunden werden.
Dateiname: "C:\Develope\DNN6\Website\Install\Skin\AARSYS.MetroPackage.install.v06.01.1153.00.zip"
   bei System.IO.__Error.WinIOError(Int32 errorCode, String maybeFullPath)
   bei System.IO.File.SetAttributes(String path, FileAttributes fileAttributes)
   bei DotNetNuke.Services.Upgrade.Upgrade.InstallPackage(String file, String packageType, Boolean writeFeedback)
2012-03-31 17:22:21,729 [MOBILE][Thread:19][ERROR] DotNetNuke.UI.Skins.Skin - Unhandled error loading page.
DotNetNuke.Services.Exceptions.PageLoadException: Unhandled error loading page. ---> System.Web.HttpParseException: The server block is not well formed. ---> System.Web.HttpException: The server block is not well formed.
   at System.Web.UI.TemplateParser.ProcessError(String message)
   at System.Web.UI.TemplateParser.DetectSpecialServerTagError(String text, Int32 textPos)
   at System.Web.UI.TemplateParser.ParseStringInternal(String text, Encoding fileEncoding)
   at System.Web.UI.TemplateParser.ParseString(String text, VirtualPath virtualPath, Encoding fileEncoding)
   --- End of inner exception stack trace ---
   at System.Web.UI.TemplateParser.ParseString(String text, VirtualPath virtualPath, Encoding fileEncoding)
   at System.Web.UI.TemplateParser.ParseFile(String physicalPath, VirtualPath virtualPath)
   at System.Web.UI.TemplateParser.ParseInternal()
   at System.Web.UI.TemplateParser.Parse()
   at System.Web.Compilation.BaseTemplateBuildProvider.get_CodeCompilerType()
   at System.Web.Compilation.BuildProvider.GetCompilerTypeFromBuildProvider(BuildProvider buildProvider)
   at System.Web.Compilation.BuildProvidersCompiler.ProcessBuildProviders()
   at System.Web.Compilation.BuildProvidersCompiler.PerformBuild()
   at System.Web.Compilation.BuildManager.CompileWebFile(VirtualPath virtualPath)
   at System.Web.Compilation.BuildManager.GetVPathBuildResultInternal(VirtualPath virtualPath, Boolean noBuild, Boolean allowCrossApp, Boolean allowBuildInPrecompile, Boolean throwIfNotFound, Boolean ensureIsUpToDate)
   at System.Web.Compilation.BuildManager.GetVPathBuildResultWithNoAssert(HttpContext context, VirtualPath virtualPath, Boolean noBuild, Boolean allowCrossApp, Boolean allowBuildInPrecompile, Boolean throwIfNotFound, Boolean ensureIsUpToDate)
   at System.Web.Compilation.BuildManager.GetVPathBuildResult(HttpContext context, VirtualPath virtualPath, Boolean noBuild, Boolean allowCrossApp, Boolean allowBuildInPrecompile, Boolean ensureIsUpToDate)
   at System.Web.UI.TemplateControl.LoadControl(VirtualPath virtualPath)
   at DotNetNuke.UI.ControlUtilities.LoadControl[T](TemplateControl containerControl, String ControlSrc)
   at DotNetNuke.UI.Skins.Skin.LoadSkin(PageBase page, String skinPath)
   --- End of inner exception stack trace ---
