2012-05-26 17:03:42,473 [MOBILE][Thread:9][ERROR] DotNetNuke.UI.Skins.Skin - Unhandled error loading page.
DotNetNuke.Services.Exceptions.PageLoadException: Unhandled error loading page. ---> System.Web.HttpParseException: c:\Develope\DNN6\Website\admin\Skins\User.ascx.cs(34): error CS0234: Der Typ- oder Namespacename "Notifications" ist im Namespace "DotNetNuke.Services.Social" nicht vorhanden. (Fehlt ein Assemblyverweis?) ---> System.Web.HttpCompileException: c:\Develope\DNN6\Website\admin\Skins\User.ascx.cs(34): error CS0234: Der Typ- oder Namespacename "Notifications" ist im Namespace "DotNetNuke.Services.Social" nicht vorhanden. (Fehlt ein Assemblyverweis?)
   at System.Web.Compilation.BuildManager.PostProcessFoundBuildResult(BuildResult result, Boolean keyFromVPP, VirtualPath virtualPath)
   at System.Web.Compilation.BuildManager.GetBuildResultFromCacheInternal(String cacheKey, Boolean keyFromVPP, VirtualPath virtualPath, Int64 hashCode, Boolean ensureIsUpToDate)
   at System.Web.Compilation.BuildManager.GetVPathBuildResultFromCacheInternal(VirtualPath virtualPath, Boolean ensureIsUpToDate)
   at System.Web.Compilation.BuildManager.GetVPathBuildResultInternal(VirtualPath virtualPath, Boolean noBuild, Boolean allowCrossApp, Boolean allowBuildInPrecompile, Boolean throwIfNotFound, Boolean ensureIsUpToDate)
   at System.Web.Compilation.BuildManager.GetVPathBuildResultWithNoAssert(HttpContext context, VirtualPath virtualPath, Boolean noBuild, Boolean allowCrossApp, Boolean allowBuildInPrecompile, Boolean throwIfNotFound, Boolean ensureIsUpToDate)
   at System.Web.Compilation.BuildManager.GetVPathBuildResult(HttpContext context, VirtualPath virtualPath, Boolean noBuild, Boolean allowCrossApp, Boolean allowBuildInPrecompile, Boolean ensureIsUpToDate)
   at System.Web.UI.BaseTemplateParser.GetReferencedType(VirtualPath virtualPath, Boolean allowNoCompile)
   at System.Web.UI.BaseTemplateParser.GetUserControlType(VirtualPath virtualPath)
   at System.Web.UI.MainTagNameToTypeMapper.ProcessUserControlRegistration(UserControlRegisterEntry ucRegisterEntry)
   at System.Web.UI.BaseTemplateParser.ProcessDirective(String directiveName, IDictionary directive)
   at System.Web.UI.TemplateControlParser.ProcessDirective(String directiveName, IDictionary directive)
   at System.Web.UI.TemplateParser.ParseStringInternal(String text, Encoding fileEncoding)
   --- End of inner exception stack trace ---
   at System.Web.UI.TemplateParser.ProcessException(Exception ex)
   at System.Web.UI.TemplateParser.ParseStringInternal(String text, Encoding fileEncoding)
   at System.Web.UI.TemplateParser.ParseString(String text, VirtualPath virtualPath, Encoding fileEncoding)
   at System.Web.UI.TemplateParser.ParseFile(String physicalPath, VirtualPath virtualPath)
   at System.Web.UI.TemplateParser.ParseInternal()
   at System.Web.UI.TemplateParser.Parse()
   at System.Web.Compilation.BaseTemplateBuildProvider.get_CodeCompilerType()
   at System.Web.Compilation.BuildProvider.GetCompilerTypeFromBuildProvider(BuildProvider buildProvider)
   at System.Web.Compilation.BuildProvidersCompiler.ProcessBuildProviders()
   at System.Web.Compilation.BuildProvidersCompiler.PerformBuild()
   at System.Web.Compilation.BuildManager.CompileWebFile(VirtualPath virtualPath)
   at System.Web.Compilation.BuildManager.GetVPathBuildResultInternal(VirtualPath virtualPath, Boolean noBuild, Boolean allowCrossApp, Boolean allowBuildInPrecompile, Boolean throwIfNotFound, Boolean ensureIsUpToDate)
   at System.Web.Compilation.BuildManager.GetVPathBuildResultWithNoAssert(HttpContext context, VirtualPath virtualPath, Boolean noBuild, Boolean allowCrossApp, Boolean allowBuildInPrecompile, Boolean throwIfNotFound, Boolean ensureIsUpToDate)
   at System.Web.Compilation.BuildManager.GetVPathBuildResult(HttpContext context, VirtualPath virtualPath, Boolean noBuild, Boolean allowCrossApp, Boolean allowBuildInPrecompile, Boolean ensureIsUpToDate)
   at System.Web.UI.TemplateControl.LoadControl(VirtualPath virtualPath)
   at DotNetNuke.UI.ControlUtilities.LoadControl[T](TemplateControl containerControl, String ControlSrc)
   at DotNetNuke.UI.Skins.Skin.LoadSkin(PageBase page, String skinPath)
   --- End of inner exception stack trace ---
2012-05-26 17:03:43,362 [MOBILE][Thread:9][ERROR] DotNetNuke.UI.Skins.Skin - Unhandled error loading page.
DotNetNuke.Services.Exceptions.PageLoadException: Unhandled error loading page. ---> System.Web.HttpParseException: c:\Develope\DNN6\Website\admin\Skins\User.ascx.cs(34): error CS0234: Der Typ- oder Namespacename "Notifications" ist im Namespace "DotNetNuke.Services.Social" nicht vorhanden. (Fehlt ein Assemblyverweis?) ---> System.Web.HttpCompileException: c:\Develope\DNN6\Website\admin\Skins\User.ascx.cs(34): error CS0234: Der Typ- oder Namespacename "Notifications" ist im Namespace "DotNetNuke.Services.Social" nicht vorhanden. (Fehlt ein Assemblyverweis?)
   at System.Web.Compilation.BuildManager.PostProcessFoundBuildResult(BuildResult result, Boolean keyFromVPP, VirtualPath virtualPath)
   at System.Web.Compilation.BuildManager.GetBuildResultFromCacheInternal(String cacheKey, Boolean keyFromVPP, VirtualPath virtualPath, Int64 hashCode, Boolean ensureIsUpToDate)
   at System.Web.Compilation.BuildManager.GetVPathBuildResultFromCacheInternal(VirtualPath virtualPath, Boolean ensureIsUpToDate)
   at System.Web.Compilation.BuildManager.GetVPathBuildResultInternal(VirtualPath virtualPath, Boolean noBuild, Boolean allowCrossApp, Boolean allowBuildInPrecompile, Boolean throwIfNotFound, Boolean ensureIsUpToDate)
   at System.Web.Compilation.BuildManager.GetVPathBuildResultWithNoAssert(HttpContext context, VirtualPath virtualPath, Boolean noBuild, Boolean allowCrossApp, Boolean allowBuildInPrecompile, Boolean throwIfNotFound, Boolean ensureIsUpToDate)
   at System.Web.Compilation.BuildManager.GetVPathBuildResult(HttpContext context, VirtualPath virtualPath, Boolean noBuild, Boolean allowCrossApp, Boolean allowBuildInPrecompile, Boolean ensureIsUpToDate)
   at System.Web.UI.BaseTemplateParser.GetReferencedType(VirtualPath virtualPath, Boolean allowNoCompile)
   at System.Web.UI.BaseTemplateParser.GetUserControlType(VirtualPath virtualPath)
   at System.Web.UI.MainTagNameToTypeMapper.ProcessUserControlRegistration(UserControlRegisterEntry ucRegisterEntry)
   at System.Web.UI.BaseTemplateParser.ProcessDirective(String directiveName, IDictionary directive)
   at System.Web.UI.TemplateControlParser.ProcessDirective(String directiveName, IDictionary directive)
   at System.Web.UI.TemplateParser.ParseStringInternal(String text, Encoding fileEncoding)
   --- End of inner exception stack trace ---
   at System.Web.UI.TemplateParser.ProcessException(Exception ex)
   at System.Web.UI.TemplateParser.ParseStringInternal(String text, Encoding fileEncoding)
   at System.Web.UI.TemplateParser.ParseString(String text, VirtualPath virtualPath, Encoding fileEncoding)
   at System.Web.UI.TemplateParser.ParseFile(String physicalPath, VirtualPath virtualPath)
   at System.Web.UI.TemplateParser.ParseInternal()
   at System.Web.UI.TemplateParser.Parse()
   at System.Web.Compilation.BaseTemplateBuildProvider.get_CodeCompilerType()
   at System.Web.Compilation.BuildProvider.GetCompilerTypeFromBuildProvider(BuildProvider buildProvider)
   at System.Web.Compilation.BuildProvidersCompiler.ProcessBuildProviders()
   at System.Web.Compilation.BuildProvidersCompiler.PerformBuild()
   at System.Web.Compilation.BuildManager.CompileWebFile(VirtualPath virtualPath)
   at System.Web.Compilation.BuildManager.GetVPathBuildResultInternal(VirtualPath virtualPath, Boolean noBuild, Boolean allowCrossApp, Boolean allowBuildInPrecompile, Boolean throwIfNotFound, Boolean ensureIsUpToDate)
   at System.Web.Compilation.BuildManager.GetVPathBuildResultWithNoAssert(HttpContext context, VirtualPath virtualPath, Boolean noBuild, Boolean allowCrossApp, Boolean allowBuildInPrecompile, Boolean throwIfNotFound, Boolean ensureIsUpToDate)
   at System.Web.Compilation.BuildManager.GetVPathBuildResult(HttpContext context, VirtualPath virtualPath, Boolean noBuild, Boolean allowCrossApp, Boolean allowBuildInPrecompile, Boolean ensureIsUpToDate)
   at System.Web.UI.TemplateControl.LoadControl(VirtualPath virtualPath)
   at DotNetNuke.UI.ControlUtilities.LoadControl[T](TemplateControl containerControl, String ControlSrc)
   at DotNetNuke.UI.Skins.Skin.LoadSkin(PageBase page, String skinPath)
   --- End of inner exception stack trace ---
2012-05-26 17:03:43,460 [MOBILE][Thread:9][FATAL] DotNetNuke.Framework.PageBase - An error has occurred while loading page.
System.NullReferenceException: Object reference not set to an instance of an object.
   at DotNetNuke.UI.Skins.Skin.GetSkin(PageBase page)
   at DotNetNuke.Framework.DefaultPage.OnInit(EventArgs e) in c:\Develope\DNN6\Website\Default.aspx.cs:line 639
   at System.Web.UI.Control.InitRecursive(Control namingContainer)
   at System.Web.UI.Page.ProcessRequestMain(Boolean includeStagesBeforeAsyncPoint, Boolean includeStagesAfterAsyncPoint)
2012-05-26 17:03:43,531 [MOBILE][Thread:9][ERROR] DotNetNuke.Framework.PageBase - ~/Default.aspx?tabid=55&error=An unexpected error has occurred&content=0
System.NullReferenceException: Object reference not set to an instance of an object.
   at DotNetNuke.UI.Skins.Skin.GetSkin(PageBase page)
   at DotNetNuke.Framework.DefaultPage.OnInit(EventArgs e) in c:\Develope\DNN6\Website\Default.aspx.cs:line 639
   at System.Web.UI.Control.InitRecursive(Control namingContainer)
   at System.Web.UI.Page.ProcessRequestMain(Boolean includeStagesBeforeAsyncPoint, Boolean includeStagesAfterAsyncPoint)
2012-05-26 17:03:44,471 [MOBILE][Thread:12][ERROR] DotNetNuke.UI.Skins.Skin - Unhandled error loading page.
DotNetNuke.Services.Exceptions.PageLoadException: Unhandled error loading page. ---> System.Web.HttpParseException: c:\Develope\DNN6\Website\admin\Skins\User.ascx.cs(34): error CS0234: Der Typ- oder Namespacename "Notifications" ist im Namespace "DotNetNuke.Services.Social" nicht vorhanden. (Fehlt ein Assemblyverweis?) ---> System.Web.HttpCompileException: c:\Develope\DNN6\Website\admin\Skins\User.ascx.cs(34): error CS0234: Der Typ- oder Namespacename "Notifications" ist im Namespace "DotNetNuke.Services.Social" nicht vorhanden. (Fehlt ein Assemblyverweis?)
   at System.Web.Compilation.BuildManager.PostProcessFoundBuildResult(BuildResult result, Boolean keyFromVPP, VirtualPath virtualPath)
   at System.Web.Compilation.BuildManager.GetBuildResultFromCacheInternal(String cacheKey, Boolean keyFromVPP, VirtualPath virtualPath, Int64 hashCode, Boolean ensureIsUpToDate)
   at System.Web.Compilation.BuildManager.GetVPathBuildResultFromCacheInternal(VirtualPath virtualPath, Boolean ensureIsUpToDate)
   at System.Web.Compilation.BuildManager.GetVPathBuildResultInternal(VirtualPath virtualPath, Boolean noBuild, Boolean allowCrossApp, Boolean allowBuildInPrecompile, Boolean throwIfNotFound, Boolean ensureIsUpToDate)
   at System.Web.Compilation.BuildManager.GetVPathBuildResultWithNoAssert(HttpContext context, VirtualPath virtualPath, Boolean noBuild, Boolean allowCrossApp, Boolean allowBuildInPrecompile, Boolean throwIfNotFound, Boolean ensureIsUpToDate)
   at System.Web.Compilation.BuildManager.GetVPathBuildResult(HttpContext context, VirtualPath virtualPath, Boolean noBuild, Boolean allowCrossApp, Boolean allowBuildInPrecompile, Boolean ensureIsUpToDate)
   at System.Web.UI.BaseTemplateParser.GetReferencedType(VirtualPath virtualPath, Boolean allowNoCompile)
   at System.Web.UI.BaseTemplateParser.GetUserControlType(VirtualPath virtualPath)
   at System.Web.UI.MainTagNameToTypeMapper.ProcessUserControlRegistration(UserControlRegisterEntry ucRegisterEntry)
   at System.Web.UI.BaseTemplateParser.ProcessDirective(String directiveName, IDictionary directive)
   at System.Web.UI.TemplateControlParser.ProcessDirective(String directiveName, IDictionary directive)
   at System.Web.UI.TemplateParser.ParseStringInternal(String text, Encoding fileEncoding)
   --- End of inner exception stack trace ---
   at System.Web.UI.TemplateParser.ProcessException(Exception ex)
   at System.Web.UI.TemplateParser.ParseStringInternal(String text, Encoding fileEncoding)
   at System.Web.UI.TemplateParser.ParseString(String text, VirtualPath virtualPath, Encoding fileEncoding)
   at System.Web.UI.TemplateParser.ParseFile(String physicalPath, VirtualPath virtualPath)
   at System.Web.UI.TemplateParser.ParseInternal()
   at System.Web.UI.TemplateParser.Parse()
   at System.Web.Compilation.BaseTemplateBuildProvider.get_CodeCompilerType()
   at System.Web.Compilation.BuildProvider.GetCompilerTypeFromBuildProvider(BuildProvider buildProvider)
   at System.Web.Compilation.BuildProvidersCompiler.ProcessBuildProviders()
   at System.Web.Compilation.BuildProvidersCompiler.PerformBuild()
   at System.Web.Compilation.BuildManager.CompileWebFile(VirtualPath virtualPath)
   at System.Web.Compilation.BuildManager.GetVPathBuildResultInternal(VirtualPath virtualPath, Boolean noBuild, Boolean allowCrossApp, Boolean allowBuildInPrecompile, Boolean throwIfNotFound, Boolean ensureIsUpToDate)
   at System.Web.Compilation.BuildManager.GetVPathBuildResultWithNoAssert(HttpContext context, VirtualPath virtualPath, Boolean noBuild, Boolean allowCrossApp, Boolean allowBuildInPrecompile, Boolean throwIfNotFound, Boolean ensureIsUpToDate)
   at System.Web.Compilation.BuildManager.GetVPathBuildResult(HttpContext context, VirtualPath virtualPath, Boolean noBuild, Boolean allowCrossApp, Boolean allowBuildInPrecompile, Boolean ensureIsUpToDate)
   at System.Web.UI.TemplateControl.LoadControl(VirtualPath virtualPath)
   at DotNetNuke.UI.ControlUtilities.LoadControl[T](TemplateControl containerControl, String ControlSrc)
   at DotNetNuke.UI.Skins.Skin.LoadSkin(PageBase page, String skinPath)
   --- End of inner exception stack trace ---
2012-05-26 17:03:44,740 [MOBILE][Thread:12][ERROR] DotNetNuke.UI.Skins.Skin - Unhandled error loading page.
DotNetNuke.Services.Exceptions.PageLoadException: Unhandled error loading page. ---> System.Web.HttpParseException: c:\Develope\DNN6\Website\admin\Skins\User.ascx.cs(34): error CS0234: Der Typ- oder Namespacename "Notifications" ist im Namespace "DotNetNuke.Services.Social" nicht vorhanden. (Fehlt ein Assemblyverweis?) ---> System.Web.HttpCompileException: c:\Develope\DNN6\Website\admin\Skins\User.ascx.cs(34): error CS0234: Der Typ- oder Namespacename "Notifications" ist im Namespace "DotNetNuke.Services.Social" nicht vorhanden. (Fehlt ein Assemblyverweis?)
   at System.Web.Compilation.BuildManager.PostProcessFoundBuildResult(BuildResult result, Boolean keyFromVPP, VirtualPath virtualPath)
   at System.Web.Compilation.BuildManager.GetBuildResultFromCacheInternal(String cacheKey, Boolean keyFromVPP, VirtualPath virtualPath, Int64 hashCode, Boolean ensureIsUpToDate)
   at System.Web.Compilation.BuildManager.GetVPathBuildResultFromCacheInternal(VirtualPath virtualPath, Boolean ensureIsUpToDate)
   at System.Web.Compilation.BuildManager.GetVPathBuildResultInternal(VirtualPath virtualPath, Boolean noBuild, Boolean allowCrossApp, Boolean allowBuildInPrecompile, Boolean throwIfNotFound, Boolean ensureIsUpToDate)
   at System.Web.Compilation.BuildManager.GetVPathBuildResultWithNoAssert(HttpContext context, VirtualPath virtualPath, Boolean noBuild, Boolean allowCrossApp, Boolean allowBuildInPrecompile, Boolean throwIfNotFound, Boolean ensureIsUpToDate)
   at System.Web.Compilation.BuildManager.GetVPathBuildResult(HttpContext context, VirtualPath virtualPath, Boolean noBuild, Boolean allowCrossApp, Boolean allowBuildInPrecompile, Boolean ensureIsUpToDate)
   at System.Web.UI.BaseTemplateParser.GetReferencedType(VirtualPath virtualPath, Boolean allowNoCompile)
   at System.Web.UI.BaseTemplateParser.GetUserControlType(VirtualPath virtualPath)
   at System.Web.UI.MainTagNameToTypeMapper.ProcessUserControlRegistration(UserControlRegisterEntry ucRegisterEntry)
   at System.Web.UI.BaseTemplateParser.ProcessDirective(String directiveName, IDictionary directive)
   at System.Web.UI.TemplateControlParser.ProcessDirective(String directiveName, IDictionary directive)
   at System.Web.UI.TemplateParser.ParseStringInternal(String text, Encoding fileEncoding)
   --- End of inner exception stack trace ---
   at System.Web.UI.TemplateParser.ProcessException(Exception ex)
   at System.Web.UI.TemplateParser.ParseStringInternal(String text, Encoding fileEncoding)
   at System.Web.UI.TemplateParser.ParseString(String text, VirtualPath virtualPath, Encoding fileEncoding)
   at System.Web.UI.TemplateParser.ParseFile(String physicalPath, VirtualPath virtualPath)
   at System.Web.UI.TemplateParser.ParseInternal()
   at System.Web.UI.TemplateParser.Parse()
   at System.Web.Compilation.BaseTemplateBuildProvider.get_CodeCompilerType()
   at System.Web.Compilation.BuildProvider.GetCompilerTypeFromBuildProvider(BuildProvider buildProvider)
   at System.Web.Compilation.BuildProvidersCompiler.ProcessBuildProviders()
   at System.Web.Compilation.BuildProvidersCompiler.PerformBuild()
   at System.Web.Compilation.BuildManager.CompileWebFile(VirtualPath virtualPath)
   at System.Web.Compilation.BuildManager.GetVPathBuildResultInternal(VirtualPath virtualPath, Boolean noBuild, Boolean allowCrossApp, Boolean allowBuildInPrecompile, Boolean throwIfNotFound, Boolean ensureIsUpToDate)
   at System.Web.Compilation.BuildManager.GetVPathBuildResultWithNoAssert(HttpContext context, VirtualPath virtualPath, Boolean noBuild, Boolean allowCrossApp, Boolean allowBuildInPrecompile, Boolean throwIfNotFound, Boolean ensureIsUpToDate)
   at System.Web.Compilation.BuildManager.GetVPathBuildResult(HttpContext context, VirtualPath virtualPath, Boolean noBuild, Boolean allowCrossApp, Boolean allowBuildInPrecompile, Boolean ensureIsUpToDate)
   at System.Web.UI.TemplateControl.LoadControl(VirtualPath virtualPath)
   at DotNetNuke.UI.ControlUtilities.LoadControl[T](TemplateControl containerControl, String ControlSrc)
   at DotNetNuke.UI.Skins.Skin.LoadSkin(PageBase page, String skinPath)
   --- End of inner exception stack trace ---
2012-05-26 17:03:44,851 [MOBILE][Thread:12][FATAL] DotNetNuke.Framework.PageBase - An error has occurred while loading page.
System.NullReferenceException: Object reference not set to an instance of an object.
   at DotNetNuke.UI.Skins.Skin.GetSkin(PageBase page)
   at DotNetNuke.Framework.DefaultPage.OnInit(EventArgs e) in c:\Develope\DNN6\Website\Default.aspx.cs:line 639
   at System.Web.UI.Control.InitRecursive(Control namingContainer)
   at System.Web.UI.Page.ProcessRequestMain(Boolean includeStagesBeforeAsyncPoint, Boolean includeStagesAfterAsyncPoint)
2012-05-26 17:03:44,870 [MOBILE][Thread:12][ERROR] DotNetNuke.Framework.PageBase - ~/Default.aspx?tabid=55&error=terminate
System.NullReferenceException: Object reference not set to an instance of an object.
   at DotNetNuke.UI.Skins.Skin.GetSkin(PageBase page)
   at DotNetNuke.Framework.DefaultPage.OnInit(EventArgs e) in c:\Develope\DNN6\Website\Default.aspx.cs:line 639
   at System.Web.UI.Control.InitRecursive(Control namingContainer)
   at System.Web.UI.Page.ProcessRequestMain(Boolean includeStagesBeforeAsyncPoint, Boolean includeStagesAfterAsyncPoint)
2012-05-26 17:03:45,639 [MOBILE][Thread:12][ERROR] DotNetNuke.Services.Exceptions.ErrorPage - Object reference not set to an instance of an object.
DotNetNuke.Services.Exceptions.PageLoadException: Object reference not set to an instance of an object. ---> System.NullReferenceException: Object reference not set to an instance of an object.
   at DotNetNuke.UI.Skins.Skin.GetSkin(PageBase page)
   at DotNetNuke.Framework.DefaultPage.OnInit(EventArgs e) in c:\Develope\DNN6\Website\Default.aspx.cs:line 639
   at System.Web.UI.Control.InitRecursive(Control namingContainer)
   at System.Web.UI.Page.ProcessRequestMain(Boolean includeStagesBeforeAsyncPoint, Boolean includeStagesAfterAsyncPoint)
   --- End of inner exception stack trace ---
2012-05-26 17:37:34,968 [MOBILE][Thread:5][FATAL] DotNetNuke.Framework.PageBase - An error has occurred while loading page.
System.Web.HttpParseException (0x80004005): (0): error CS1705: Die Assembly "DotNetNuke.Web, Version=6.2.0.1569, Culture=neutral, PublicKeyToken=null" verwendet "Telerik.Web.UI, Version=2012.1.411.35, Culture=neutral, PublicKeyToken=121fae78165ba3d4" mit einer höheren Versionsnummer als die Assembly "Telerik.Web.UI, Version=2011.3.1115.35, Culture=neutral, PublicKeyToken=121fae78165ba3d4", auf die verwiesen wird. ---> System.Web.HttpCompileException (0x80004005): (0): error CS1705: Die Assembly "DotNetNuke.Web, Version=6.2.0.1569, Culture=neutral, PublicKeyToken=null" verwendet "Telerik.Web.UI, Version=2012.1.411.35, Culture=neutral, PublicKeyToken=121fae78165ba3d4" mit einer höheren Versionsnummer als die Assembly "Telerik.Web.UI, Version=2011.3.1115.35, Culture=neutral, PublicKeyToken=121fae78165ba3d4", auf die verwiesen wird.
   at System.Web.Compilation.AssemblyBuilder.Compile()
   at System.Web.Compilation.BuildProvidersCompiler.PerformBuild()
   at System.Web.Compilation.BuildManager.CompileWebFile(VirtualPath virtualPath)
   at System.Web.Compilation.BuildManager.GetVPathBuildResultInternal(VirtualPath virtualPath, Boolean noBuild, Boolean allowCrossApp, Boolean allowBuildInPrecompile, Boolean throwIfNotFound, Boolean ensureIsUpToDate)
   at System.Web.Compilation.BuildManager.GetVPathBuildResultWithNoAssert(HttpContext context, VirtualPath virtualPath, Boolean noBuild, Boolean allowCrossApp, Boolean allowBuildInPrecompile, Boolean throwIfNotFound, Boolean ensureIsUpToDate)
   at System.Web.Compilation.BuildManager.GetVPathBuildResult(HttpContext context, VirtualPath virtualPath, Boolean noBuild, Boolean allowCrossApp, Boolean allowBuildInPrecompile, Boolean ensureIsUpToDate)
   at System.Web.UI.BaseTemplateParser.GetReferencedType(VirtualPath virtualPath, Boolean allowNoCompile)
   at System.Web.UI.BaseTemplateParser.GetUserControlType(VirtualPath virtualPath)
   at System.Web.UI.MainTagNameToTypeMapper.ProcessUserControlRegistration(UserControlRegisterEntry ucRegisterEntry)
   at System.Web.UI.BaseTemplateParser.ProcessDirective(String directiveName, IDictionary directive)
   at System.Web.UI.TemplateControlParser.ProcessDirective(String directiveName, IDictionary directive)
   at System.Web.UI.TemplateParser.ParseStringInternal(String text, Encoding fileEncoding)
   at System.Web.UI.TemplateParser.ProcessException(Exception ex)
   at System.Web.UI.TemplateParser.ParseStringInternal(String text, Encoding fileEncoding)
   at System.Web.UI.TemplateParser.ParseString(String text, VirtualPath virtualPath, Encoding fileEncoding)
   at System.Web.UI.TemplateParser.ParseFile(String physicalPath, VirtualPath virtualPath)
   at System.Web.UI.TemplateParser.ParseInternal()
   at System.Web.UI.TemplateParser.Parse()
   at System.Web.Compilation.BaseTemplateBuildProvider.get_CodeCompilerType()
   at System.Web.Compilation.BuildProvider.GetCompilerTypeFromBuildProvider(BuildProvider buildProvider)
   at System.Web.Compilation.BuildProvidersCompiler.ProcessBuildProviders()
   at System.Web.Compilation.BuildProvidersCompiler.PerformBuild()
   at System.Web.Compilation.BuildManager.CompileWebFile(VirtualPath virtualPath)
   at System.Web.Compilation.BuildManager.GetVPathBuildResultInternal(VirtualPath virtualPath, Boolean noBuild, Boolean allowCrossApp, Boolean allowBuildInPrecompile, Boolean throwIfNotFound, Boolean ensureIsUpToDate)
   at System.Web.Compilation.BuildManager.GetVPathBuildResultWithNoAssert(HttpContext context, VirtualPath virtualPath, Boolean noBuild, Boolean allowCrossApp, Boolean allowBuildInPrecompile, Boolean throwIfNotFound, Boolean ensureIsUpToDate)
   at System.Web.Compilation.BuildManager.GetVPathBuildResult(HttpContext context, VirtualPath virtualPath, Boolean noBuild, Boolean allowCrossApp, Boolean allowBuildInPrecompile, Boolean ensureIsUpToDate)
   at System.Web.UI.TemplateControl.LoadControl(VirtualPath virtualPath)
   at DotNetNuke.UI.ControlUtilities.LoadControl[T](TemplateControl containerControl, String ControlSrc)
   at DotNetNuke.UI.Skins.Controls.ControlPanel.OnInit(EventArgs e)
   at System.Web.UI.Control.InitRecursive(Control namingContainer)
   at System.Web.UI.Control.InitRecursive(Control namingContainer)
   at System.Web.UI.Control.AddedControl(Control control, Int32 index)
   at System.Web.UI.ControlCollection.Add(Control child)
   at DotNetNuke.Framework.DefaultPage.OnInit(EventArgs e) in c:\Develope\DNN6\Website\Default.aspx.cs:line 717
   at System.Web.UI.Control.InitRecursive(Control namingContainer)
   at System.Web.UI.Page.ProcessRequestMain(Boolean includeStagesBeforeAsyncPoint, Boolean includeStagesAfterAsyncPoint)
2012-05-26 17:37:35,266 [MOBILE][Thread:5][ERROR] DotNetNuke.Services.Exceptions.ErrorPage - (0): error CS1705: Die Assembly "DotNetNuke.Web, Version=6.2.0.1569, Culture=neutral, PublicKeyToken=null" verwendet "Telerik.Web.UI, Version=2012.1.411.35, Culture=neutral, PublicKeyToken=121fae78165ba3d4" mit einer höheren Versionsnummer als die Assembly "Telerik.Web.UI, Version=2011.3.1115.35, Culture=neutral, PublicKeyToken=121fae78165ba3d4", auf die verwiesen wird.
DotNetNuke.Services.Exceptions.PageLoadException: (0): error CS1705: Die Assembly "DotNetNuke.Web, Version=6.2.0.1569, Culture=neutral, PublicKeyToken=null" verwendet "Telerik.Web.UI, Version=2012.1.411.35, Culture=neutral, PublicKeyToken=121fae78165ba3d4" mit einer höheren Versionsnummer als die Assembly "Telerik.Web.UI, Version=2011.3.1115.35, Culture=neutral, PublicKeyToken=121fae78165ba3d4", auf die verwiesen wird. ---> System.Web.HttpParseException: (0): error CS1705: Die Assembly "DotNetNuke.Web, Version=6.2.0.1569, Culture=neutral, PublicKeyToken=null" verwendet "Telerik.Web.UI, Version=2012.1.411.35, Culture=neutral, PublicKeyToken=121fae78165ba3d4" mit einer höheren Versionsnummer als die Assembly "Telerik.Web.UI, Version=2011.3.1115.35, Culture=neutral, PublicKeyToken=121fae78165ba3d4", auf die verwiesen wird. ---> System.Web.HttpCompileException: (0): error CS1705: Die Assembly "DotNetNuke.Web, Version=6.2.0.1569, Culture=neutral, PublicKeyToken=null" verwendet "Telerik.Web.UI, Version=2012.1.411.35, Culture=neutral, PublicKeyToken=121fae78165ba3d4" mit einer höheren Versionsnummer als die Assembly "Telerik.Web.UI, Version=2011.3.1115.35, Culture=neutral, PublicKeyToken=121fae78165ba3d4", auf die verwiesen wird.
   at System.Web.Compilation.AssemblyBuilder.Compile()
   at System.Web.Compilation.BuildProvidersCompiler.PerformBuild()
   at System.Web.Compilation.BuildManager.CompileWebFile(VirtualPath virtualPath)
   at System.Web.Compilation.BuildManager.GetVPathBuildResultInternal(VirtualPath virtualPath, Boolean noBuild, Boolean allowCrossApp, Boolean allowBuildInPrecompile, Boolean throwIfNotFound, Boolean ensureIsUpToDate)
   at System.Web.Compilation.BuildManager.GetVPathBuildResultWithNoAssert(HttpContext context, VirtualPath virtualPath, Boolean noBuild, Boolean allowCrossApp, Boolean allowBuildInPrecompile, Boolean throwIfNotFound, Boolean ensureIsUpToDate)
   at System.Web.Compilation.BuildManager.GetVPathBuildResult(HttpContext context, VirtualPath virtualPath, Boolean noBuild, Boolean allowCrossApp, Boolean allowBuildInPrecompile, Boolean ensureIsUpToDate)
   at System.Web.UI.BaseTemplateParser.GetReferencedType(VirtualPath virtualPath, Boolean allowNoCompile)
   at System.Web.UI.BaseTemplateParser.GetUserControlType(VirtualPath virtualPath)
   at System.Web.UI.MainTagNameToTypeMapper.ProcessUserControlRegistration(UserControlRegisterEntry ucRegisterEntry)
   at System.Web.UI.BaseTemplateParser.ProcessDirective(String directiveName, IDictionary directive)
   at System.Web.UI.TemplateControlParser.ProcessDirective(String directiveName, IDictionary directive)
   at System.Web.UI.TemplateParser.ParseStringInternal(String text, Encoding fileEncoding)
   --- End of inner exception stack trace ---
   at System.Web.UI.TemplateParser.ProcessException(Exception ex)
   at System.Web.UI.TemplateParser.ParseStringInternal(String text, Encoding fileEncoding)
   at System.Web.UI.TemplateParser.ParseString(String text, VirtualPath virtualPath, Encoding fileEncoding)
   at System.Web.UI.TemplateParser.ParseFile(String physicalPath, VirtualPath virtualPath)
   at System.Web.UI.TemplateParser.ParseInternal()
   at System.Web.UI.TemplateParser.Parse()
   at System.Web.Compilation.BaseTemplateBuildProvider.get_CodeCompilerType()
   at System.Web.Compilation.BuildProvider.GetCompilerTypeFromBuildProvider(BuildProvider buildProvider)
   at System.Web.Compilation.BuildProvidersCompiler.ProcessBuildProviders()
   at System.Web.Compilation.BuildProvidersCompiler.PerformBuild()
   at System.Web.Compilation.BuildManager.CompileWebFile(VirtualPath virtualPath)
   at System.Web.Compilation.BuildManager.GetVPathBuildResultInternal(VirtualPath virtualPath, Boolean noBuild, Boolean allowCrossApp, Boolean allowBuildInPrecompile, Boolean throwIfNotFound, Boolean ensureIsUpToDate)
   at System.Web.Compilation.BuildManager.GetVPathBuildResultWithNoAssert(HttpContext context, VirtualPath virtualPath, Boolean noBuild, Boolean allowCrossApp, Boolean allowBuildInPrecompile, Boolean throwIfNotFound, Boolean ensureIsUpToDate)
   at System.Web.Compilation.BuildManager.GetVPathBuildResult(HttpContext context, VirtualPath virtualPath, Boolean noBuild, Boolean allowCrossApp, Boolean allowBuildInPrecompile, Boolean ensureIsUpToDate)
   at System.Web.UI.TemplateControl.LoadControl(VirtualPath virtualPath)
   at DotNetNuke.UI.ControlUtilities.LoadControl[T](TemplateControl containerControl, String ControlSrc)
   at DotNetNuke.UI.Skins.Controls.ControlPanel.OnInit(EventArgs e)
   at System.Web.UI.Control.InitRecursive(Control namingContainer)
   at System.Web.UI.Control.InitRecursive(Control namingContainer)
   at System.Web.UI.Control.AddedControl(Control control, Int32 index)
   at System.Web.UI.ControlCollection.Add(Control child)
   at DotNetNuke.Framework.DefaultPage.OnInit(EventArgs e) in c:\Develope\DNN6\Website\Default.aspx.cs:line 717
   at System.Web.UI.Control.InitRecursive(Control namingContainer)
   at System.Web.UI.Page.ProcessRequestMain(Boolean includeStagesBeforeAsyncPoint, Boolean includeStagesAfterAsyncPoint)
   --- End of inner exception stack trace ---
2012-05-26 17:41:23,639 [MOBILE][Thread:14][FATAL] DotNetNuke.Framework.PageBase - An error has occurred while loading page.
System.Web.HttpParseException (0x80004005): (0): error CS1705: Die Assembly "DotNetNuke.Web, Version=6.2.0.1569, Culture=neutral, PublicKeyToken=null" verwendet "Telerik.Web.UI, Version=2012.1.411.35, Culture=neutral, PublicKeyToken=121fae78165ba3d4" mit einer höheren Versionsnummer als die Assembly "Telerik.Web.UI, Version=2011.3.1115.35, Culture=neutral, PublicKeyToken=121fae78165ba3d4", auf die verwiesen wird. ---> System.Web.HttpCompileException (0x80004005): (0): error CS1705: Die Assembly "DotNetNuke.Web, Version=6.2.0.1569, Culture=neutral, PublicKeyToken=null" verwendet "Telerik.Web.UI, Version=2012.1.411.35, Culture=neutral, PublicKeyToken=121fae78165ba3d4" mit einer höheren Versionsnummer als die Assembly "Telerik.Web.UI, Version=2011.3.1115.35, Culture=neutral, PublicKeyToken=121fae78165ba3d4", auf die verwiesen wird.
   at System.Web.Compilation.AssemblyBuilder.Compile()
   at System.Web.Compilation.BuildProvidersCompiler.PerformBuild()
   at System.Web.Compilation.BuildManager.CompileWebFile(VirtualPath virtualPath)
   at System.Web.Compilation.BuildManager.GetVPathBuildResultInternal(VirtualPath virtualPath, Boolean noBuild, Boolean allowCrossApp, Boolean allowBuildInPrecompile, Boolean throwIfNotFound, Boolean ensureIsUpToDate)
   at System.Web.Compilation.BuildManager.GetVPathBuildResultWithNoAssert(HttpContext context, VirtualPath virtualPath, Boolean noBuild, Boolean allowCrossApp, Boolean allowBuildInPrecompile, Boolean throwIfNotFound, Boolean ensureIsUpToDate)
   at System.Web.Compilation.BuildManager.GetVPathBuildResult(HttpContext context, VirtualPath virtualPath, Boolean noBuild, Boolean allowCrossApp, Boolean allowBuildInPrecompile, Boolean ensureIsUpToDate)
   at System.Web.UI.BaseTemplateParser.GetReferencedType(VirtualPath virtualPath, Boolean allowNoCompile)
   at System.Web.UI.BaseTemplateParser.GetUserControlType(VirtualPath virtualPath)
   at System.Web.UI.MainTagNameToTypeMapper.ProcessUserControlRegistration(UserControlRegisterEntry ucRegisterEntry)
   at System.Web.UI.BaseTemplateParser.ProcessDirective(String directiveName, IDictionary directive)
   at System.Web.UI.TemplateControlParser.ProcessDirective(String directiveName, IDictionary directive)
   at System.Web.UI.TemplateParser.ParseStringInternal(String text, Encoding fileEncoding)
   at System.Web.UI.TemplateParser.ProcessException(Exception ex)
   at System.Web.UI.TemplateParser.ParseStringInternal(String text, Encoding fileEncoding)
   at System.Web.UI.TemplateParser.ParseString(String text, VirtualPath virtualPath, Encoding fileEncoding)
   at System.Web.UI.TemplateParser.ParseFile(String physicalPath, VirtualPath virtualPath)
   at System.Web.UI.TemplateParser.ParseInternal()
   at System.Web.UI.TemplateParser.Parse()
   at System.Web.Compilation.BaseTemplateBuildProvider.get_CodeCompilerType()
   at System.Web.Compilation.BuildProvider.GetCompilerTypeFromBuildProvider(BuildProvider buildProvider)
   at System.Web.Compilation.BuildProvidersCompiler.ProcessBuildProviders()
   at System.Web.Compilation.BuildProvidersCompiler.PerformBuild()
   at System.Web.Compilation.BuildManager.CompileWebFile(VirtualPath virtualPath)
   at System.Web.Compilation.BuildManager.GetVPathBuildResultInternal(VirtualPath virtualPath, Boolean noBuild, Boolean allowCrossApp, Boolean allowBuildInPrecompile, Boolean throwIfNotFound, Boolean ensureIsUpToDate)
   at System.Web.Compilation.BuildManager.GetVPathBuildResultWithNoAssert(HttpContext context, VirtualPath virtualPath, Boolean noBuild, Boolean allowCrossApp, Boolean allowBuildInPrecompile, Boolean throwIfNotFound, Boolean ensureIsUpToDate)
   at System.Web.Compilation.BuildManager.GetVPathBuildResult(HttpContext context, VirtualPath virtualPath, Boolean noBuild, Boolean allowCrossApp, Boolean allowBuildInPrecompile, Boolean ensureIsUpToDate)
   at System.Web.UI.TemplateControl.LoadControl(VirtualPath virtualPath)
   at DotNetNuke.UI.ControlUtilities.LoadControl[T](TemplateControl containerControl, String ControlSrc)
   at DotNetNuke.UI.Skins.Controls.ControlPanel.OnInit(EventArgs e)
   at System.Web.UI.Control.InitRecursive(Control namingContainer)
   at System.Web.UI.Control.InitRecursive(Control namingContainer)
   at System.Web.UI.Control.AddedControl(Control control, Int32 index)
   at System.Web.UI.ControlCollection.Add(Control child)
   at DotNetNuke.Framework.DefaultPage.OnInit(EventArgs e) in c:\Develope\DNN6\Website\Default.aspx.cs:line 717
   at System.Web.UI.Control.InitRecursive(Control namingContainer)
   at System.Web.UI.Page.ProcessRequestMain(Boolean includeStagesBeforeAsyncPoint, Boolean includeStagesAfterAsyncPoint)
2012-05-26 17:41:23,701 [MOBILE][Thread:14][ERROR] DotNetNuke.Services.Exceptions.ErrorPage - (0): error CS1705: Die Assembly "DotNetNuke.Web, Version=6.2.0.1569, Culture=neutral, PublicKeyToken=null" verwendet "Telerik.Web.UI, Version=2012.1.411.35, Culture=neutral, PublicKeyToken=121fae78165ba3d4" mit einer höheren Versionsnummer als die Assembly "Telerik.Web.UI, Version=2011.3.1115.35, Culture=neutral, PublicKeyToken=121fae78165ba3d4", auf die verwiesen wird.
DotNetNuke.Services.Exceptions.PageLoadException: (0): error CS1705: Die Assembly "DotNetNuke.Web, Version=6.2.0.1569, Culture=neutral, PublicKeyToken=null" verwendet "Telerik.Web.UI, Version=2012.1.411.35, Culture=neutral, PublicKeyToken=121fae78165ba3d4" mit einer höheren Versionsnummer als die Assembly "Telerik.Web.UI, Version=2011.3.1115.35, Culture=neutral, PublicKeyToken=121fae78165ba3d4", auf die verwiesen wird. ---> System.Web.HttpParseException: (0): error CS1705: Die Assembly "DotNetNuke.Web, Version=6.2.0.1569, Culture=neutral, PublicKeyToken=null" verwendet "Telerik.Web.UI, Version=2012.1.411.35, Culture=neutral, PublicKeyToken=121fae78165ba3d4" mit einer höheren Versionsnummer als die Assembly "Telerik.Web.UI, Version=2011.3.1115.35, Culture=neutral, PublicKeyToken=121fae78165ba3d4", auf die verwiesen wird. ---> System.Web.HttpCompileException: (0): error CS1705: Die Assembly "DotNetNuke.Web, Version=6.2.0.1569, Culture=neutral, PublicKeyToken=null" verwendet "Telerik.Web.UI, Version=2012.1.411.35, Culture=neutral, PublicKeyToken=121fae78165ba3d4" mit einer höheren Versionsnummer als die Assembly "Telerik.Web.UI, Version=2011.3.1115.35, Culture=neutral, PublicKeyToken=121fae78165ba3d4", auf die verwiesen wird.
   at System.Web.Compilation.AssemblyBuilder.Compile()
   at System.Web.Compilation.BuildProvidersCompiler.PerformBuild()
   at System.Web.Compilation.BuildManager.CompileWebFile(VirtualPath virtualPath)
   at System.Web.Compilation.BuildManager.GetVPathBuildResultInternal(VirtualPath virtualPath, Boolean noBuild, Boolean allowCrossApp, Boolean allowBuildInPrecompile, Boolean throwIfNotFound, Boolean ensureIsUpToDate)
   at System.Web.Compilation.BuildManager.GetVPathBuildResultWithNoAssert(HttpContext context, VirtualPath virtualPath, Boolean noBuild, Boolean allowCrossApp, Boolean allowBuildInPrecompile, Boolean throwIfNotFound, Boolean ensureIsUpToDate)
   at System.Web.Compilation.BuildManager.GetVPathBuildResult(HttpContext context, VirtualPath virtualPath, Boolean noBuild, Boolean allowCrossApp, Boolean allowBuildInPrecompile, Boolean ensureIsUpToDate)
   at System.Web.UI.BaseTemplateParser.GetReferencedType(VirtualPath virtualPath, Boolean allowNoCompile)
   at System.Web.UI.BaseTemplateParser.GetUserControlType(VirtualPath virtualPath)
   at System.Web.UI.MainTagNameToTypeMapper.ProcessUserControlRegistration(UserControlRegisterEntry ucRegisterEntry)
   at System.Web.UI.BaseTemplateParser.ProcessDirective(String directiveName, IDictionary directive)
   at System.Web.UI.TemplateControlParser.ProcessDirective(String directiveName, IDictionary directive)
   at System.Web.UI.TemplateParser.ParseStringInternal(String text, Encoding fileEncoding)
   --- End of inner exception stack trace ---
   at System.Web.UI.TemplateParser.ProcessException(Exception ex)
   at System.Web.UI.TemplateParser.ParseStringInternal(String text, Encoding fileEncoding)
   at System.Web.UI.TemplateParser.ParseString(String text, VirtualPath virtualPath, Encoding fileEncoding)
   at System.Web.UI.TemplateParser.ParseFile(String physicalPath, VirtualPath virtualPath)
   at System.Web.UI.TemplateParser.ParseInternal()
   at System.Web.UI.TemplateParser.Parse()
   at System.Web.Compilation.BaseTemplateBuildProvider.get_CodeCompilerType()
   at System.Web.Compilation.BuildProvider.GetCompilerTypeFromBuildProvider(BuildProvider buildProvider)
   at System.Web.Compilation.BuildProvidersCompiler.ProcessBuildProviders()
   at System.Web.Compilation.BuildProvidersCompiler.PerformBuild()
   at System.Web.Compilation.BuildManager.CompileWebFile(VirtualPath virtualPath)
   at System.Web.Compilation.BuildManager.GetVPathBuildResultInternal(VirtualPath virtualPath, Boolean noBuild, Boolean allowCrossApp, Boolean allowBuildInPrecompile, Boolean throwIfNotFound, Boolean ensureIsUpToDate)
   at System.Web.Compilation.BuildManager.GetVPathBuildResultWithNoAssert(HttpContext context, VirtualPath virtualPath, Boolean noBuild, Boolean allowCrossApp, Boolean allowBuildInPrecompile, Boolean throwIfNotFound, Boolean ensureIsUpToDate)
   at System.Web.Compilation.BuildManager.GetVPathBuildResult(HttpContext context, VirtualPath virtualPath, Boolean noBuild, Boolean allowCrossApp, Boolean allowBuildInPrecompile, Boolean ensureIsUpToDate)
   at System.Web.UI.TemplateControl.LoadControl(VirtualPath virtualPath)
   at DotNetNuke.UI.ControlUtilities.LoadControl[T](TemplateControl containerControl, String ControlSrc)
   at DotNetNuke.UI.Skins.Controls.ControlPanel.OnInit(EventArgs e)
   at System.Web.UI.Control.InitRecursive(Control namingContainer)
   at System.Web.UI.Control.InitRecursive(Control namingContainer)
   at System.Web.UI.Control.AddedControl(Control control, Int32 index)
   at System.Web.UI.ControlCollection.Add(Control child)
   at DotNetNuke.Framework.DefaultPage.OnInit(EventArgs e) in c:\Develope\DNN6\Website\Default.aspx.cs:line 717
   at System.Web.UI.Control.InitRecursive(Control namingContainer)
   at System.Web.UI.Page.ProcessRequestMain(Boolean includeStagesBeforeAsyncPoint, Boolean includeStagesAfterAsyncPoint)
   --- End of inner exception stack trace ---
